ERROR - 2023-12-03 00:00:56 --> Email: sendWithSmtp throwed ErrorException: fsockopen(): Unable to connect to ssl://smtp.google.com:587 (Connection timed out) in /opt/lampp/htdocs/SportClubv1/vendor/codeigniter4/framework/system/Email/Email.php:1886
Stack trace:
#0 [internal function]: CodeIgniter\Debug\Exceptions->errorHandler(2, 'fsockopen(): Un...', '/opt/lampp/htdo...', 1886)
#1 /opt/lampp/htdocs/SportClubv1/vendor/codeigniter4/framework/system/Email/Email.php(1886): fsockopen('ssl://smtp.goog...', 587, NULL, NULL, 60)
#2 /opt/lampp/htdocs/SportClubv1/vendor/codeigniter4/framework/system/Email/Email.php(1799): CodeIgniter\Email\Email->SMTPConnect()
#3 /opt/lampp/htdocs/SportClubv1/vendor/codeigniter4/framework/system/Email/Email.php(1684): CodeIgniter\Email\Email->sendWithSmtp()
#4 /opt/lampp/htdocs/SportClubv1/vendor/codeigniter4/framework/system/Email/Email.php(1578): CodeIgniter\Email\Email->spoolEmail()
#5 /opt/lampp/htdocs/SportClubv1/app/Controllers/MailController.php(38): CodeIgniter\Email\Email->send()
#6 /opt/lampp/htdocs/SportClubv1/vendor/codeigniter4/framework/system/CodeIgniter.php(942): App\Controllers\MailController->decline('31')
#7 /opt/lampp/htdocs/SportClubv1/vendor/codeigniter4/framework/system/CodeIgniter.php(502): CodeIgniter\CodeIgniter->runController(Object(App\Controllers\MailController))
#8 /opt/lampp/htdocs/SportClubv1/vendor/codeigniter4/framework/system/CodeIgniter.php(361): CodeIgniter\CodeIgniter->handleRequest(NULL, Object(Config\Cache), false)
#9 /opt/lampp/htdocs/SportClubv1/index.php(79): CodeIgniter\CodeIgniter->run()
#10 {main}
ERROR - 2023-12-03 00:00:56 --> Email: Unable to send email using SMTP. Your server might not be configured to send mail using this method.
ERROR - 2023-12-03 00:00:56 --> 
INFO - 2023-12-03 10:51:33 --> Session: Class initialized using 'CodeIgniter\Session\Handlers\FileHandler' driver.
INFO - 2023-12-03 10:51:47 --> Session: Class initialized using 'CodeIgniter\Session\Handlers\FileHandler' driver.
INFO - 2023-12-03 10:51:47 --> Session: Class initialized using 'CodeIgniter\Session\Handlers\FileHandler' driver.
INFO - 2023-12-03 10:51:59 --> Session: Class initialized using 'CodeIgniter\Session\Handlers\FileHandler' driver.
INFO - 2023-12-03 10:52:01 --> Session: Class initialized using 'CodeIgniter\Session\Handlers\FileHandler' driver.
INFO - 2023-12-03 10:52:02 --> Session: Class initialized using 'CodeIgniter\Session\Handlers\FileHandler' driver.
INFO - 2023-12-03 10:52:04 --> Session: Class initialized using 'CodeIgniter\Session\Handlers\FileHandler' driver.
INFO - 2023-12-03 10:52:21 --> Session: Class initialized using 'CodeIgniter\Session\Handlers\FileHandler' driver.
INFO - 2023-12-03 10:52:29 --> Session: Class initialized using 'CodeIgniter\Session\Handlers\FileHandler' driver.
INFO - 2023-12-03 10:52:29 --> Session: Class initialized using 'CodeIgniter\Session\Handlers\FileHandler' driver.
ERROR - 2023-12-03 10:54:54 --> Email: sendWithSmtp throwed ErrorException: fsockopen(): Unable to connect to ssl://smtp.google.com:587 (Connection timed out) in /opt/lampp/htdocs/SportClubv1/vendor/codeigniter4/framework/system/Email/Email.php:1886
Stack trace:
#0 [internal function]: CodeIgniter\Debug\Exceptions->errorHandler(2, 'fsockopen(): Un...', '/opt/lampp/htdo...', 1886)
#1 /opt/lampp/htdocs/SportClubv1/vendor/codeigniter4/framework/system/Email/Email.php(1886): fsockopen('ssl://smtp.goog...', 587, NULL, NULL, 60)
#2 /opt/lampp/htdocs/SportClubv1/vendor/codeigniter4/framework/system/Email/Email.php(1799): CodeIgniter\Email\Email->SMTPConnect()
#3 /opt/lampp/htdocs/SportClubv1/vendor/codeigniter4/framework/system/Email/Email.php(1684): CodeIgniter\Email\Email->sendWithSmtp()
#4 /opt/lampp/htdocs/SportClubv1/vendor/codeigniter4/framework/system/Email/Email.php(1578): CodeIgniter\Email\Email->spoolEmail()
#5 /opt/lampp/htdocs/SportClubv1/app/Controllers/MailController.php(38): CodeIgniter\Email\Email->send()
#6 /opt/lampp/htdocs/SportClubv1/vendor/codeigniter4/framework/system/CodeIgniter.php(942): App\Controllers\MailController->decline('31')
#7 /opt/lampp/htdocs/SportClubv1/vendor/codeigniter4/framework/system/CodeIgniter.php(502): CodeIgniter\CodeIgniter->runController(Object(App\Controllers\MailController))
#8 /opt/lampp/htdocs/SportClubv1/vendor/codeigniter4/framework/system/CodeIgniter.php(361): CodeIgniter\CodeIgniter->handleRequest(NULL, Object(Config\Cache), false)
#9 /opt/lampp/htdocs/SportClubv1/index.php(79): CodeIgniter\CodeIgniter->run()
#10 {main}
ERROR - 2023-12-03 10:54:54 --> Email: Unable to send email using SMTP. Your server might not be configured to send mail using this method.
ERROR - 2023-12-03 10:54:54 --> 
INFO - 2023-12-03 11:06:56 --> Session: Class initialized using 'CodeIgniter\Session\Handlers\FileHandler' driver.
ERROR - 2023-12-03 11:08:13 --> Email: sendWithSmtp throwed ErrorException: fsockopen(): Unable to connect to ssl://smtp.google.com:587 (Connection timed out) in /opt/lampp/htdocs/SportClubv1/vendor/codeigniter4/framework/system/Email/Email.php:1886
Stack trace:
#0 [internal function]: CodeIgniter\Debug\Exceptions->errorHandler(2, 'fsockopen(): Un...', '/opt/lampp/htdo...', 1886)
#1 /opt/lampp/htdocs/SportClubv1/vendor/codeigniter4/framework/system/Email/Email.php(1886): fsockopen('ssl://smtp.goog...', 587, NULL, NULL, 60)
#2 /opt/lampp/htdocs/SportClubv1/vendor/codeigniter4/framework/system/Email/Email.php(1799): CodeIgniter\Email\Email->SMTPConnect()
#3 /opt/lampp/htdocs/SportClubv1/vendor/codeigniter4/framework/system/Email/Email.php(1684): CodeIgniter\Email\Email->sendWithSmtp()
#4 /opt/lampp/htdocs/SportClubv1/vendor/codeigniter4/framework/system/Email/Email.php(1578): CodeIgniter\Email\Email->spoolEmail()
#5 /opt/lampp/htdocs/SportClubv1/app/Controllers/MailController.php(38): CodeIgniter\Email\Email->send()
#6 /opt/lampp/htdocs/SportClubv1/vendor/codeigniter4/framework/system/CodeIgniter.php(942): App\Controllers\MailController->decline('31')
#7 /opt/lampp/htdocs/SportClubv1/vendor/codeigniter4/framework/system/CodeIgniter.php(502): CodeIgniter\CodeIgniter->runController(Object(App\Controllers\MailController))
#8 /opt/lampp/htdocs/SportClubv1/vendor/codeigniter4/framework/system/CodeIgniter.php(361): CodeIgniter\CodeIgniter->handleRequest(NULL, Object(Config\Cache), false)
#9 /opt/lampp/htdocs/SportClubv1/index.php(79): CodeIgniter\CodeIgniter->run()
#10 {main}
ERROR - 2023-12-03 11:08:13 --> Email: Unable to send email using SMTP. Your server might not be configured to send mail using this method.
ERROR - 2023-12-03 11:08:13 --> 
ERROR - 2023-12-03 11:11:46 --> Email: sendWithSmtp throwed ErrorException: fsockopen(): Unable to connect to ssl://smtp.google.com:587 (Connection timed out) in /opt/lampp/htdocs/SportClubv1/vendor/codeigniter4/framework/system/Email/Email.php:1886
Stack trace:
#0 [internal function]: CodeIgniter\Debug\Exceptions->errorHandler(2, 'fsockopen(): Un...', '/opt/lampp/htdo...', 1886)
#1 /opt/lampp/htdocs/SportClubv1/vendor/codeigniter4/framework/system/Email/Email.php(1886): fsockopen('ssl://smtp.goog...', 587, NULL, NULL, 60)
#2 /opt/lampp/htdocs/SportClubv1/vendor/codeigniter4/framework/system/Email/Email.php(1799): CodeIgniter\Email\Email->SMTPConnect()
#3 /opt/lampp/htdocs/SportClubv1/vendor/codeigniter4/framework/system/Email/Email.php(1684): CodeIgniter\Email\Email->sendWithSmtp()
#4 /opt/lampp/htdocs/SportClubv1/vendor/codeigniter4/framework/system/Email/Email.php(1578): CodeIgniter\Email\Email->spoolEmail()
#5 /opt/lampp/htdocs/SportClubv1/app/Controllers/MailController.php(38): CodeIgniter\Email\Email->send()
#6 /opt/lampp/htdocs/SportClubv1/vendor/codeigniter4/framework/system/CodeIgniter.php(942): App\Controllers\MailController->decline('31')
#7 /opt/lampp/htdocs/SportClubv1/vendor/codeigniter4/framework/system/CodeIgniter.php(502): CodeIgniter\CodeIgniter->runController(Object(App\Controllers\MailController))
#8 /opt/lampp/htdocs/SportClubv1/vendor/codeigniter4/framework/system/CodeIgniter.php(361): CodeIgniter\CodeIgniter->handleRequest(NULL, Object(Config\Cache), false)
#9 /opt/lampp/htdocs/SportClubv1/index.php(79): CodeIgniter\CodeIgniter->run()
#10 {main}
ERROR - 2023-12-03 11:11:46 --> Email: Unable to send email using SMTP. Your server might not be configured to send mail using this method.
ERROR - 2023-12-03 11:11:46 --> 
INFO - 2023-12-03 11:11:57 --> Session: Class initialized using 'CodeIgniter\Session\Handlers\FileHandler' driver.
ERROR - 2023-12-03 11:13:11 --> Email: sendWithSmtp throwed ErrorException: fsockopen(): Unable to connect to ssl://smtp.google.com:587 (Connection timed out) in /opt/lampp/htdocs/SportClubv1/vendor/codeigniter4/framework/system/Email/Email.php:1886
Stack trace:
#0 [internal function]: CodeIgniter\Debug\Exceptions->errorHandler(2, 'fsockopen(): Un...', '/opt/lampp/htdo...', 1886)
#1 /opt/lampp/htdocs/SportClubv1/vendor/codeigniter4/framework/system/Email/Email.php(1886): fsockopen('ssl://smtp.goog...', 587, NULL, NULL, 60)
#2 /opt/lampp/htdocs/SportClubv1/vendor/codeigniter4/framework/system/Email/Email.php(1799): CodeIgniter\Email\Email->SMTPConnect()
#3 /opt/lampp/htdocs/SportClubv1/vendor/codeigniter4/framework/system/Email/Email.php(1684): CodeIgniter\Email\Email->sendWithSmtp()
#4 /opt/lampp/htdocs/SportClubv1/vendor/codeigniter4/framework/system/Email/Email.php(1578): CodeIgniter\Email\Email->spoolEmail()
#5 /opt/lampp/htdocs/SportClubv1/app/Controllers/MailController.php(38): CodeIgniter\Email\Email->send()
#6 /opt/lampp/htdocs/SportClubv1/vendor/codeigniter4/framework/system/CodeIgniter.php(942): App\Controllers\MailController->decline('31')
#7 /opt/lampp/htdocs/SportClubv1/vendor/codeigniter4/framework/system/CodeIgniter.php(502): CodeIgniter\CodeIgniter->runController(Object(App\Controllers\MailController))
#8 /opt/lampp/htdocs/SportClubv1/vendor/codeigniter4/framework/system/CodeIgniter.php(361): CodeIgniter\CodeIgniter->handleRequest(NULL, Object(Config\Cache), false)
#9 /opt/lampp/htdocs/SportClubv1/index.php(79): CodeIgniter\CodeIgniter->run()
#10 {main}
ERROR - 2023-12-03 11:13:11 --> Email: Unable to send email using SMTP. Your server might not be configured to send mail using this method.
ERROR - 2023-12-03 11:13:11 --> 
ERROR - 2023-12-03 11:13:15 --> Email: sendWithSmtp throwed ErrorException: fsockopen(): Unable to connect to ssl://smtp.google.com:587 (Connection timed out) in /opt/lampp/htdocs/SportClubv1/vendor/codeigniter4/framework/system/Email/Email.php:1886
Stack trace:
#0 [internal function]: CodeIgniter\Debug\Exceptions->errorHandler(2, 'fsockopen(): Un...', '/opt/lampp/htdo...', 1886)
#1 /opt/lampp/htdocs/SportClubv1/vendor/codeigniter4/framework/system/Email/Email.php(1886): fsockopen('ssl://smtp.goog...', 587, NULL, NULL, 60)
#2 /opt/lampp/htdocs/SportClubv1/vendor/codeigniter4/framework/system/Email/Email.php(1799): CodeIgniter\Email\Email->SMTPConnect()
#3 /opt/lampp/htdocs/SportClubv1/vendor/codeigniter4/framework/system/Email/Email.php(1684): CodeIgniter\Email\Email->sendWithSmtp()
#4 /opt/lampp/htdocs/SportClubv1/vendor/codeigniter4/framework/system/Email/Email.php(1578): CodeIgniter\Email\Email->spoolEmail()
#5 /opt/lampp/htdocs/SportClubv1/app/Controllers/MailController.php(38): CodeIgniter\Email\Email->send()
#6 /opt/lampp/htdocs/SportClubv1/vendor/codeigniter4/framework/system/CodeIgniter.php(942): App\Controllers\MailController->decline('31')
#7 /opt/lampp/htdocs/SportClubv1/vendor/codeigniter4/framework/system/CodeIgniter.php(502): CodeIgniter\CodeIgniter->runController(Object(App\Controllers\MailController))
#8 /opt/lampp/htdocs/SportClubv1/vendor/codeigniter4/framework/system/CodeIgniter.php(361): CodeIgniter\CodeIgniter->handleRequest(NULL, Object(Config\Cache), false)
#9 /opt/lampp/htdocs/SportClubv1/index.php(79): CodeIgniter\CodeIgniter->run()
#10 {main}
ERROR - 2023-12-03 11:13:15 --> Email: Unable to send email using SMTP. Your server might not be configured to send mail using this method.
ERROR - 2023-12-03 11:13:15 --> 
INFO - 2023-12-03 11:28:46 --> Session: Class initialized using 'CodeIgniter\Session\Handlers\FileHandler' driver.
INFO - 2023-12-03 11:29:25 --> Session: Class initialized using 'CodeIgniter\Session\Handlers\FileHandler' driver.
INFO - 2023-12-03 11:29:26 --> Session: Class initialized using 'CodeIgniter\Session\Handlers\FileHandler' driver.
INFO - 2023-12-03 11:29:31 --> Session: Class initialized using 'CodeIgniter\Session\Handlers\FileHandler' driver.
INFO - 2023-12-03 11:30:03 --> Session: Class initialized using 'CodeIgniter\Session\Handlers\FileHandler' driver.
INFO - 2023-12-03 11:30:56 --> Session: Class initialized using 'CodeIgniter\Session\Handlers\FileHandler' driver.
INFO - 2023-12-03 11:30:57 --> Session: Class initialized using 'CodeIgniter\Session\Handlers\FileHandler' driver.
INFO - 2023-12-03 11:37:08 --> Session: Class initialized using 'CodeIgniter\Session\Handlers\FileHandler' driver.
INFO - 2023-12-03 12:07:22 --> Session: Class initialized using 'CodeIgniter\Session\Handlers\FileHandler' driver.
INFO - 2023-12-03 12:44:06 --> Session: Class initialized using 'CodeIgniter\Session\Handlers\FileHandler' driver.
INFO - 2023-12-03 12:49:12 --> Session: Class initialized using 'CodeIgniter\Session\Handlers\FileHandler' driver.
INFO - 2023-12-03 12:56:04 --> Session: Class initialized using 'CodeIgniter\Session\Handlers\FileHandler' driver.
INFO - 2023-12-03 13:03:05 --> Session: Class initialized using 'CodeIgniter\Session\Handlers\FileHandler' driver.
INFO - 2023-12-03 14:15:08 --> Session: Class initialized using 'CodeIgniter\Session\Handlers\FileHandler' driver.
INFO - 2023-12-03 14:15:25 --> Session: Class initialized using 'CodeIgniter\Session\Handlers\FileHandler' driver.
INFO - 2023-12-03 14:16:25 --> Session: Class initialized using 'CodeIgniter\Session\Handlers\FileHandler' driver.
INFO - 2023-12-03 14:17:09 --> Session: Class initialized using 'CodeIgniter\Session\Handlers\FileHandler' driver.
INFO - 2023-12-03 14:17:35 --> Session: Class initialized using 'CodeIgniter\Session\Handlers\FileHandler' driver.
INFO - 2023-12-03 14:17:40 --> Session: Class initialized using 'CodeIgniter\Session\Handlers\FileHandler' driver.
INFO - 2023-12-03 14:17:40 --> Session: Class initialized using 'CodeIgniter\Session\Handlers\FileHandler' driver.
INFO - 2023-12-03 14:17:45 --> Session: Class initialized using 'CodeIgniter\Session\Handlers\FileHandler' driver.
INFO - 2023-12-03 14:17:46 --> Session: Class initialized using 'CodeIgniter\Session\Handlers\FileHandler' driver.
INFO - 2023-12-03 14:17:48 --> Session: Class initialized using 'CodeIgniter\Session\Handlers\FileHandler' driver.
INFO - 2023-12-03 14:17:50 --> Session: Class initialized using 'CodeIgniter\Session\Handlers\FileHandler' driver.
INFO - 2023-12-03 14:17:53 --> Session: Class initialized using 'CodeIgniter\Session\Handlers\FileHandler' driver.
INFO - 2023-12-03 14:17:53 --> Session: Class initialized using 'CodeIgniter\Session\Handlers\FileHandler' driver.
INFO - 2023-12-03 14:17:54 --> Session: Class initialized using 'CodeIgniter\Session\Handlers\FileHandler' driver.
INFO - 2023-12-03 14:18:10 --> Session: Class initialized using 'CodeIgniter\Session\Handlers\FileHandler' driver.
INFO - 2023-12-03 14:18:10 --> Session: Class initialized using 'CodeIgniter\Session\Handlers\FileHandler' driver.
INFO - 2023-12-03 14:51:42 --> Session: Class initialized using 'CodeIgniter\Session\Handlers\FileHandler' driver.
INFO - 2023-12-03 14:52:07 --> Session: Class initialized using 'CodeIgniter\Session\Handlers\FileHandler' driver.
INFO - 2023-12-03 14:52:18 --> Session: Class initialized using 'CodeIgniter\Session\Handlers\FileHandler' driver.
INFO - 2023-12-03 14:52:22 --> Session: Class initialized using 'CodeIgniter\Session\Handlers\FileHandler' driver.
INFO - 2023-12-03 14:52:47 --> Session: Class initialized using 'CodeIgniter\Session\Handlers\FileHandler' driver.
INFO - 2023-12-03 14:52:50 --> Session: Class initialized using 'CodeIgniter\Session\Handlers\FileHandler' driver.
INFO - 2023-12-03 14:52:52 --> Session: Class initialized using 'CodeIgniter\Session\Handlers\FileHandler' driver.
INFO - 2023-12-03 14:53:00 --> Session: Class initialized using 'CodeIgniter\Session\Handlers\FileHandler' driver.
INFO - 2023-12-03 14:53:02 --> Session: Class initialized using 'CodeIgniter\Session\Handlers\FileHandler' driver.
INFO - 2023-12-03 14:53:02 --> Session: Class initialized using 'CodeIgniter\Session\Handlers\FileHandler' driver.
INFO - 2023-12-03 14:53:04 --> Session: Class initialized using 'CodeIgniter\Session\Handlers\FileHandler' driver.
INFO - 2023-12-03 14:53:06 --> Session: Class initialized using 'CodeIgniter\Session\Handlers\FileHandler' driver.
INFO - 2023-12-03 14:53:09 --> Session: Class initialized using 'CodeIgniter\Session\Handlers\FileHandler' driver.
INFO - 2023-12-03 14:53:10 --> Session: Class initialized using 'CodeIgniter\Session\Handlers\FileHandler' driver.
INFO - 2023-12-03 14:53:11 --> Session: Class initialized using 'CodeIgniter\Session\Handlers\FileHandler' driver.
INFO - 2023-12-03 14:53:13 --> Session: Class initialized using 'CodeIgniter\Session\Handlers\FileHandler' driver.
INFO - 2023-12-03 14:53:14 --> Session: Class initialized using 'CodeIgniter\Session\Handlers\FileHandler' driver.
INFO - 2023-12-03 14:53:21 --> Session: Class initialized using 'CodeIgniter\Session\Handlers\FileHandler' driver.
INFO - 2023-12-03 14:53:21 --> Session: Class initialized using 'CodeIgniter\Session\Handlers\FileHandler' driver.
INFO - 2023-12-03 14:53:24 --> Session: Class initialized using 'CodeIgniter\Session\Handlers\FileHandler' driver.
INFO - 2023-12-03 14:58:15 --> Session: Class initialized using 'CodeIgniter\Session\Handlers\FileHandler' driver.
INFO - 2023-12-03 14:58:33 --> Session: Class initialized using 'CodeIgniter\Session\Handlers\FileHandler' driver.
INFO - 2023-12-03 15:00:37 --> Session: Class initialized using 'CodeIgniter\Session\Handlers\FileHandler' driver.
INFO - 2023-12-03 15:01:58 --> Session: Class initialized using 'CodeIgniter\Session\Handlers\FileHandler' driver.
INFO - 2023-12-03 15:02:22 --> Session: Class initialized using 'CodeIgniter\Session\Handlers\FileHandler' driver.
INFO - 2023-12-03 15:02:39 --> Session: Class initialized using 'CodeIgniter\Session\Handlers\FileHandler' driver.
INFO - 2023-12-03 15:02:53 --> Session: Class initialized using 'CodeIgniter\Session\Handlers\FileHandler' driver.
INFO - 2023-12-03 15:03:15 --> Session: Class initialized using 'CodeIgniter\Session\Handlers\FileHandler' driver.
INFO - 2023-12-03 15:03:22 --> Session: Class initialized using 'CodeIgniter\Session\Handlers\FileHandler' driver.
INFO - 2023-12-03 15:03:34 --> Session: Class initialized using 'CodeIgniter\Session\Handlers\FileHandler' driver.
INFO - 2023-12-03 15:03:35 --> Session: Class initialized using 'CodeIgniter\Session\Handlers\FileHandler' driver.
INFO - 2023-12-03 15:03:43 --> Session: Class initialized using 'CodeIgniter\Session\Handlers\FileHandler' driver.
INFO - 2023-12-03 15:03:45 --> Session: Class initialized using 'CodeIgniter\Session\Handlers\FileHandler' driver.
INFO - 2023-12-03 15:03:53 --> Session: Class initialized using 'CodeIgniter\Session\Handlers\FileHandler' driver.
INFO - 2023-12-03 15:03:55 --> Session: Class initialized using 'CodeIgniter\Session\Handlers\FileHandler' driver.
INFO - 2023-12-03 15:05:24 --> Session: Class initialized using 'CodeIgniter\Session\Handlers\FileHandler' driver.
INFO - 2023-12-03 15:05:25 --> Session: Class initialized using 'CodeIgniter\Session\Handlers\FileHandler' driver.
INFO - 2023-12-03 15:05:33 --> Session: Class initialized using 'CodeIgniter\Session\Handlers\FileHandler' driver.
INFO - 2023-12-03 15:05:34 --> Session: Class initialized using 'CodeIgniter\Session\Handlers\FileHandler' driver.
INFO - 2023-12-03 15:05:36 --> Session: Class initialized using 'CodeIgniter\Session\Handlers\FileHandler' driver.
INFO - 2023-12-03 15:05:38 --> Session: Class initialized using 'CodeIgniter\Session\Handlers\FileHandler' driver.
INFO - 2023-12-03 15:05:44 --> Session: Class initialized using 'CodeIgniter\Session\Handlers\FileHandler' driver.
INFO - 2023-12-03 15:05:45 --> Session: Class initialized using 'CodeIgniter\Session\Handlers\FileHandler' driver.
INFO - 2023-12-03 15:05:45 --> Session: Class initialized using 'CodeIgniter\Session\Handlers\FileHandler' driver.
INFO - 2023-12-03 15:06:01 --> Session: Class initialized using 'CodeIgniter\Session\Handlers\FileHandler' driver.
INFO - 2023-12-03 15:06:02 --> Session: Class initialized using 'CodeIgniter\Session\Handlers\FileHandler' driver.
INFO - 2023-12-03 15:06:02 --> Session: Class initialized using 'CodeIgniter\Session\Handlers\FileHandler' driver.
INFO - 2023-12-03 15:06:07 --> Session: Class initialized using 'CodeIgniter\Session\Handlers\FileHandler' driver.
INFO - 2023-12-03 15:06:08 --> Session: Class initialized using 'CodeIgniter\Session\Handlers\FileHandler' driver.
INFO - 2023-12-03 15:06:08 --> Session: Class initialized using 'CodeIgniter\Session\Handlers\FileHandler' driver.
INFO - 2023-12-03 15:06:19 --> Session: Class initialized using 'CodeIgniter\Session\Handlers\FileHandler' driver.
INFO - 2023-12-03 15:06:20 --> Session: Class initialized using 'CodeIgniter\Session\Handlers\FileHandler' driver.
INFO - 2023-12-03 15:06:20 --> Session: Class initialized using 'CodeIgniter\Session\Handlers\FileHandler' driver.
INFO - 2023-12-03 15:06:43 --> Session: Class initialized using 'CodeIgniter\Session\Handlers\FileHandler' driver.
INFO - 2023-12-03 15:06:53 --> Session: Class initialized using 'CodeIgniter\Session\Handlers\FileHandler' driver.
INFO - 2023-12-03 15:06:54 --> Session: Class initialized using 'CodeIgniter\Session\Handlers\FileHandler' driver.
INFO - 2023-12-03 15:06:54 --> Session: Class initialized using 'CodeIgniter\Session\Handlers\FileHandler' driver.
INFO - 2023-12-03 15:07:01 --> Session: Class initialized using 'CodeIgniter\Session\Handlers\FileHandler' driver.
INFO - 2023-12-03 15:07:01 --> Session: Class initialized using 'CodeIgniter\Session\Handlers\FileHandler' driver.
INFO - 2023-12-03 15:07:02 --> Session: Class initialized using 'CodeIgniter\Session\Handlers\FileHandler' driver.
INFO - 2023-12-03 15:07:24 --> Session: Class initialized using 'CodeIgniter\Session\Handlers\FileHandler' driver.
INFO - 2023-12-03 15:07:25 --> Session: Class initialized using 'CodeIgniter\Session\Handlers\FileHandler' driver.
INFO - 2023-12-03 15:08:20 --> Session: Class initialized using 'CodeIgniter\Session\Handlers\FileHandler' driver.
INFO - 2023-12-03 15:08:34 --> Session: Class initialized using 'CodeIgniter\Session\Handlers\FileHandler' driver.
INFO - 2023-12-03 15:08:34 --> Session: Class initialized using 'CodeIgniter\Session\Handlers\FileHandler' driver.
INFO - 2023-12-03 15:08:35 --> Session: Class initialized using 'CodeIgniter\Session\Handlers\FileHandler' driver.
INFO - 2023-12-03 15:08:35 --> Session: Class initialized using 'CodeIgniter\Session\Handlers\FileHandler' driver.
INFO - 2023-12-03 15:08:35 --> Session: Class initialized using 'CodeIgniter\Session\Handlers\FileHandler' driver.
INFO - 2023-12-03 15:09:03 --> Session: Class initialized using 'CodeIgniter\Session\Handlers\FileHandler' driver.
INFO - 2023-12-03 15:09:04 --> Session: Class initialized using 'CodeIgniter\Session\Handlers\FileHandler' driver.
INFO - 2023-12-03 15:09:08 --> Session: Class initialized using 'CodeIgniter\Session\Handlers\FileHandler' driver.
INFO - 2023-12-03 15:09:12 --> Session: Class initialized using 'CodeIgniter\Session\Handlers\FileHandler' driver.
INFO - 2023-12-03 15:09:26 --> Session: Class initialized using 'CodeIgniter\Session\Handlers\FileHandler' driver.
INFO - 2023-12-03 15:09:27 --> Session: Class initialized using 'CodeIgniter\Session\Handlers\FileHandler' driver.
INFO - 2023-12-03 15:09:27 --> Session: Class initialized using 'CodeIgniter\Session\Handlers\FileHandler' driver.
INFO - 2023-12-03 15:09:38 --> Session: Class initialized using 'CodeIgniter\Session\Handlers\FileHandler' driver.
INFO - 2023-12-03 15:09:38 --> Session: Class initialized using 'CodeIgniter\Session\Handlers\FileHandler' driver.
INFO - 2023-12-03 15:09:38 --> Session: Class initialized using 'CodeIgniter\Session\Handlers\FileHandler' driver.
INFO - 2023-12-03 15:09:41 --> Session: Class initialized using 'CodeIgniter\Session\Handlers\FileHandler' driver.
INFO - 2023-12-03 15:10:06 --> Session: Class initialized using 'CodeIgniter\Session\Handlers\FileHandler' driver.
INFO - 2023-12-03 15:10:07 --> Session: Class initialized using 'CodeIgniter\Session\Handlers\FileHandler' driver.
INFO - 2023-12-03 15:10:07 --> Session: Class initialized using 'CodeIgniter\Session\Handlers\FileHandler' driver.
INFO - 2023-12-03 15:10:16 --> Session: Class initialized using 'CodeIgniter\Session\Handlers\FileHandler' driver.
INFO - 2023-12-03 15:10:18 --> Session: Class initialized using 'CodeIgniter\Session\Handlers\FileHandler' driver.
INFO - 2023-12-03 15:10:20 --> Session: Class initialized using 'CodeIgniter\Session\Handlers\FileHandler' driver.
INFO - 2023-12-03 15:10:35 --> Session: Class initialized using 'CodeIgniter\Session\Handlers\FileHandler' driver.
INFO - 2023-12-03 15:10:37 --> Session: Class initialized using 'CodeIgniter\Session\Handlers\FileHandler' driver.
INFO - 2023-12-03 15:10:42 --> Session: Class initialized using 'CodeIgniter\Session\Handlers\FileHandler' driver.
INFO - 2023-12-03 15:10:42 --> Session: Class initialized using 'CodeIgniter\Session\Handlers\FileHandler' driver.
INFO - 2023-12-03 15:10:48 --> Session: Class initialized using 'CodeIgniter\Session\Handlers\FileHandler' driver.
INFO - 2023-12-03 15:10:48 --> Session: Class initialized using 'CodeIgniter\Session\Handlers\FileHandler' driver.
INFO - 2023-12-03 15:11:31 --> Session: Class initialized using 'CodeIgniter\Session\Handlers\FileHandler' driver.
INFO - 2023-12-03 15:12:22 --> Session: Class initialized using 'CodeIgniter\Session\Handlers\FileHandler' driver.
INFO - 2023-12-03 15:12:42 --> Session: Class initialized using 'CodeIgniter\Session\Handlers\FileHandler' driver.
INFO - 2023-12-03 15:12:45 --> Session: Class initialized using 'CodeIgniter\Session\Handlers\FileHandler' driver.
INFO - 2023-12-03 15:12:57 --> Session: Class initialized using 'CodeIgniter\Session\Handlers\FileHandler' driver.
ERROR - 2023-12-03 15:13:59 --> Email: sendWithSmtp throwed ErrorException: fsockopen(): Unable to connect to ssl://smtp.google.com:587 (Connection timed out) in /opt/lampp/htdocs/SportClubv1/vendor/codeigniter4/framework/system/Email/Email.php:1886
Stack trace:
#0 [internal function]: CodeIgniter\Debug\Exceptions->errorHandler(2, 'fsockopen(): Un...', '/opt/lampp/htdo...', 1886)
#1 /opt/lampp/htdocs/SportClubv1/vendor/codeigniter4/framework/system/Email/Email.php(1886): fsockopen('ssl://smtp.goog...', 587, NULL, NULL, 60)
#2 /opt/lampp/htdocs/SportClubv1/vendor/codeigniter4/framework/system/Email/Email.php(1799): CodeIgniter\Email\Email->SMTPConnect()
#3 /opt/lampp/htdocs/SportClubv1/vendor/codeigniter4/framework/system/Email/Email.php(1684): CodeIgniter\Email\Email->sendWithSmtp()
#4 /opt/lampp/htdocs/SportClubv1/vendor/codeigniter4/framework/system/Email/Email.php(1578): CodeIgniter\Email\Email->spoolEmail()
#5 /opt/lampp/htdocs/SportClubv1/app/Controllers/MailController.php(46): CodeIgniter\Email\Email->send()
#6 /opt/lampp/htdocs/SportClubv1/vendor/codeigniter4/framework/system/CodeIgniter.php(942): App\Controllers\MailController->decline('31')
#7 /opt/lampp/htdocs/SportClubv1/vendor/codeigniter4/framework/system/CodeIgniter.php(502): CodeIgniter\CodeIgniter->runController(Object(App\Controllers\MailController))
#8 /opt/lampp/htdocs/SportClubv1/vendor/codeigniter4/framework/system/CodeIgniter.php(361): CodeIgniter\CodeIgniter->handleRequest(NULL, Object(Config\Cache), false)
#9 /opt/lampp/htdocs/SportClubv1/index.php(79): CodeIgniter\CodeIgniter->run()
#10 {main}
ERROR - 2023-12-03 15:13:59 --> Email: Unable to send email using SMTP. Your server might not be configured to send mail using this method.
ERROR - 2023-12-03 15:13:59 --> 
INFO - 2023-12-03 15:14:34 --> Session: Class initialized using 'CodeIgniter\Session\Handlers\FileHandler' driver.
INFO - 2023-12-03 17:41:45 --> Session: Class initialized using 'CodeIgniter\Session\Handlers\FileHandler' driver.
INFO - 2023-12-03 17:41:48 --> Session: Class initialized using 'CodeIgniter\Session\Handlers\FileHandler' driver.
INFO - 2023-12-03 17:41:55 --> Session: Class initialized using 'CodeIgniter\Session\Handlers\FileHandler' driver.
INFO - 2023-12-03 17:41:55 --> Session: Class initialized using 'CodeIgniter\Session\Handlers\FileHandler' driver.
INFO - 2023-12-03 17:42:03 --> Session: Class initialized using 'CodeIgniter\Session\Handlers\FileHandler' driver.
INFO - 2023-12-03 17:42:04 --> Session: Class initialized using 'CodeIgniter\Session\Handlers\FileHandler' driver.
INFO - 2023-12-03 17:42:08 --> Session: Class initialized using 'CodeIgniter\Session\Handlers\FileHandler' driver.
INFO - 2023-12-03 17:42:14 --> Session: Class initialized using 'CodeIgniter\Session\Handlers\FileHandler' driver.
INFO - 2023-12-03 17:42:14 --> Session: Class initialized using 'CodeIgniter\Session\Handlers\FileHandler' driver.
INFO - 2023-12-03 17:42:20 --> Session: Class initialized using 'CodeIgniter\Session\Handlers\FileHandler' driver.
INFO - 2023-12-03 17:42:20 --> Session: Class initialized using 'CodeIgniter\Session\Handlers\FileHandler' driver.
INFO - 2023-12-03 17:42:28 --> Session: Class initialized using 'CodeIgniter\Session\Handlers\FileHandler' driver.
INFO - 2023-12-03 17:42:28 --> Session: Class initialized using 'CodeIgniter\Session\Handlers\FileHandler' driver.
INFO - 2023-12-03 18:44:12 --> Session: Class initialized using 'CodeIgniter\Session\Handlers\FileHandler' driver.
INFO - 2023-12-03 19:00:25 --> Session: Class initialized using 'CodeIgniter\Session\Handlers\FileHandler' driver.
INFO - 2023-12-03 19:00:30 --> Session: Class initialized using 'CodeIgniter\Session\Handlers\FileHandler' driver.
INFO - 2023-12-03 19:00:30 --> Session: Class initialized using 'CodeIgniter\Session\Handlers\FileHandler' driver.
INFO - 2023-12-03 19:02:45 --> Session: Class initialized using 'CodeIgniter\Session\Handlers\FileHandler' driver.
INFO - 2023-12-03 19:05:41 --> Session: Class initialized using 'CodeIgniter\Session\Handlers\FileHandler' driver.
INFO - 2023-12-03 19:14:08 --> Session: Class initialized using 'CodeIgniter\Session\Handlers\FileHandler' driver.
INFO - 2023-12-03 19:24:18 --> Session: Class initialized using 'CodeIgniter\Session\Handlers\FileHandler' driver.
INFO - 2023-12-03 19:24:29 --> Session: Class initialized using 'CodeIgniter\Session\Handlers\FileHandler' driver.
INFO - 2023-12-03 19:29:40 --> Session: Class initialized using 'CodeIgniter\Session\Handlers\FileHandler' driver.
INFO - 2023-12-03 19:31:34 --> Session: Class initialized using 'CodeIgniter\Session\Handlers\FileHandler' driver.
INFO - 2023-12-03 19:32:47 --> Session: Class initialized using 'CodeIgniter\Session\Handlers\FileHandler' driver.
INFO - 2023-12-03 19:32:50 --> Session: Class initialized using 'CodeIgniter\Session\Handlers\FileHandler' driver.
INFO - 2023-12-03 19:33:34 --> Session: Class initialized using 'CodeIgniter\Session\Handlers\FileHandler' driver.
INFO - 2023-12-03 19:40:18 --> Session: Class initialized using 'CodeIgniter\Session\Handlers\FileHandler' driver.
INFO - 2023-12-03 19:42:19 --> Session: Class initialized using 'CodeIgniter\Session\Handlers\FileHandler' driver.
INFO - 2023-12-03 19:42:52 --> Session: Class initialized using 'CodeIgniter\Session\Handlers\FileHandler' driver.
INFO - 2023-12-03 19:44:25 --> Session: Class initialized using 'CodeIgniter\Session\Handlers\FileHandler' driver.
INFO - 2023-12-03 19:45:11 --> Session: Class initialized using 'CodeIgniter\Session\Handlers\FileHandler' driver.
INFO - 2023-12-03 19:45:26 --> Session: Class initialized using 'CodeIgniter\Session\Handlers\FileHandler' driver.
INFO - 2023-12-03 19:45:52 --> Session: Class initialized using 'CodeIgniter\Session\Handlers\FileHandler' driver.
INFO - 2023-12-03 19:49:00 --> Session: Class initialized using 'CodeIgniter\Session\Handlers\FileHandler' driver.
INFO - 2023-12-03 19:49:21 --> Session: Class initialized using 'CodeIgniter\Session\Handlers\FileHandler' driver.
INFO - 2023-12-03 19:51:42 --> Session: Class initialized using 'CodeIgniter\Session\Handlers\FileHandler' driver.
INFO - 2023-12-03 19:52:06 --> Session: Class initialized using 'CodeIgniter\Session\Handlers\FileHandler' driver.
INFO - 2023-12-03 19:55:12 --> Session: Class initialized using 'CodeIgniter\Session\Handlers\FileHandler' driver.
INFO - 2023-12-03 19:58:10 --> Session: Class initialized using 'CodeIgniter\Session\Handlers\FileHandler' driver.
INFO - 2023-12-03 19:59:06 --> Session: Class initialized using 'CodeIgniter\Session\Handlers\FileHandler' driver.
INFO - 2023-12-03 19:59:09 --> Session: Class initialized using 'CodeIgniter\Session\Handlers\FileHandler' driver.
INFO - 2023-12-03 19:59:20 --> Session: Class initialized using 'CodeIgniter\Session\Handlers\FileHandler' driver.
INFO - 2023-12-03 19:59:20 --> Session: Class initialized using 'CodeIgniter\Session\Handlers\FileHandler' driver.
INFO - 2023-12-03 19:59:21 --> Session: Class initialized using 'CodeIgniter\Session\Handlers\FileHandler' driver.
INFO - 2023-12-03 19:59:21 --> Session: Class initialized using 'CodeIgniter\Session\Handlers\FileHandler' driver.
INFO - 2023-12-03 19:59:46 --> Session: Class initialized using 'CodeIgniter\Session\Handlers\FileHandler' driver.
INFO - 2023-12-03 19:59:48 --> Session: Class initialized using 'CodeIgniter\Session\Handlers\FileHandler' driver.
INFO - 2023-12-03 20:01:51 --> Session: Class initialized using 'CodeIgniter\Session\Handlers\FileHandler' driver.
INFO - 2023-12-03 20:03:05 --> Session: Class initialized using 'CodeIgniter\Session\Handlers\FileHandler' driver.
INFO - 2023-12-03 20:03:10 --> Session: Class initialized using 'CodeIgniter\Session\Handlers\FileHandler' driver.
INFO - 2023-12-03 20:04:05 --> Session: Class initialized using 'CodeIgniter\Session\Handlers\FileHandler' driver.
INFO - 2023-12-03 20:04:35 --> Session: Class initialized using 'CodeIgniter\Session\Handlers\FileHandler' driver.
CRITICAL - 2023-12-03 20:04:35 --> Undefined variable $data
in APPPATH/Views/InnerPages/template_date.php on line 19.
 1 APPPATH/Views/InnerPages/template_date.php(19): CodeIgniter\Debug\Exceptions->errorHandler(2, 'Undefined variable $data', '/opt/lampp/htdocs/SportClubv1/app/Views/InnerPages/template_date.php', 19)
 2 SYSTEMPATH/View/View.php(228): include('/opt/lampp/htdocs/SportClubv1/app/Views/InnerPages/template_date.php')
 3 SYSTEMPATH/View/View.php(231): CodeIgniter\View\View->CodeIgniter\View\{closure}()
 4 SYSTEMPATH/Common.php(1190): CodeIgniter\View\View->render('InnerPages/template_date', [], true)
 5 APPPATH/Controllers/ReclamationController.php(15): view('InnerPages/template_date', [...])
 6 SYSTEMPATH/CodeIgniter.php(942): App\Controllers\ReclamationController->index()
 7 SYSTEMPATH/CodeIgniter.php(502): CodeIgniter\CodeIgniter->runController(Object(App\Controllers\ReclamationController))
 8 SYSTEMPATH/CodeIgniter.php(361): CodeIgniter\CodeIgniter->handleRequest(null, Object(Config\Cache), false)
 9 FCPATH/index.php(79): CodeIgniter\CodeIgniter->run()
INFO - 2023-12-03 20:04:45 --> Session: Class initialized using 'CodeIgniter\Session\Handlers\FileHandler' driver.
INFO - 2023-12-03 20:05:04 --> Session: Class initialized using 'CodeIgniter\Session\Handlers\FileHandler' driver.
INFO - 2023-12-03 20:05:06 --> Session: Class initialized using 'CodeIgniter\Session\Handlers\FileHandler' driver.
INFO - 2023-12-03 20:05:25 --> Session: Class initialized using 'CodeIgniter\Session\Handlers\FileHandler' driver.
INFO - 2023-12-03 20:05:29 --> Session: Class initialized using 'CodeIgniter\Session\Handlers\FileHandler' driver.
INFO - 2023-12-03 20:14:13 --> Session: Class initialized using 'CodeIgniter\Session\Handlers\FileHandler' driver.
CRITICAL - 2023-12-03 20:14:13 --> Undefined variable $data
in APPPATH/Views/InnerPages/template_date.php on line 19.
 1 APPPATH/Views/InnerPages/template_date.php(19): CodeIgniter\Debug\Exceptions->errorHandler(2, 'Undefined variable $data', '/opt/lampp/htdocs/SportClubv1/app/Views/InnerPages/template_date.php', 19)
 2 SYSTEMPATH/View/View.php(228): include('/opt/lampp/htdocs/SportClubv1/app/Views/InnerPages/template_date.php')
 3 SYSTEMPATH/View/View.php(231): CodeIgniter\View\View->CodeIgniter\View\{closure}()
 4 SYSTEMPATH/Common.php(1190): CodeIgniter\View\View->render('InnerPages/template_date', [], true)
 5 APPPATH/Controllers/ReclamationController.php(17): view('InnerPages/template_date', [...])
 6 SYSTEMPATH/CodeIgniter.php(942): App\Controllers\ReclamationController->index()
 7 SYSTEMPATH/CodeIgniter.php(502): CodeIgniter\CodeIgniter->runController(Object(App\Controllers\ReclamationController))
 8 SYSTEMPATH/CodeIgniter.php(361): CodeIgniter\CodeIgniter->handleRequest(null, Object(Config\Cache), false)
 9 FCPATH/index.php(79): CodeIgniter\CodeIgniter->run()
INFO - 2023-12-03 20:14:45 --> Session: Class initialized using 'CodeIgniter\Session\Handlers\FileHandler' driver.
INFO - 2023-12-03 20:16:09 --> Session: Class initialized using 'CodeIgniter\Session\Handlers\FileHandler' driver.
INFO - 2023-12-03 20:16:11 --> Session: Class initialized using 'CodeIgniter\Session\Handlers\FileHandler' driver.
INFO - 2023-12-03 20:16:19 --> Session: Class initialized using 'CodeIgniter\Session\Handlers\FileHandler' driver.
INFO - 2023-12-03 20:16:33 --> Session: Class initialized using 'CodeIgniter\Session\Handlers\FileHandler' driver.
CRITICAL - 2023-12-03 20:16:33 --> Undefined variable $isFooter
in APPPATH/Views/InnerPages/template.php on line 20.
 1 APPPATH/Views/InnerPages/template.php(20): CodeIgniter\Debug\Exceptions->errorHandler(2, 'Undefined variable $isFooter', '/opt/lampp/htdocs/SportClubv1/app/Views/InnerPages/template.php', 20)
 2 SYSTEMPATH/View/View.php(228): include('/opt/lampp/htdocs/SportClubv1/app/Views/InnerPages/template.php')
 3 SYSTEMPATH/View/View.php(231): CodeIgniter\View\View->CodeIgniter\View\{closure}()
 4 SYSTEMPATH/Common.php(1190): CodeIgniter\View\View->render('InnerPages/template', [], true)
 5 APPPATH/Controllers/ReclamationController.php(17): view('InnerPages/template', [...])
 6 SYSTEMPATH/CodeIgniter.php(942): App\Controllers\ReclamationController->index()
 7 SYSTEMPATH/CodeIgniter.php(502): CodeIgniter\CodeIgniter->runController(Object(App\Controllers\ReclamationController))
 8 SYSTEMPATH/CodeIgniter.php(361): CodeIgniter\CodeIgniter->handleRequest(null, Object(Config\Cache), false)
 9 FCPATH/index.php(79): CodeIgniter\CodeIgniter->run()
INFO - 2023-12-03 20:16:54 --> Session: Class initialized using 'CodeIgniter\Session\Handlers\FileHandler' driver.
INFO - 2023-12-03 20:17:01 --> Session: Class initialized using 'CodeIgniter\Session\Handlers\FileHandler' driver.
INFO - 2023-12-03 20:17:02 --> Session: Class initialized using 'CodeIgniter\Session\Handlers\FileHandler' driver.
INFO - 2023-12-03 20:17:30 --> Session: Class initialized using 'CodeIgniter\Session\Handlers\FileHandler' driver.
INFO - 2023-12-03 20:18:52 --> Session: Class initialized using 'CodeIgniter\Session\Handlers\FileHandler' driver.
INFO - 2023-12-03 20:19:29 --> Session: Class initialized using 'CodeIgniter\Session\Handlers\FileHandler' driver.
INFO - 2023-12-03 20:19:29 --> Session: Class initialized using 'CodeIgniter\Session\Handlers\FileHandler' driver.
INFO - 2023-12-03 20:19:31 --> Session: Class initialized using 'CodeIgniter\Session\Handlers\FileHandler' driver.
INFO - 2023-12-03 20:19:32 --> Session: Class initialized using 'CodeIgniter\Session\Handlers\FileHandler' driver.
INFO - 2023-12-03 20:19:45 --> Session: Class initialized using 'CodeIgniter\Session\Handlers\FileHandler' driver.
INFO - 2023-12-03 20:19:59 --> Session: Class initialized using 'CodeIgniter\Session\Handlers\FileHandler' driver.
INFO - 2023-12-03 20:19:59 --> Session: Class initialized using 'CodeIgniter\Session\Handlers\FileHandler' driver.
INFO - 2023-12-03 20:21:36 --> Session: Class initialized using 'CodeIgniter\Session\Handlers\FileHandler' driver.
INFO - 2023-12-03 21:18:32 --> Session: Class initialized using 'CodeIgniter\Session\Handlers\FileHandler' driver.
INFO - 2023-12-03 21:21:57 --> Session: Class initialized using 'CodeIgniter\Session\Handlers\FileHandler' driver.
INFO - 2023-12-03 21:25:01 --> Session: Class initialized using 'CodeIgniter\Session\Handlers\FileHandler' driver.
INFO - 2023-12-03 21:29:01 --> Session: Class initialized using 'CodeIgniter\Session\Handlers\FileHandler' driver.
CRITICAL - 2023-12-03 21:50:12 --> Trying to access array offset on value of type null
in APPPATH/Controllers/MailController.php on line 113.
 1 APPPATH/Controllers/MailController.php(113): CodeIgniter\Debug\Exceptions->errorHandler(2, 'Trying to access array offset on value of type null', '/opt/lampp/htdocs/SportClubv1/app/Controllers/MailController.php', 113)
 2 SYSTEMPATH/CodeIgniter.php(942): App\Controllers\MailController->accept('31')
 3 SYSTEMPATH/CodeIgniter.php(502): CodeIgniter\CodeIgniter->runController(Object(App\Controllers\MailController))
 4 SYSTEMPATH/CodeIgniter.php(361): CodeIgniter\CodeIgniter->handleRequest(null, Object(Config\Cache), false)
 5 FCPATH/index.php(79): CodeIgniter\CodeIgniter->run()
INFO - 2023-12-03 21:50:20 --> Session: Class initialized using 'CodeIgniter\Session\Handlers\FileHandler' driver.
INFO - 2023-12-03 21:50:26 --> Session: Class initialized using 'CodeIgniter\Session\Handlers\FileHandler' driver.
INFO - 2023-12-03 21:50:27 --> Session: Class initialized using 'CodeIgniter\Session\Handlers\FileHandler' driver.
INFO - 2023-12-03 21:50:29 --> Session: Class initialized using 'CodeIgniter\Session\Handlers\FileHandler' driver.
INFO - 2023-12-03 21:50:31 --> Session: Class initialized using 'CodeIgniter\Session\Handlers\FileHandler' driver.
INFO - 2023-12-03 21:50:34 --> Session: Class initialized using 'CodeIgniter\Session\Handlers\FileHandler' driver.
INFO - 2023-12-03 21:50:34 --> Session: Class initialized using 'CodeIgniter\Session\Handlers\FileHandler' driver.
INFO - 2023-12-03 21:50:40 --> Session: Class initialized using 'CodeIgniter\Session\Handlers\FileHandler' driver.
INFO - 2023-12-03 21:50:40 --> Session: Class initialized using 'CodeIgniter\Session\Handlers\FileHandler' driver.
INFO - 2023-12-03 21:50:44 --> Session: Class initialized using 'CodeIgniter\Session\Handlers\FileHandler' driver.
INFO - 2023-12-03 21:50:49 --> Session: Class initialized using 'CodeIgniter\Session\Handlers\FileHandler' driver.
INFO - 2023-12-03 21:50:50 --> Session: Class initialized using 'CodeIgniter\Session\Handlers\FileHandler' driver.
INFO - 2023-12-03 21:50:52 --> Session: Class initialized using 'CodeIgniter\Session\Handlers\FileHandler' driver.
INFO - 2023-12-03 21:50:57 --> Session: Class initialized using 'CodeIgniter\Session\Handlers\FileHandler' driver.
INFO - 2023-12-03 21:50:57 --> Session: Class initialized using 'CodeIgniter\Session\Handlers\FileHandler' driver.
INFO - 2023-12-03 21:51:30 --> Session: Class initialized using 'CodeIgniter\Session\Handlers\FileHandler' driver.
INFO - 2023-12-03 21:51:33 --> Session: Class initialized using 'CodeIgniter\Session\Handlers\FileHandler' driver.
INFO - 2023-12-03 21:52:02 --> Session: Class initialized using 'CodeIgniter\Session\Handlers\FileHandler' driver.
INFO - 2023-12-03 21:52:32 --> Session: Class initialized using 'CodeIgniter\Session\Handlers\FileHandler' driver.
INFO - 2023-12-03 21:52:41 --> Session: Class initialized using 'CodeIgniter\Session\Handlers\FileHandler' driver.
INFO - 2023-12-03 21:52:43 --> Session: Class initialized using 'CodeIgniter\Session\Handlers\FileHandler' driver.
INFO - 2023-12-03 21:52:45 --> Session: Class initialized using 'CodeIgniter\Session\Handlers\FileHandler' driver.
INFO - 2023-12-03 21:52:49 --> Session: Class initialized using 'CodeIgniter\Session\Handlers\FileHandler' driver.
INFO - 2023-12-03 21:52:49 --> Session: Class initialized using 'CodeIgniter\Session\Handlers\FileHandler' driver.
INFO - 2023-12-03 21:52:52 --> Session: Class initialized using 'CodeIgniter\Session\Handlers\FileHandler' driver.
INFO - 2023-12-03 21:52:55 --> Session: Class initialized using 'CodeIgniter\Session\Handlers\FileHandler' driver.
INFO - 2023-12-03 21:52:55 --> Session: Class initialized using 'CodeIgniter\Session\Handlers\FileHandler' driver.
INFO - 2023-12-03 21:52:59 --> Session: Class initialized using 'CodeIgniter\Session\Handlers\FileHandler' driver.
INFO - 2023-12-03 21:52:59 --> Session: Class initialized using 'CodeIgniter\Session\Handlers\FileHandler' driver.
INFO - 2023-12-03 21:53:37 --> Session: Class initialized using 'CodeIgniter\Session\Handlers\FileHandler' driver.
INFO - 2023-12-03 21:53:37 --> Session: Class initialized using 'CodeIgniter\Session\Handlers\FileHandler' driver.
INFO - 2023-12-03 21:53:40 --> Session: Class initialized using 'CodeIgniter\Session\Handlers\FileHandler' driver.
INFO - 2023-12-03 21:53:40 --> Session: Class initialized using 'CodeIgniter\Session\Handlers\FileHandler' driver.
INFO - 2023-12-03 21:53:41 --> Session: Class initialized using 'CodeIgniter\Session\Handlers\FileHandler' driver.
INFO - 2023-12-03 21:53:48 --> Session: Class initialized using 'CodeIgniter\Session\Handlers\FileHandler' driver.
INFO - 2023-12-03 21:53:48 --> Session: Class initialized using 'CodeIgniter\Session\Handlers\FileHandler' driver.
INFO - 2023-12-03 21:57:15 --> Session: Class initialized using 'CodeIgniter\Session\Handlers\FileHandler' driver.
INFO - 2023-12-03 22:00:33 --> Session: Class initialized using 'CodeIgniter\Session\Handlers\FileHandler' driver.
INFO - 2023-12-03 22:00:33 --> Session: Class initialized using 'CodeIgniter\Session\Handlers\FileHandler' driver.
INFO - 2023-12-03 22:00:36 --> Session: Class initialized using 'CodeIgniter\Session\Handlers\FileHandler' driver.
INFO - 2023-12-03 22:02:36 --> Session: Class initialized using 'CodeIgniter\Session\Handlers\FileHandler' driver.
INFO - 2023-12-03 22:03:31 --> Session: Class initialized using 'CodeIgniter\Session\Handlers\FileHandler' driver.
INFO - 2023-12-03 22:03:41 --> Session: Class initialized using 'CodeIgniter\Session\Handlers\FileHandler' driver.
INFO - 2023-12-03 22:04:01 --> Session: Class initialized using 'CodeIgniter\Session\Handlers\FileHandler' driver.
INFO - 2023-12-03 22:04:33 --> Session: Class initialized using 'CodeIgniter\Session\Handlers\FileHandler' driver.
INFO - 2023-12-03 22:04:55 --> Session: Class initialized using 'CodeIgniter\Session\Handlers\FileHandler' driver.
INFO - 2023-12-03 22:10:18 --> Session: Class initialized using 'CodeIgniter\Session\Handlers\FileHandler' driver.
INFO - 2023-12-03 22:10:23 --> Session: Class initialized using 'CodeIgniter\Session\Handlers\FileHandler' driver.
INFO - 2023-12-03 22:10:25 --> Session: Class initialized using 'CodeIgniter\Session\Handlers\FileHandler' driver.
INFO - 2023-12-03 22:10:27 --> Session: Class initialized using 'CodeIgniter\Session\Handlers\FileHandler' driver.
INFO - 2023-12-03 22:10:28 --> Session: Class initialized using 'CodeIgniter\Session\Handlers\FileHandler' driver.
ERROR - 2023-12-03 22:12:38 --> mysqli_sql_exception: Unknown column 'Email' in 'field list' in /opt/lampp/htdocs/SportClubv1/vendor/codeigniter4/framework/system/Database/MySQLi/Connection.php:306
Stack trace:
#0 /opt/lampp/htdocs/SportClubv1/vendor/codeigniter4/framework/system/Database/MySQLi/Connection.php(306): mysqli->query('INSERT INTO `ut...', 0)
#1 /opt/lampp/htdocs/SportClubv1/vendor/codeigniter4/framework/system/Database/BaseConnection.php(693): CodeIgniter\Database\MySQLi\Connection->execute('INSERT INTO `ut...')
#2 /opt/lampp/htdocs/SportClubv1/vendor/codeigniter4/framework/system/Database/BaseConnection.php(607): CodeIgniter\Database\BaseConnection->simpleQuery('INSERT INTO `ut...')
#3 /opt/lampp/htdocs/SportClubv1/vendor/codeigniter4/framework/system/Database/BaseBuilder.php(2308): CodeIgniter\Database\BaseConnection->query('INSERT INTO `ut...', Array, false)
#4 /opt/lampp/htdocs/SportClubv1/vendor/codeigniter4/framework/system/Model.php(319): CodeIgniter\Database\BaseBuilder->insert()
#5 /opt/lampp/htdocs/SportClubv1/vendor/codeigniter4/framework/system/BaseModel.php(788): CodeIgniter\Model->doInsert(Array)
#6 /opt/lampp/htdocs/SportClubv1/vendor/codeigniter4/framework/system/Model.php(715): CodeIgniter\BaseModel->insert(Array, true)
#7 /opt/lampp/htdocs/SportClubv1/app/Controllers/Auth.php(58): CodeIgniter\Model->insert(Array)
#8 /opt/lampp/htdocs/SportClubv1/vendor/codeigniter4/framework/system/CodeIgniter.php(942): App\Controllers\Auth->create()
#9 /opt/lampp/htdocs/SportClubv1/vendor/codeigniter4/framework/system/CodeIgniter.php(502): CodeIgniter\CodeIgniter->runController(Object(App\Controllers\Auth))
#10 /opt/lampp/htdocs/SportClubv1/vendor/codeigniter4/framework/system/CodeIgniter.php(361): CodeIgniter\CodeIgniter->handleRequest(NULL, Object(Config\Cache), false)
#11 /opt/lampp/htdocs/SportClubv1/index.php(79): CodeIgniter\CodeIgniter->run()
#12 {main}
CRITICAL - 2023-12-03 22:12:38 --> Unknown column 'Email' in 'field list'
in SYSTEMPATH/Database/BaseConnection.php on line 647.
 1 SYSTEMPATH/Database/BaseBuilder.php(2308): CodeIgniter\Database\BaseConnection->query('INSERT INTO `utilisateurs` (`PseudoNom`, `Nom`, `Prenom`, `Adresse`, `Sexe`, `Profession`, `DateNaissance`, `Email`, `Password`) VALUES (:PseudoNom:, :Nom:, :Prenom:, :Adresse:, :Sexe:, :Profession:, :DateNaissance:, :Email:, :Password:)', [...], false)
 2 SYSTEMPATH/Model.php(319): CodeIgniter\Database\BaseBuilder->insert()
 3 SYSTEMPATH/BaseModel.php(788): CodeIgniter\Model->doInsert([...])
 4 SYSTEMPATH/Model.php(715): CodeIgniter\BaseModel->insert([...], true)
 5 APPPATH/Controllers/Auth.php(58): CodeIgniter\Model->insert([...])
 6 SYSTEMPATH/CodeIgniter.php(942): App\Controllers\Auth->create()
 7 SYSTEMPATH/CodeIgniter.php(502): CodeIgniter\CodeIgniter->runController(Object(App\Controllers\Auth))
 8 SYSTEMPATH/CodeIgniter.php(361): CodeIgniter\CodeIgniter->handleRequest(null, Object(Config\Cache), false)
 9 FCPATH/index.php(79): CodeIgniter\CodeIgniter->run()
INFO - 2023-12-03 22:13:20 --> Session: Class initialized using 'CodeIgniter\Session\Handlers\FileHandler' driver.
ERROR - 2023-12-03 22:15:17 --> mysqli_sql_exception: Unknown column 'Email' in 'field list' in /opt/lampp/htdocs/SportClubv1/vendor/codeigniter4/framework/system/Database/MySQLi/Connection.php:306
Stack trace:
#0 /opt/lampp/htdocs/SportClubv1/vendor/codeigniter4/framework/system/Database/MySQLi/Connection.php(306): mysqli->query('INSERT INTO `ut...', 0)
#1 /opt/lampp/htdocs/SportClubv1/vendor/codeigniter4/framework/system/Database/BaseConnection.php(693): CodeIgniter\Database\MySQLi\Connection->execute('INSERT INTO `ut...')
#2 /opt/lampp/htdocs/SportClubv1/vendor/codeigniter4/framework/system/Database/BaseConnection.php(607): CodeIgniter\Database\BaseConnection->simpleQuery('INSERT INTO `ut...')
#3 /opt/lampp/htdocs/SportClubv1/vendor/codeigniter4/framework/system/Database/BaseBuilder.php(2308): CodeIgniter\Database\BaseConnection->query('INSERT INTO `ut...', Array, false)
#4 /opt/lampp/htdocs/SportClubv1/vendor/codeigniter4/framework/system/Model.php(319): CodeIgniter\Database\BaseBuilder->insert()
#5 /opt/lampp/htdocs/SportClubv1/vendor/codeigniter4/framework/system/BaseModel.php(788): CodeIgniter\Model->doInsert(Array)
#6 /opt/lampp/htdocs/SportClubv1/vendor/codeigniter4/framework/system/Model.php(715): CodeIgniter\BaseModel->insert(Array, true)
#7 /opt/lampp/htdocs/SportClubv1/app/Controllers/Auth.php(58): CodeIgniter\Model->insert(Array)
#8 /opt/lampp/htdocs/SportClubv1/vendor/codeigniter4/framework/system/CodeIgniter.php(942): App\Controllers\Auth->create()
#9 /opt/lampp/htdocs/SportClubv1/vendor/codeigniter4/framework/system/CodeIgniter.php(502): CodeIgniter\CodeIgniter->runController(Object(App\Controllers\Auth))
#10 /opt/lampp/htdocs/SportClubv1/vendor/codeigniter4/framework/system/CodeIgniter.php(361): CodeIgniter\CodeIgniter->handleRequest(NULL, Object(Config\Cache), false)
#11 /opt/lampp/htdocs/SportClubv1/index.php(79): CodeIgniter\CodeIgniter->run()
#12 {main}
CRITICAL - 2023-12-03 22:15:17 --> Unknown column 'Email' in 'field list'
in SYSTEMPATH/Database/BaseConnection.php on line 647.
 1 SYSTEMPATH/Database/BaseBuilder.php(2308): CodeIgniter\Database\BaseConnection->query('INSERT INTO `utilisateurs` (`PseudoNom`, `Nom`, `Prenom`, `Adresse`, `Sexe`, `Profession`, `DateNaissance`, `Email`, `Password`) VALUES (:PseudoNom:, :Nom:, :Prenom:, :Adresse:, :Sexe:, :Profession:, :DateNaissance:, :Email:, :Password:)', [...], false)
 2 SYSTEMPATH/Model.php(319): CodeIgniter\Database\BaseBuilder->insert()
 3 SYSTEMPATH/BaseModel.php(788): CodeIgniter\Model->doInsert([...])
 4 SYSTEMPATH/Model.php(715): CodeIgniter\BaseModel->insert([...], true)
 5 APPPATH/Controllers/Auth.php(58): CodeIgniter\Model->insert([...])
 6 SYSTEMPATH/CodeIgniter.php(942): App\Controllers\Auth->create()
 7 SYSTEMPATH/CodeIgniter.php(502): CodeIgniter\CodeIgniter->runController(Object(App\Controllers\Auth))
 8 SYSTEMPATH/CodeIgniter.php(361): CodeIgniter\CodeIgniter->handleRequest(null, Object(Config\Cache), false)
 9 FCPATH/index.php(79): CodeIgniter\CodeIgniter->run()
INFO - 2023-12-03 22:15:43 --> Session: Class initialized using 'CodeIgniter\Session\Handlers\FileHandler' driver.
ERROR - 2023-12-03 22:15:45 --> mysqli_sql_exception: Unknown column 'Email' in 'field list' in /opt/lampp/htdocs/SportClubv1/vendor/codeigniter4/framework/system/Database/MySQLi/Connection.php:306
Stack trace:
#0 /opt/lampp/htdocs/SportClubv1/vendor/codeigniter4/framework/system/Database/MySQLi/Connection.php(306): mysqli->query('INSERT INTO `ut...', 0)
#1 /opt/lampp/htdocs/SportClubv1/vendor/codeigniter4/framework/system/Database/BaseConnection.php(693): CodeIgniter\Database\MySQLi\Connection->execute('INSERT INTO `ut...')
#2 /opt/lampp/htdocs/SportClubv1/vendor/codeigniter4/framework/system/Database/BaseConnection.php(607): CodeIgniter\Database\BaseConnection->simpleQuery('INSERT INTO `ut...')
#3 /opt/lampp/htdocs/SportClubv1/vendor/codeigniter4/framework/system/Database/BaseBuilder.php(2308): CodeIgniter\Database\BaseConnection->query('INSERT INTO `ut...', Array, false)
#4 /opt/lampp/htdocs/SportClubv1/vendor/codeigniter4/framework/system/Model.php(319): CodeIgniter\Database\BaseBuilder->insert()
#5 /opt/lampp/htdocs/SportClubv1/vendor/codeigniter4/framework/system/BaseModel.php(788): CodeIgniter\Model->doInsert(Array)
#6 /opt/lampp/htdocs/SportClubv1/vendor/codeigniter4/framework/system/Model.php(715): CodeIgniter\BaseModel->insert(Array, true)
#7 /opt/lampp/htdocs/SportClubv1/app/Controllers/Auth.php(58): CodeIgniter\Model->insert(Array)
#8 /opt/lampp/htdocs/SportClubv1/vendor/codeigniter4/framework/system/CodeIgniter.php(942): App\Controllers\Auth->create()
#9 /opt/lampp/htdocs/SportClubv1/vendor/codeigniter4/framework/system/CodeIgniter.php(502): CodeIgniter\CodeIgniter->runController(Object(App\Controllers\Auth))
#10 /opt/lampp/htdocs/SportClubv1/vendor/codeigniter4/framework/system/CodeIgniter.php(361): CodeIgniter\CodeIgniter->handleRequest(NULL, Object(Config\Cache), false)
#11 /opt/lampp/htdocs/SportClubv1/index.php(79): CodeIgniter\CodeIgniter->run()
#12 {main}
CRITICAL - 2023-12-03 22:15:45 --> Unknown column 'Email' in 'field list'
in SYSTEMPATH/Database/BaseConnection.php on line 647.
 1 SYSTEMPATH/Database/BaseBuilder.php(2308): CodeIgniter\Database\BaseConnection->query('INSERT INTO `utilisateurs` (`PseudoNom`, `Nom`, `Prenom`, `Adresse`, `Sexe`, `Profession`, `DateNaissance`, `Email`, `Password`) VALUES (:PseudoNom:, :Nom:, :Prenom:, :Adresse:, :Sexe:, :Profession:, :DateNaissance:, :Email:, :Password:)', [...], false)
 2 SYSTEMPATH/Model.php(319): CodeIgniter\Database\BaseBuilder->insert()
 3 SYSTEMPATH/BaseModel.php(788): CodeIgniter\Model->doInsert([...])
 4 SYSTEMPATH/Model.php(715): CodeIgniter\BaseModel->insert([...], true)
 5 APPPATH/Controllers/Auth.php(58): CodeIgniter\Model->insert([...])
 6 SYSTEMPATH/CodeIgniter.php(942): App\Controllers\Auth->create()
 7 SYSTEMPATH/CodeIgniter.php(502): CodeIgniter\CodeIgniter->runController(Object(App\Controllers\Auth))
 8 SYSTEMPATH/CodeIgniter.php(361): CodeIgniter\CodeIgniter->handleRequest(null, Object(Config\Cache), false)
 9 FCPATH/index.php(79): CodeIgniter\CodeIgniter->run()
ERROR - 2023-12-03 22:16:33 --> mysqli_sql_exception: Unknown column 'Email' in 'field list' in /opt/lampp/htdocs/SportClubv1/vendor/codeigniter4/framework/system/Database/MySQLi/Connection.php:306
Stack trace:
#0 /opt/lampp/htdocs/SportClubv1/vendor/codeigniter4/framework/system/Database/MySQLi/Connection.php(306): mysqli->query('INSERT INTO `ut...', 0)
#1 /opt/lampp/htdocs/SportClubv1/vendor/codeigniter4/framework/system/Database/BaseConnection.php(693): CodeIgniter\Database\MySQLi\Connection->execute('INSERT INTO `ut...')
#2 /opt/lampp/htdocs/SportClubv1/vendor/codeigniter4/framework/system/Database/BaseConnection.php(607): CodeIgniter\Database\BaseConnection->simpleQuery('INSERT INTO `ut...')
#3 /opt/lampp/htdocs/SportClubv1/vendor/codeigniter4/framework/system/Database/BaseBuilder.php(2308): CodeIgniter\Database\BaseConnection->query('INSERT INTO `ut...', Array, false)
#4 /opt/lampp/htdocs/SportClubv1/vendor/codeigniter4/framework/system/Model.php(319): CodeIgniter\Database\BaseBuilder->insert()
#5 /opt/lampp/htdocs/SportClubv1/vendor/codeigniter4/framework/system/BaseModel.php(788): CodeIgniter\Model->doInsert(Array)
#6 /opt/lampp/htdocs/SportClubv1/vendor/codeigniter4/framework/system/Model.php(715): CodeIgniter\BaseModel->insert(Array, true)
#7 /opt/lampp/htdocs/SportClubv1/app/Controllers/Auth.php(58): CodeIgniter\Model->insert(Array)
#8 /opt/lampp/htdocs/SportClubv1/vendor/codeigniter4/framework/system/CodeIgniter.php(942): App\Controllers\Auth->create()
#9 /opt/lampp/htdocs/SportClubv1/vendor/codeigniter4/framework/system/CodeIgniter.php(502): CodeIgniter\CodeIgniter->runController(Object(App\Controllers\Auth))
#10 /opt/lampp/htdocs/SportClubv1/vendor/codeigniter4/framework/system/CodeIgniter.php(361): CodeIgniter\CodeIgniter->handleRequest(NULL, Object(Config\Cache), false)
#11 /opt/lampp/htdocs/SportClubv1/index.php(79): CodeIgniter\CodeIgniter->run()
#12 {main}
CRITICAL - 2023-12-03 22:16:33 --> Unknown column 'Email' in 'field list'
in SYSTEMPATH/Database/BaseConnection.php on line 647.
 1 SYSTEMPATH/Database/BaseBuilder.php(2308): CodeIgniter\Database\BaseConnection->query('INSERT INTO `utilisateurs` (`PseudoNom`, `Nom`, `Prenom`, `Adresse`, `Sexe`, `Profession`, `DateNaissance`, `Email`, `Password`) VALUES (:PseudoNom:, :Nom:, :Prenom:, :Adresse:, :Sexe:, :Profession:, :DateNaissance:, :Email:, :Password:)', [...], false)
 2 SYSTEMPATH/Model.php(319): CodeIgniter\Database\BaseBuilder->insert()
 3 SYSTEMPATH/BaseModel.php(788): CodeIgniter\Model->doInsert([...])
 4 SYSTEMPATH/Model.php(715): CodeIgniter\BaseModel->insert([...], true)
 5 APPPATH/Controllers/Auth.php(58): CodeIgniter\Model->insert([...])
 6 SYSTEMPATH/CodeIgniter.php(942): App\Controllers\Auth->create()
 7 SYSTEMPATH/CodeIgniter.php(502): CodeIgniter\CodeIgniter->runController(Object(App\Controllers\Auth))
 8 SYSTEMPATH/CodeIgniter.php(361): CodeIgniter\CodeIgniter->handleRequest(null, Object(Config\Cache), false)
 9 FCPATH/index.php(79): CodeIgniter\CodeIgniter->run()
INFO - 2023-12-03 22:16:35 --> Session: Class initialized using 'CodeIgniter\Session\Handlers\FileHandler' driver.
INFO - 2023-12-03 22:17:21 --> Session: Class initialized using 'CodeIgniter\Session\Handlers\FileHandler' driver.
INFO - 2023-12-03 22:17:52 --> Session: Class initialized using 'CodeIgniter\Session\Handlers\FileHandler' driver.
INFO - 2023-12-03 22:17:53 --> Session: Class initialized using 'CodeIgniter\Session\Handlers\FileHandler' driver.
INFO - 2023-12-03 22:17:59 --> Session: Class initialized using 'CodeIgniter\Session\Handlers\FileHandler' driver.
INFO - 2023-12-03 22:17:59 --> Session: Class initialized using 'CodeIgniter\Session\Handlers\FileHandler' driver.
INFO - 2023-12-03 22:18:06 --> Session: Class initialized using 'CodeIgniter\Session\Handlers\FileHandler' driver.
INFO - 2023-12-03 22:18:06 --> Session: Class initialized using 'CodeIgniter\Session\Handlers\FileHandler' driver.
INFO - 2023-12-03 22:19:40 --> Session: Class initialized using 'CodeIgniter\Session\Handlers\FileHandler' driver.
INFO - 2023-12-03 22:25:20 --> Session: Class initialized using 'CodeIgniter\Session\Handlers\FileHandler' driver.
CRITICAL - 2023-12-03 22:36:05 --> Undefined property: App\Controllers\MailController::$db
in APPPATH/Controllers/MailController.php on line 27.
 1 APPPATH/Controllers/MailController.php(27): CodeIgniter\Debug\Exceptions->errorHandler(2, 'Undefined property: App\\Controllers\\MailController::$db', '/opt/lampp/htdocs/SportClubv1/app/Controllers/MailController.php', 27)
 2 SYSTEMPATH/CodeIgniter.php(942): App\Controllers\MailController->decline('1')
 3 SYSTEMPATH/CodeIgniter.php(502): CodeIgniter\CodeIgniter->runController(Object(App\Controllers\MailController))
 4 SYSTEMPATH/CodeIgniter.php(361): CodeIgniter\CodeIgniter->handleRequest(null, Object(Config\Cache), false)
 5 FCPATH/index.php(79): CodeIgniter\CodeIgniter->run()
INFO - 2023-12-03 22:37:19 --> Session: Class initialized using 'CodeIgniter\Session\Handlers\FileHandler' driver.
CRITICAL - 2023-12-03 22:37:23 --> Undefined array key "Email"
in APPPATH/Controllers/MailController.php on line 100.
 1 APPPATH/Controllers/MailController.php(100): CodeIgniter\Debug\Exceptions->errorHandler(2, 'Undefined array key "Email"', '/opt/lampp/htdocs/SportClubv1/app/Controllers/MailController.php', 100)
 2 SYSTEMPATH/CodeIgniter.php(942): App\Controllers\MailController->accept('1')
 3 SYSTEMPATH/CodeIgniter.php(502): CodeIgniter\CodeIgniter->runController(Object(App\Controllers\MailController))
 4 SYSTEMPATH/CodeIgniter.php(361): CodeIgniter\CodeIgniter->handleRequest(null, Object(Config\Cache), false)
 5 FCPATH/index.php(79): CodeIgniter\CodeIgniter->run()
INFO - 2023-12-03 22:37:41 --> Session: Class initialized using 'CodeIgniter\Session\Handlers\FileHandler' driver.
CRITICAL - 2023-12-03 22:37:44 --> Undefined property: App\Controllers\MailController::$db
in APPPATH/Controllers/MailController.php on line 27.
 1 APPPATH/Controllers/MailController.php(27): CodeIgniter\Debug\Exceptions->errorHandler(2, 'Undefined property: App\\Controllers\\MailController::$db', '/opt/lampp/htdocs/SportClubv1/app/Controllers/MailController.php', 27)
 2 SYSTEMPATH/CodeIgniter.php(942): App\Controllers\MailController->decline('1')
 3 SYSTEMPATH/CodeIgniter.php(502): CodeIgniter\CodeIgniter->runController(Object(App\Controllers\MailController))
 4 SYSTEMPATH/CodeIgniter.php(361): CodeIgniter\CodeIgniter->handleRequest(null, Object(Config\Cache), false)
 5 FCPATH/index.php(79): CodeIgniter\CodeIgniter->run()
CRITICAL - 2023-12-03 22:37:50 --> Undefined property: App\Controllers\MailController::$db
in APPPATH/Controllers/MailController.php on line 27.
 1 APPPATH/Controllers/MailController.php(27): CodeIgniter\Debug\Exceptions->errorHandler(2, 'Undefined property: App\\Controllers\\MailController::$db', '/opt/lampp/htdocs/SportClubv1/app/Controllers/MailController.php', 27)
 2 SYSTEMPATH/CodeIgniter.php(942): App\Controllers\MailController->decline('1')
 3 SYSTEMPATH/CodeIgniter.php(502): CodeIgniter\CodeIgniter->runController(Object(App\Controllers\MailController))
 4 SYSTEMPATH/CodeIgniter.php(361): CodeIgniter\CodeIgniter->handleRequest(null, Object(Config\Cache), false)
 5 FCPATH/index.php(79): CodeIgniter\CodeIgniter->run()
INFO - 2023-12-03 22:37:52 --> Session: Class initialized using 'CodeIgniter\Session\Handlers\FileHandler' driver.
CRITICAL - 2023-12-03 22:37:54 --> Undefined array key "Email"
in APPPATH/Controllers/MailController.php on line 100.
 1 APPPATH/Controllers/MailController.php(100): CodeIgniter\Debug\Exceptions->errorHandler(2, 'Undefined array key "Email"', '/opt/lampp/htdocs/SportClubv1/app/Controllers/MailController.php', 100)
 2 SYSTEMPATH/CodeIgniter.php(942): App\Controllers\MailController->accept('3')
 3 SYSTEMPATH/CodeIgniter.php(502): CodeIgniter\CodeIgniter->runController(Object(App\Controllers\MailController))
 4 SYSTEMPATH/CodeIgniter.php(361): CodeIgniter\CodeIgniter->handleRequest(null, Object(Config\Cache), false)
 5 FCPATH/index.php(79): CodeIgniter\CodeIgniter->run()
INFO - 2023-12-03 22:37:57 --> Session: Class initialized using 'CodeIgniter\Session\Handlers\FileHandler' driver.
INFO - 2023-12-03 22:38:42 --> Session: Class initialized using 'CodeIgniter\Session\Handlers\FileHandler' driver.
CRITICAL - 2023-12-03 22:38:44 --> Undefined array key "Email"
in APPPATH/Controllers/MailController.php on line 100.
 1 APPPATH/Controllers/MailController.php(100): CodeIgniter\Debug\Exceptions->errorHandler(2, 'Undefined array key "Email"', '/opt/lampp/htdocs/SportClubv1/app/Controllers/MailController.php', 100)
 2 SYSTEMPATH/CodeIgniter.php(942): App\Controllers\MailController->accept('1')
 3 SYSTEMPATH/CodeIgniter.php(502): CodeIgniter\CodeIgniter->runController(Object(App\Controllers\MailController))
 4 SYSTEMPATH/CodeIgniter.php(361): CodeIgniter\CodeIgniter->handleRequest(null, Object(Config\Cache), false)
 5 FCPATH/index.php(79): CodeIgniter\CodeIgniter->run()
INFO - 2023-12-03 22:39:34 --> Session: Class initialized using 'CodeIgniter\Session\Handlers\FileHandler' driver.
CRITICAL - 2023-12-03 22:39:36 --> Undefined array key "Email"
in APPPATH/Controllers/MailController.php on line 100.
 1 APPPATH/Controllers/MailController.php(100): CodeIgniter\Debug\Exceptions->errorHandler(2, 'Undefined array key "Email"', '/opt/lampp/htdocs/SportClubv1/app/Controllers/MailController.php', 100)
 2 SYSTEMPATH/CodeIgniter.php(942): App\Controllers\MailController->accept('1')
 3 SYSTEMPATH/CodeIgniter.php(502): CodeIgniter\CodeIgniter->runController(Object(App\Controllers\MailController))
 4 SYSTEMPATH/CodeIgniter.php(361): CodeIgniter\CodeIgniter->handleRequest(null, Object(Config\Cache), false)
 5 FCPATH/index.php(79): CodeIgniter\CodeIgniter->run()
INFO - 2023-12-03 22:39:58 --> Session: Class initialized using 'CodeIgniter\Session\Handlers\FileHandler' driver.
CRITICAL - 2023-12-03 22:40:00 --> Undefined property: App\Controllers\MailController::$db
in APPPATH/Controllers/MailController.php on line 27.
 1 APPPATH/Controllers/MailController.php(27): CodeIgniter\Debug\Exceptions->errorHandler(2, 'Undefined property: App\\Controllers\\MailController::$db', '/opt/lampp/htdocs/SportClubv1/app/Controllers/MailController.php', 27)
 2 SYSTEMPATH/CodeIgniter.php(942): App\Controllers\MailController->decline('1')
 3 SYSTEMPATH/CodeIgniter.php(502): CodeIgniter\CodeIgniter->runController(Object(App\Controllers\MailController))
 4 SYSTEMPATH/CodeIgniter.php(361): CodeIgniter\CodeIgniter->handleRequest(null, Object(Config\Cache), false)
 5 FCPATH/index.php(79): CodeIgniter\CodeIgniter->run()
INFO - 2023-12-03 22:40:43 --> Session: Class initialized using 'CodeIgniter\Session\Handlers\FileHandler' driver.
INFO - 2023-12-03 22:40:47 --> Session: Class initialized using 'CodeIgniter\Session\Handlers\FileHandler' driver.
INFO - 2023-12-03 22:43:34 --> Session: Class initialized using 'CodeIgniter\Session\Handlers\FileHandler' driver.
INFO - 2023-12-03 22:45:00 --> Session: Class initialized using 'CodeIgniter\Session\Handlers\FileHandler' driver.
CRITICAL - 2023-12-03 22:52:09 --> Undefined property: App\Controllers\MailController::$db
in APPPATH/Controllers/MailController.php on line 30.
 1 APPPATH/Controllers/MailController.php(30): CodeIgniter\Debug\Exceptions->errorHandler(2, 'Undefined property: App\\Controllers\\MailController::$db', '/opt/lampp/htdocs/SportClubv1/app/Controllers/MailController.php', 30)
 2 SYSTEMPATH/CodeIgniter.php(942): App\Controllers\MailController->decline('2')
 3 SYSTEMPATH/CodeIgniter.php(502): CodeIgniter\CodeIgniter->runController(Object(App\Controllers\MailController))
 4 SYSTEMPATH/CodeIgniter.php(361): CodeIgniter\CodeIgniter->handleRequest(null, Object(Config\Cache), false)
 5 FCPATH/index.php(79): CodeIgniter\CodeIgniter->run()
INFO - 2023-12-03 22:52:12 --> Session: Class initialized using 'CodeIgniter\Session\Handlers\FileHandler' driver.
INFO - 2023-12-03 22:56:27 --> Session: Class initialized using 'CodeIgniter\Session\Handlers\FileHandler' driver.
CRITICAL - 2023-12-03 22:56:29 --> Undefined property: App\Controllers\MailController::$db
in APPPATH/Controllers/MailController.php on line 36.
 1 APPPATH/Controllers/MailController.php(36): CodeIgniter\Debug\Exceptions->errorHandler(2, 'Undefined property: App\\Controllers\\MailController::$db', '/opt/lampp/htdocs/SportClubv1/app/Controllers/MailController.php', 36)
 2 SYSTEMPATH/CodeIgniter.php(942): App\Controllers\MailController->decline('1')
 3 SYSTEMPATH/CodeIgniter.php(502): CodeIgniter\CodeIgniter->runController(Object(App\Controllers\MailController))
 4 SYSTEMPATH/CodeIgniter.php(361): CodeIgniter\CodeIgniter->handleRequest(null, Object(Config\Cache), false)
 5 FCPATH/index.php(79): CodeIgniter\CodeIgniter->run()
INFO - 2023-12-03 22:56:31 --> Session: Class initialized using 'CodeIgniter\Session\Handlers\FileHandler' driver.
CRITICAL - 2023-12-03 22:56:34 --> Undefined property: App\Controllers\MailController::$db
in APPPATH/Controllers/MailController.php on line 36.
 1 APPPATH/Controllers/MailController.php(36): CodeIgniter\Debug\Exceptions->errorHandler(2, 'Undefined property: App\\Controllers\\MailController::$db', '/opt/lampp/htdocs/SportClubv1/app/Controllers/MailController.php', 36)
 2 SYSTEMPATH/CodeIgniter.php(942): App\Controllers\MailController->decline('2')
 3 SYSTEMPATH/CodeIgniter.php(502): CodeIgniter\CodeIgniter->runController(Object(App\Controllers\MailController))
 4 SYSTEMPATH/CodeIgniter.php(361): CodeIgniter\CodeIgniter->handleRequest(null, Object(Config\Cache), false)
 5 FCPATH/index.php(79): CodeIgniter\CodeIgniter->run()
INFO - 2023-12-03 22:56:40 --> Session: Class initialized using 'CodeIgniter\Session\Handlers\FileHandler' driver.
CRITICAL - 2023-12-03 22:58:12 --> Undefined property: App\Controllers\MailController::$db
in APPPATH/Controllers/MailController.php on line 36.
 1 APPPATH/Controllers/MailController.php(36): CodeIgniter\Debug\Exceptions->errorHandler(2, 'Undefined property: App\\Controllers\\MailController::$db', '/opt/lampp/htdocs/SportClubv1/app/Controllers/MailController.php', 36)
 2 SYSTEMPATH/CodeIgniter.php(942): App\Controllers\MailController->decline('1')
 3 SYSTEMPATH/CodeIgniter.php(502): CodeIgniter\CodeIgniter->runController(Object(App\Controllers\MailController))
 4 SYSTEMPATH/CodeIgniter.php(361): CodeIgniter\CodeIgniter->handleRequest(null, Object(Config\Cache), false)
 5 FCPATH/index.php(79): CodeIgniter\CodeIgniter->run()
INFO - 2023-12-03 22:58:15 --> Session: Class initialized using 'CodeIgniter\Session\Handlers\FileHandler' driver.
INFO - 2023-12-03 23:01:42 --> Session: Class initialized using 'CodeIgniter\Session\Handlers\FileHandler' driver.
CRITICAL - 2023-12-03 23:01:45 --> Undefined property: App\Controllers\MailController::$db
in APPPATH/Controllers/MailController.php on line 73.
 1 APPPATH/Controllers/MailController.php(73): CodeIgniter\Debug\Exceptions->errorHandler(2, 'Undefined property: App\\Controllers\\MailController::$db', '/opt/lampp/htdocs/SportClubv1/app/Controllers/MailController.php', 73)
 2 SYSTEMPATH/CodeIgniter.php(942): App\Controllers\MailController->decline('1')
 3 SYSTEMPATH/CodeIgniter.php(502): CodeIgniter\CodeIgniter->runController(Object(App\Controllers\MailController))
 4 SYSTEMPATH/CodeIgniter.php(361): CodeIgniter\CodeIgniter->handleRequest(null, Object(Config\Cache), false)
 5 FCPATH/index.php(79): CodeIgniter\CodeIgniter->run()
INFO - 2023-12-03 23:02:03 --> Session: Class initialized using 'CodeIgniter\Session\Handlers\FileHandler' driver.
INFO - 2023-12-03 23:02:07 --> Session: Class initialized using 'CodeIgniter\Session\Handlers\FileHandler' driver.
CRITICAL - 2023-12-03 23:07:15 --> Call to a member function set() on array
in APPPATH/Controllers/MailController.php on line 73.
 1 SYSTEMPATH/CodeIgniter.php(942): App\Controllers\MailController->decline('1')
 2 SYSTEMPATH/CodeIgniter.php(502): CodeIgniter\CodeIgniter->runController(Object(App\Controllers\MailController))
 3 SYSTEMPATH/CodeIgniter.php(361): CodeIgniter\CodeIgniter->handleRequest(null, Object(Config\Cache), false)
 4 FCPATH/index.php(79): CodeIgniter\CodeIgniter->run()
INFO - 2023-12-03 23:12:41 --> Session: Class initialized using 'CodeIgniter\Session\Handlers\FileHandler' driver.
INFO - 2023-12-03 23:12:42 --> Session: Class initialized using 'CodeIgniter\Session\Handlers\FileHandler' driver.
CRITICAL - 2023-12-03 23:12:47 --> Attempt to assign property "Status" on array
in APPPATH/Controllers/MailController.php on line 71.
 1 SYSTEMPATH/CodeIgniter.php(942): App\Controllers\MailController->decline('1')
 2 SYSTEMPATH/CodeIgniter.php(502): CodeIgniter\CodeIgniter->runController(Object(App\Controllers\MailController))
 3 SYSTEMPATH/CodeIgniter.php(361): CodeIgniter\CodeIgniter->handleRequest(null, Object(Config\Cache), false)
 4 FCPATH/index.php(79): CodeIgniter\CodeIgniter->run()
INFO - 2023-12-03 23:13:43 --> Session: Class initialized using 'CodeIgniter\Session\Handlers\FileHandler' driver.
CRITICAL - 2023-12-03 23:13:50 --> Attempt to assign property "Status" on array
in APPPATH/Controllers/MailController.php on line 72.
 1 SYSTEMPATH/CodeIgniter.php(942): App\Controllers\MailController->decline('1')
 2 SYSTEMPATH/CodeIgniter.php(502): CodeIgniter\CodeIgniter->runController(Object(App\Controllers\MailController))
 3 SYSTEMPATH/CodeIgniter.php(361): CodeIgniter\CodeIgniter->handleRequest(null, Object(Config\Cache), false)
 4 FCPATH/index.php(79): CodeIgniter\CodeIgniter->run()
INFO - 2023-12-03 23:16:13 --> Session: Class initialized using 'CodeIgniter\Session\Handlers\FileHandler' driver.
CRITICAL - 2023-12-03 23:16:18 --> Call to undefined method stdClass::update()
in APPPATH/Controllers/MailController.php on line 74.
 1 SYSTEMPATH/CodeIgniter.php(942): App\Controllers\MailController->decline('1')
 2 SYSTEMPATH/CodeIgniter.php(502): CodeIgniter\CodeIgniter->runController(Object(App\Controllers\MailController))
 3 SYSTEMPATH/CodeIgniter.php(361): CodeIgniter\CodeIgniter->handleRequest(null, Object(Config\Cache), false)
 4 FCPATH/index.php(79): CodeIgniter\CodeIgniter->run()
INFO - 2023-12-03 23:17:01 --> Session: Class initialized using 'CodeIgniter\Session\Handlers\FileHandler' driver.
CRITICAL - 2023-12-03 23:17:10 --> Call to undefined method stdClass::update()
in APPPATH/Controllers/MailController.php on line 74.
 1 SYSTEMPATH/CodeIgniter.php(942): App\Controllers\MailController->decline('1')
 2 SYSTEMPATH/CodeIgniter.php(502): CodeIgniter\CodeIgniter->runController(Object(App\Controllers\MailController))
 3 SYSTEMPATH/CodeIgniter.php(361): CodeIgniter\CodeIgniter->handleRequest(null, Object(Config\Cache), false)
 4 FCPATH/index.php(79): CodeIgniter\CodeIgniter->run()
INFO - 2023-12-03 23:17:34 --> Session: Class initialized using 'CodeIgniter\Session\Handlers\FileHandler' driver.
INFO - 2023-12-03 23:17:38 --> Session: Class initialized using 'CodeIgniter\Session\Handlers\FileHandler' driver.
INFO - 2023-12-03 23:17:50 --> Session: Class initialized using 'CodeIgniter\Session\Handlers\FileHandler' driver.
INFO - 2023-12-03 23:19:22 --> Session: Class initialized using 'CodeIgniter\Session\Handlers\FileHandler' driver.
CRITICAL - 2023-12-03 23:21:44 --> There is no data to update.
in SYSTEMPATH/BaseModel.php on line 930.
 1 SYSTEMPATH/BaseModel.php(930): CodeIgniter\Database\Exceptions\DataException::forEmptyDataset('update')
 2 SYSTEMPATH/Model.php(776): CodeIgniter\BaseModel->update(null, [])
 3 APPPATH/Controllers/MailController.php(77): CodeIgniter\Model->update()
 4 SYSTEMPATH/CodeIgniter.php(942): App\Controllers\MailController->decline('1')
 5 SYSTEMPATH/CodeIgniter.php(502): CodeIgniter\CodeIgniter->runController(Object(App\Controllers\MailController))
 6 SYSTEMPATH/CodeIgniter.php(361): CodeIgniter\CodeIgniter->handleRequest(null, Object(Config\Cache), false)
 7 FCPATH/index.php(79): CodeIgniter\CodeIgniter->run()
INFO - 2023-12-03 23:21:53 --> Session: Class initialized using 'CodeIgniter\Session\Handlers\FileHandler' driver.
CRITICAL - 2023-12-03 23:21:57 --> There is no data to update.
in SYSTEMPATH/BaseModel.php on line 930.
 1 SYSTEMPATH/BaseModel.php(930): CodeIgniter\Database\Exceptions\DataException::forEmptyDataset('update')
 2 SYSTEMPATH/Model.php(776): CodeIgniter\BaseModel->update(null, [])
 3 APPPATH/Controllers/MailController.php(77): CodeIgniter\Model->update()
 4 SYSTEMPATH/CodeIgniter.php(942): App\Controllers\MailController->decline('1')
 5 SYSTEMPATH/CodeIgniter.php(502): CodeIgniter\CodeIgniter->runController(Object(App\Controllers\MailController))
 6 SYSTEMPATH/CodeIgniter.php(361): CodeIgniter\CodeIgniter->handleRequest(null, Object(Config\Cache), false)
 7 FCPATH/index.php(79): CodeIgniter\CodeIgniter->run()
INFO - 2023-12-03 23:23:21 --> Session: Class initialized using 'CodeIgniter\Session\Handlers\FileHandler' driver.
INFO - 2023-12-03 23:23:26 --> Session: Class initialized using 'CodeIgniter\Session\Handlers\FileHandler' driver.
INFO - 2023-12-03 23:25:46 --> Session: Class initialized using 'CodeIgniter\Session\Handlers\FileHandler' driver.
INFO - 2023-12-03 23:29:46 --> Session: Class initialized using 'CodeIgniter\Session\Handlers\FileHandler' driver.
INFO - 2023-12-03 23:30:40 --> Session: Class initialized using 'CodeIgniter\Session\Handlers\FileHandler' driver.
INFO - 2023-12-03 23:30:47 --> Session: Class initialized using 'CodeIgniter\Session\Handlers\FileHandler' driver.
INFO - 2023-12-03 23:30:47 --> Session: Class initialized using 'CodeIgniter\Session\Handlers\FileHandler' driver.
INFO - 2023-12-03 23:30:54 --> Session: Class initialized using 'CodeIgniter\Session\Handlers\FileHandler' driver.
INFO - 2023-12-03 23:30:54 --> Session: Class initialized using 'CodeIgniter\Session\Handlers\FileHandler' driver.
INFO - 2023-12-03 23:31:12 --> Session: Class initialized using 'CodeIgniter\Session\Handlers\FileHandler' driver.
INFO - 2023-12-03 23:31:28 --> Session: Class initialized using 'CodeIgniter\Session\Handlers\FileHandler' driver.
INFO - 2023-12-03 23:35:03 --> Session: Class initialized using 'CodeIgniter\Session\Handlers\FileHandler' driver.
INFO - 2023-12-03 23:36:08 --> Session: Class initialized using 'CodeIgniter\Session\Handlers\FileHandler' driver.
INFO - 2023-12-03 23:36:09 --> Session: Class initialized using 'CodeIgniter\Session\Handlers\FileHandler' driver.
INFO - 2023-12-03 23:36:09 --> Session: Class initialized using 'CodeIgniter\Session\Handlers\FileHandler' driver.
INFO - 2023-12-03 23:36:10 --> Session: Class initialized using 'CodeIgniter\Session\Handlers\FileHandler' driver.
INFO - 2023-12-03 23:36:10 --> Session: Class initialized using 'CodeIgniter\Session\Handlers\FileHandler' driver.
INFO - 2023-12-03 23:37:17 --> Session: Class initialized using 'CodeIgniter\Session\Handlers\FileHandler' driver.
INFO - 2023-12-03 23:37:18 --> Session: Class initialized using 'CodeIgniter\Session\Handlers\FileHandler' driver.
INFO - 2023-12-03 23:37:19 --> Session: Class initialized using 'CodeIgniter\Session\Handlers\FileHandler' driver.
INFO - 2023-12-03 23:37:31 --> Session: Class initialized using 'CodeIgniter\Session\Handlers\FileHandler' driver.
INFO - 2023-12-03 23:37:32 --> Session: Class initialized using 'CodeIgniter\Session\Handlers\FileHandler' driver.
INFO - 2023-12-03 23:37:32 --> Session: Class initialized using 'CodeIgniter\Session\Handlers\FileHandler' driver.
INFO - 2023-12-03 23:38:14 --> Session: Class initialized using 'CodeIgniter\Session\Handlers\FileHandler' driver.
INFO - 2023-12-03 23:38:15 --> Session: Class initialized using 'CodeIgniter\Session\Handlers\FileHandler' driver.
INFO - 2023-12-03 23:38:17 --> Session: Class initialized using 'CodeIgniter\Session\Handlers\FileHandler' driver.
INFO - 2023-12-03 23:38:17 --> Session: Class initialized using 'CodeIgniter\Session\Handlers\FileHandler' driver.
INFO - 2023-12-03 23:39:01 --> Session: Class initialized using 'CodeIgniter\Session\Handlers\FileHandler' driver.
INFO - 2023-12-03 23:39:02 --> Session: Class initialized using 'CodeIgniter\Session\Handlers\FileHandler' driver.
INFO - 2023-12-03 23:39:41 --> Session: Class initialized using 'CodeIgniter\Session\Handlers\FileHandler' driver.
INFO - 2023-12-03 23:39:41 --> Session: Class initialized using 'CodeIgniter\Session\Handlers\FileHandler' driver.
INFO - 2023-12-03 23:39:42 --> Session: Class initialized using 'CodeIgniter\Session\Handlers\FileHandler' driver.
INFO - 2023-12-03 23:55:54 --> Session: Class initialized using 'CodeIgniter\Session\Handlers\FileHandler' driver.
INFO - 2023-12-03 23:56:44 --> Session: Class initialized using 'CodeIgniter\Session\Handlers\FileHandler' driver.
INFO - 2023-12-03 23:57:01 --> Session: Class initialized using 'CodeIgniter\Session\Handlers\FileHandler' driver.
INFO - 2023-12-03 23:57:08 --> Session: Class initialized using 'CodeIgniter\Session\Handlers\FileHandler' driver.
INFO - 2023-12-03 23:57:24 --> Session: Class initialized using 'CodeIgniter\Session\Handlers\FileHandler' driver.
INFO - 2023-12-03 23:57:30 --> Session: Class initialized using 'CodeIgniter\Session\Handlers\FileHandler' driver.
INFO - 2023-12-03 23:57:46 --> Session: Class initialized using 'CodeIgniter\Session\Handlers\FileHandler' driver.
INFO - 2023-12-03 23:58:50 --> Session: Class initialized using 'CodeIgniter\Session\Handlers\FileHandler' driver.
INFO - 2023-12-03 23:58:54 --> Session: Class initialized using 'CodeIgniter\Session\Handlers\FileHandler' driver.
INFO - 2023-12-03 23:59:09 --> Session: Class initialized using 'CodeIgniter\Session\Handlers\FileHandler' driver.
INFO - 2023-12-03 23:59:19 --> Session: Class initialized using 'CodeIgniter\Session\Handlers\FileHandler' driver.
INFO - 2023-12-03 23:59:30 --> Session: Class initialized using 'CodeIgniter\Session\Handlers\FileHandler' driver.
INFO - 2023-12-03 23:59:43 --> Session: Class initialized using 'CodeIgniter\Session\Handlers\FileHandler' driver.
INFO - 2023-12-03 23:59:57 --> Session: Class initialized using 'CodeIgniter\Session\Handlers\FileHandler' driver.
