CRITICAL - 2023-12-11 10:02:23 --> Undefined variable $reclam
in APPPATH/Views/Pages/ListReclamation.php on line 83.
 1 APPPATH/Views/Pages/ListReclamation.php(83): CodeIgniter\Debug\Exceptions->errorHandler()
 2 SYSTEMPATH/View/View.php(228): include('/home/mrb/Desktop/SportClubv1/app/Views/Pages/ListReclamation.php')
 3 SYSTEMPATH/View/View.php(231): CodeIgniter\View\View->CodeIgniter\View\{closure}()
 4 SYSTEMPATH/Common.php(1190): CodeIgniter\View\View->render()
 5 APPPATH/Views/InnerPages/template_date.php(19): view()
 6 SYSTEMPATH/View/View.php(228): include('/home/mrb/Desktop/SportClubv1/app/Views/InnerPages/template_date.php')
 7 SYSTEMPATH/View/View.php(231): CodeIgniter\View\View->CodeIgniter\View\{closure}()
 8 SYSTEMPATH/Common.php(1190): CodeIgniter\View\View->render()
 9 APPPATH/Controllers/ReclamationController.php(68): view()
10 SYSTEMPATH/CodeIgniter.php(942): App\Controllers\ReclamationController->listreclamation()
11 SYSTEMPATH/CodeIgniter.php(502): CodeIgniter\CodeIgniter->runController()
12 SYSTEMPATH/CodeIgniter.php(361): CodeIgniter\CodeIgniter->handleRequest()
13 FCPATH/index.php(79): CodeIgniter\CodeIgniter->run()
14 SYSTEMPATH/Commands/Server/rewrite.php(47): require_once('/home/mrb/Desktop/SportClubv1/public/index.php')
CRITICAL - 2023-12-11 10:02:26 --> Undefined variable $reclam
in APPPATH/Views/Pages/ListReclamation.php on line 83.
 1 APPPATH/Views/Pages/ListReclamation.php(83): CodeIgniter\Debug\Exceptions->errorHandler()
 2 SYSTEMPATH/View/View.php(228): include('/home/mrb/Desktop/SportClubv1/app/Views/Pages/ListReclamation.php')
 3 SYSTEMPATH/View/View.php(231): CodeIgniter\View\View->CodeIgniter\View\{closure}()
 4 SYSTEMPATH/Common.php(1190): CodeIgniter\View\View->render()
 5 APPPATH/Views/InnerPages/template_date.php(19): view()
 6 SYSTEMPATH/View/View.php(228): include('/home/mrb/Desktop/SportClubv1/app/Views/InnerPages/template_date.php')
 7 SYSTEMPATH/View/View.php(231): CodeIgniter\View\View->CodeIgniter\View\{closure}()
 8 SYSTEMPATH/Common.php(1190): CodeIgniter\View\View->render()
 9 APPPATH/Controllers/ReclamationController.php(68): view()
10 SYSTEMPATH/CodeIgniter.php(942): App\Controllers\ReclamationController->listreclamation()
11 SYSTEMPATH/CodeIgniter.php(502): CodeIgniter\CodeIgniter->runController()
12 SYSTEMPATH/CodeIgniter.php(361): CodeIgniter\CodeIgniter->handleRequest()
13 FCPATH/index.php(79): CodeIgniter\CodeIgniter->run()
14 SYSTEMPATH/Commands/Server/rewrite.php(47): require_once('/home/mrb/Desktop/SportClubv1/public/index.php')
CRITICAL - 2023-12-11 10:02:30 --> Undefined variable $reclam
in APPPATH/Views/Pages/ListReclamation.php on line 83.
 1 APPPATH/Views/Pages/ListReclamation.php(83): CodeIgniter\Debug\Exceptions->errorHandler()
 2 SYSTEMPATH/View/View.php(228): include('/home/mrb/Desktop/SportClubv1/app/Views/Pages/ListReclamation.php')
 3 SYSTEMPATH/View/View.php(231): CodeIgniter\View\View->CodeIgniter\View\{closure}()
 4 SYSTEMPATH/Common.php(1190): CodeIgniter\View\View->render()
 5 APPPATH/Views/InnerPages/template_date.php(19): view()
 6 SYSTEMPATH/View/View.php(228): include('/home/mrb/Desktop/SportClubv1/app/Views/InnerPages/template_date.php')
 7 SYSTEMPATH/View/View.php(231): CodeIgniter\View\View->CodeIgniter\View\{closure}()
 8 SYSTEMPATH/Common.php(1190): CodeIgniter\View\View->render()
 9 APPPATH/Controllers/ReclamationController.php(68): view()
10 SYSTEMPATH/CodeIgniter.php(942): App\Controllers\ReclamationController->listreclamation()
11 SYSTEMPATH/CodeIgniter.php(502): CodeIgniter\CodeIgniter->runController()
12 SYSTEMPATH/CodeIgniter.php(361): CodeIgniter\CodeIgniter->handleRequest()
13 FCPATH/index.php(79): CodeIgniter\CodeIgniter->run()
14 SYSTEMPATH/Commands/Server/rewrite.php(47): require_once('/home/mrb/Desktop/SportClubv1/public/index.php')
CRITICAL - 2023-12-11 10:02:31 --> Undefined variable $reclam
in APPPATH/Views/Pages/ListReclamation.php on line 83.
 1 APPPATH/Views/Pages/ListReclamation.php(83): CodeIgniter\Debug\Exceptions->errorHandler()
 2 SYSTEMPATH/View/View.php(228): include('/home/mrb/Desktop/SportClubv1/app/Views/Pages/ListReclamation.php')
 3 SYSTEMPATH/View/View.php(231): CodeIgniter\View\View->CodeIgniter\View\{closure}()
 4 SYSTEMPATH/Common.php(1190): CodeIgniter\View\View->render()
 5 APPPATH/Views/InnerPages/template_date.php(19): view()
 6 SYSTEMPATH/View/View.php(228): include('/home/mrb/Desktop/SportClubv1/app/Views/InnerPages/template_date.php')
 7 SYSTEMPATH/View/View.php(231): CodeIgniter\View\View->CodeIgniter\View\{closure}()
 8 SYSTEMPATH/Common.php(1190): CodeIgniter\View\View->render()
 9 APPPATH/Controllers/ReclamationController.php(68): view()
10 SYSTEMPATH/CodeIgniter.php(942): App\Controllers\ReclamationController->listreclamation()
11 SYSTEMPATH/CodeIgniter.php(502): CodeIgniter\CodeIgniter->runController()
12 SYSTEMPATH/CodeIgniter.php(361): CodeIgniter\CodeIgniter->handleRequest()
13 FCPATH/index.php(79): CodeIgniter\CodeIgniter->run()
14 SYSTEMPATH/Commands/Server/rewrite.php(47): require_once('/home/mrb/Desktop/SportClubv1/public/index.php')
CRITICAL - 2023-12-11 10:02:36 --> Undefined variable $reclam
in APPPATH/Views/Pages/ListReclamation.php on line 83.
 1 APPPATH/Views/Pages/ListReclamation.php(83): CodeIgniter\Debug\Exceptions->errorHandler()
 2 SYSTEMPATH/View/View.php(228): include('/home/mrb/Desktop/SportClubv1/app/Views/Pages/ListReclamation.php')
 3 SYSTEMPATH/View/View.php(231): CodeIgniter\View\View->CodeIgniter\View\{closure}()
 4 SYSTEMPATH/Common.php(1190): CodeIgniter\View\View->render()
 5 APPPATH/Views/InnerPages/template_date.php(19): view()
 6 SYSTEMPATH/View/View.php(228): include('/home/mrb/Desktop/SportClubv1/app/Views/InnerPages/template_date.php')
 7 SYSTEMPATH/View/View.php(231): CodeIgniter\View\View->CodeIgniter\View\{closure}()
 8 SYSTEMPATH/Common.php(1190): CodeIgniter\View\View->render()
 9 APPPATH/Controllers/ReclamationController.php(68): view()
10 SYSTEMPATH/CodeIgniter.php(942): App\Controllers\ReclamationController->listreclamation()
11 SYSTEMPATH/CodeIgniter.php(502): CodeIgniter\CodeIgniter->runController()
12 SYSTEMPATH/CodeIgniter.php(361): CodeIgniter\CodeIgniter->handleRequest()
13 FCPATH/index.php(79): CodeIgniter\CodeIgniter->run()
14 SYSTEMPATH/Commands/Server/rewrite.php(47): require_once('/home/mrb/Desktop/SportClubv1/public/index.php')
CRITICAL - 2023-12-11 10:02:36 --> Undefined variable $reclam
in APPPATH/Views/Pages/ListReclamation.php on line 83.
 1 APPPATH/Views/Pages/ListReclamation.php(83): CodeIgniter\Debug\Exceptions->errorHandler()
 2 SYSTEMPATH/View/View.php(228): include('/home/mrb/Desktop/SportClubv1/app/Views/Pages/ListReclamation.php')
 3 SYSTEMPATH/View/View.php(231): CodeIgniter\View\View->CodeIgniter\View\{closure}()
 4 SYSTEMPATH/Common.php(1190): CodeIgniter\View\View->render()
 5 APPPATH/Views/InnerPages/template_date.php(19): view()
 6 SYSTEMPATH/View/View.php(228): include('/home/mrb/Desktop/SportClubv1/app/Views/InnerPages/template_date.php')
 7 SYSTEMPATH/View/View.php(231): CodeIgniter\View\View->CodeIgniter\View\{closure}()
 8 SYSTEMPATH/Common.php(1190): CodeIgniter\View\View->render()
 9 APPPATH/Controllers/ReclamationController.php(68): view()
10 SYSTEMPATH/CodeIgniter.php(942): App\Controllers\ReclamationController->listreclamation()
11 SYSTEMPATH/CodeIgniter.php(502): CodeIgniter\CodeIgniter->runController()
12 SYSTEMPATH/CodeIgniter.php(361): CodeIgniter\CodeIgniter->handleRequest()
13 FCPATH/index.php(79): CodeIgniter\CodeIgniter->run()
14 SYSTEMPATH/Commands/Server/rewrite.php(47): require_once('/home/mrb/Desktop/SportClubv1/public/index.php')
CRITICAL - 2023-12-11 10:02:37 --> Undefined variable $reclam
in APPPATH/Views/Pages/ListReclamation.php on line 83.
 1 APPPATH/Views/Pages/ListReclamation.php(83): CodeIgniter\Debug\Exceptions->errorHandler()
 2 SYSTEMPATH/View/View.php(228): include('/home/mrb/Desktop/SportClubv1/app/Views/Pages/ListReclamation.php')
 3 SYSTEMPATH/View/View.php(231): CodeIgniter\View\View->CodeIgniter\View\{closure}()
 4 SYSTEMPATH/Common.php(1190): CodeIgniter\View\View->render()
 5 APPPATH/Views/InnerPages/template_date.php(19): view()
 6 SYSTEMPATH/View/View.php(228): include('/home/mrb/Desktop/SportClubv1/app/Views/InnerPages/template_date.php')
 7 SYSTEMPATH/View/View.php(231): CodeIgniter\View\View->CodeIgniter\View\{closure}()
 8 SYSTEMPATH/Common.php(1190): CodeIgniter\View\View->render()
 9 APPPATH/Controllers/ReclamationController.php(68): view()
10 SYSTEMPATH/CodeIgniter.php(942): App\Controllers\ReclamationController->listreclamation()
11 SYSTEMPATH/CodeIgniter.php(502): CodeIgniter\CodeIgniter->runController()
12 SYSTEMPATH/CodeIgniter.php(361): CodeIgniter\CodeIgniter->handleRequest()
13 FCPATH/index.php(79): CodeIgniter\CodeIgniter->run()
14 SYSTEMPATH/Commands/Server/rewrite.php(47): require_once('/home/mrb/Desktop/SportClubv1/public/index.php')
CRITICAL - 2023-12-11 10:02:37 --> Undefined variable $reclam
in APPPATH/Views/Pages/ListReclamation.php on line 83.
 1 APPPATH/Views/Pages/ListReclamation.php(83): CodeIgniter\Debug\Exceptions->errorHandler()
 2 SYSTEMPATH/View/View.php(228): include('/home/mrb/Desktop/SportClubv1/app/Views/Pages/ListReclamation.php')
 3 SYSTEMPATH/View/View.php(231): CodeIgniter\View\View->CodeIgniter\View\{closure}()
 4 SYSTEMPATH/Common.php(1190): CodeIgniter\View\View->render()
 5 APPPATH/Views/InnerPages/template_date.php(19): view()
 6 SYSTEMPATH/View/View.php(228): include('/home/mrb/Desktop/SportClubv1/app/Views/InnerPages/template_date.php')
 7 SYSTEMPATH/View/View.php(231): CodeIgniter\View\View->CodeIgniter\View\{closure}()
 8 SYSTEMPATH/Common.php(1190): CodeIgniter\View\View->render()
 9 APPPATH/Controllers/ReclamationController.php(68): view()
10 SYSTEMPATH/CodeIgniter.php(942): App\Controllers\ReclamationController->listreclamation()
11 SYSTEMPATH/CodeIgniter.php(502): CodeIgniter\CodeIgniter->runController()
12 SYSTEMPATH/CodeIgniter.php(361): CodeIgniter\CodeIgniter->handleRequest()
13 FCPATH/index.php(79): CodeIgniter\CodeIgniter->run()
14 SYSTEMPATH/Commands/Server/rewrite.php(47): require_once('/home/mrb/Desktop/SportClubv1/public/index.php')
CRITICAL - 2023-12-11 10:02:37 --> Undefined variable $reclam
in APPPATH/Views/Pages/ListReclamation.php on line 83.
 1 APPPATH/Views/Pages/ListReclamation.php(83): CodeIgniter\Debug\Exceptions->errorHandler()
 2 SYSTEMPATH/View/View.php(228): include('/home/mrb/Desktop/SportClubv1/app/Views/Pages/ListReclamation.php')
 3 SYSTEMPATH/View/View.php(231): CodeIgniter\View\View->CodeIgniter\View\{closure}()
 4 SYSTEMPATH/Common.php(1190): CodeIgniter\View\View->render()
 5 APPPATH/Views/InnerPages/template_date.php(19): view()
 6 SYSTEMPATH/View/View.php(228): include('/home/mrb/Desktop/SportClubv1/app/Views/InnerPages/template_date.php')
 7 SYSTEMPATH/View/View.php(231): CodeIgniter\View\View->CodeIgniter\View\{closure}()
 8 SYSTEMPATH/Common.php(1190): CodeIgniter\View\View->render()
 9 APPPATH/Controllers/ReclamationController.php(68): view()
10 SYSTEMPATH/CodeIgniter.php(942): App\Controllers\ReclamationController->listreclamation()
11 SYSTEMPATH/CodeIgniter.php(502): CodeIgniter\CodeIgniter->runController()
12 SYSTEMPATH/CodeIgniter.php(361): CodeIgniter\CodeIgniter->handleRequest()
13 FCPATH/index.php(79): CodeIgniter\CodeIgniter->run()
14 SYSTEMPATH/Commands/Server/rewrite.php(47): require_once('/home/mrb/Desktop/SportClubv1/public/index.php')
CRITICAL - 2023-12-11 10:02:37 --> Undefined variable $reclam
in APPPATH/Views/Pages/ListReclamation.php on line 83.
 1 APPPATH/Views/Pages/ListReclamation.php(83): CodeIgniter\Debug\Exceptions->errorHandler()
 2 SYSTEMPATH/View/View.php(228): include('/home/mrb/Desktop/SportClubv1/app/Views/Pages/ListReclamation.php')
 3 SYSTEMPATH/View/View.php(231): CodeIgniter\View\View->CodeIgniter\View\{closure}()
 4 SYSTEMPATH/Common.php(1190): CodeIgniter\View\View->render()
 5 APPPATH/Views/InnerPages/template_date.php(19): view()
 6 SYSTEMPATH/View/View.php(228): include('/home/mrb/Desktop/SportClubv1/app/Views/InnerPages/template_date.php')
 7 SYSTEMPATH/View/View.php(231): CodeIgniter\View\View->CodeIgniter\View\{closure}()
 8 SYSTEMPATH/Common.php(1190): CodeIgniter\View\View->render()
 9 APPPATH/Controllers/ReclamationController.php(68): view()
10 SYSTEMPATH/CodeIgniter.php(942): App\Controllers\ReclamationController->listreclamation()
11 SYSTEMPATH/CodeIgniter.php(502): CodeIgniter\CodeIgniter->runController()
12 SYSTEMPATH/CodeIgniter.php(361): CodeIgniter\CodeIgniter->handleRequest()
13 FCPATH/index.php(79): CodeIgniter\CodeIgniter->run()
14 SYSTEMPATH/Commands/Server/rewrite.php(47): require_once('/home/mrb/Desktop/SportClubv1/public/index.php')
CRITICAL - 2023-12-11 10:02:37 --> Undefined variable $reclam
in APPPATH/Views/Pages/ListReclamation.php on line 83.
 1 APPPATH/Views/Pages/ListReclamation.php(83): CodeIgniter\Debug\Exceptions->errorHandler()
 2 SYSTEMPATH/View/View.php(228): include('/home/mrb/Desktop/SportClubv1/app/Views/Pages/ListReclamation.php')
 3 SYSTEMPATH/View/View.php(231): CodeIgniter\View\View->CodeIgniter\View\{closure}()
 4 SYSTEMPATH/Common.php(1190): CodeIgniter\View\View->render()
 5 APPPATH/Views/InnerPages/template_date.php(19): view()
 6 SYSTEMPATH/View/View.php(228): include('/home/mrb/Desktop/SportClubv1/app/Views/InnerPages/template_date.php')
 7 SYSTEMPATH/View/View.php(231): CodeIgniter\View\View->CodeIgniter\View\{closure}()
 8 SYSTEMPATH/Common.php(1190): CodeIgniter\View\View->render()
 9 APPPATH/Controllers/ReclamationController.php(68): view()
10 SYSTEMPATH/CodeIgniter.php(942): App\Controllers\ReclamationController->listreclamation()
11 SYSTEMPATH/CodeIgniter.php(502): CodeIgniter\CodeIgniter->runController()
12 SYSTEMPATH/CodeIgniter.php(361): CodeIgniter\CodeIgniter->handleRequest()
13 FCPATH/index.php(79): CodeIgniter\CodeIgniter->run()
14 SYSTEMPATH/Commands/Server/rewrite.php(47): require_once('/home/mrb/Desktop/SportClubv1/public/index.php')
CRITICAL - 2023-12-11 10:02:37 --> Undefined variable $reclam
in APPPATH/Views/Pages/ListReclamation.php on line 83.
 1 APPPATH/Views/Pages/ListReclamation.php(83): CodeIgniter\Debug\Exceptions->errorHandler()
 2 SYSTEMPATH/View/View.php(228): include('/home/mrb/Desktop/SportClubv1/app/Views/Pages/ListReclamation.php')
 3 SYSTEMPATH/View/View.php(231): CodeIgniter\View\View->CodeIgniter\View\{closure}()
 4 SYSTEMPATH/Common.php(1190): CodeIgniter\View\View->render()
 5 APPPATH/Views/InnerPages/template_date.php(19): view()
 6 SYSTEMPATH/View/View.php(228): include('/home/mrb/Desktop/SportClubv1/app/Views/InnerPages/template_date.php')
 7 SYSTEMPATH/View/View.php(231): CodeIgniter\View\View->CodeIgniter\View\{closure}()
 8 SYSTEMPATH/Common.php(1190): CodeIgniter\View\View->render()
 9 APPPATH/Controllers/ReclamationController.php(68): view()
10 SYSTEMPATH/CodeIgniter.php(942): App\Controllers\ReclamationController->listreclamation()
11 SYSTEMPATH/CodeIgniter.php(502): CodeIgniter\CodeIgniter->runController()
12 SYSTEMPATH/CodeIgniter.php(361): CodeIgniter\CodeIgniter->handleRequest()
13 FCPATH/index.php(79): CodeIgniter\CodeIgniter->run()
14 SYSTEMPATH/Commands/Server/rewrite.php(47): require_once('/home/mrb/Desktop/SportClubv1/public/index.php')
CRITICAL - 2023-12-11 10:02:38 --> Undefined variable $reclam
in APPPATH/Views/Pages/ListReclamation.php on line 83.
 1 APPPATH/Views/Pages/ListReclamation.php(83): CodeIgniter\Debug\Exceptions->errorHandler()
 2 SYSTEMPATH/View/View.php(228): include('/home/mrb/Desktop/SportClubv1/app/Views/Pages/ListReclamation.php')
 3 SYSTEMPATH/View/View.php(231): CodeIgniter\View\View->CodeIgniter\View\{closure}()
 4 SYSTEMPATH/Common.php(1190): CodeIgniter\View\View->render()
 5 APPPATH/Views/InnerPages/template_date.php(19): view()
 6 SYSTEMPATH/View/View.php(228): include('/home/mrb/Desktop/SportClubv1/app/Views/InnerPages/template_date.php')
 7 SYSTEMPATH/View/View.php(231): CodeIgniter\View\View->CodeIgniter\View\{closure}()
 8 SYSTEMPATH/Common.php(1190): CodeIgniter\View\View->render()
 9 APPPATH/Controllers/ReclamationController.php(68): view()
10 SYSTEMPATH/CodeIgniter.php(942): App\Controllers\ReclamationController->listreclamation()
11 SYSTEMPATH/CodeIgniter.php(502): CodeIgniter\CodeIgniter->runController()
12 SYSTEMPATH/CodeIgniter.php(361): CodeIgniter\CodeIgniter->handleRequest()
13 FCPATH/index.php(79): CodeIgniter\CodeIgniter->run()
14 SYSTEMPATH/Commands/Server/rewrite.php(47): require_once('/home/mrb/Desktop/SportClubv1/public/index.php')
CRITICAL - 2023-12-11 10:02:51 --> Undefined variable $reclam
in APPPATH/Views/Pages/ListReclamation.php on line 83.
 1 APPPATH/Views/Pages/ListReclamation.php(83): CodeIgniter\Debug\Exceptions->errorHandler()
 2 SYSTEMPATH/View/View.php(228): include('/home/mrb/Desktop/SportClubv1/app/Views/Pages/ListReclamation.php')
 3 SYSTEMPATH/View/View.php(231): CodeIgniter\View\View->CodeIgniter\View\{closure}()
 4 SYSTEMPATH/Common.php(1190): CodeIgniter\View\View->render()
 5 APPPATH/Views/InnerPages/template_date.php(19): view()
 6 SYSTEMPATH/View/View.php(228): include('/home/mrb/Desktop/SportClubv1/app/Views/InnerPages/template_date.php')
 7 SYSTEMPATH/View/View.php(231): CodeIgniter\View\View->CodeIgniter\View\{closure}()
 8 SYSTEMPATH/Common.php(1190): CodeIgniter\View\View->render()
 9 APPPATH/Controllers/ReclamationController.php(68): view()
10 SYSTEMPATH/CodeIgniter.php(942): App\Controllers\ReclamationController->listreclamation()
11 SYSTEMPATH/CodeIgniter.php(502): CodeIgniter\CodeIgniter->runController()
12 SYSTEMPATH/CodeIgniter.php(361): CodeIgniter\CodeIgniter->handleRequest()
13 FCPATH/index.php(79): CodeIgniter\CodeIgniter->run()
14 SYSTEMPATH/Commands/Server/rewrite.php(47): require_once('/home/mrb/Desktop/SportClubv1/public/index.php')
CRITICAL - 2023-12-11 10:02:59 --> Undefined variable $reclam
in APPPATH/Views/Pages/ListReclamation.php on line 83.
 1 APPPATH/Views/Pages/ListReclamation.php(83): CodeIgniter\Debug\Exceptions->errorHandler()
 2 SYSTEMPATH/View/View.php(228): include('/home/mrb/Desktop/SportClubv1/app/Views/Pages/ListReclamation.php')
 3 SYSTEMPATH/View/View.php(231): CodeIgniter\View\View->CodeIgniter\View\{closure}()
 4 SYSTEMPATH/Common.php(1190): CodeIgniter\View\View->render()
 5 APPPATH/Views/InnerPages/template_date.php(19): view()
 6 SYSTEMPATH/View/View.php(228): include('/home/mrb/Desktop/SportClubv1/app/Views/InnerPages/template_date.php')
 7 SYSTEMPATH/View/View.php(231): CodeIgniter\View\View->CodeIgniter\View\{closure}()
 8 SYSTEMPATH/Common.php(1190): CodeIgniter\View\View->render()
 9 APPPATH/Controllers/ReclamationController.php(68): view()
10 SYSTEMPATH/CodeIgniter.php(942): App\Controllers\ReclamationController->listreclamation()
11 SYSTEMPATH/CodeIgniter.php(502): CodeIgniter\CodeIgniter->runController()
12 SYSTEMPATH/CodeIgniter.php(361): CodeIgniter\CodeIgniter->handleRequest()
13 FCPATH/index.php(79): CodeIgniter\CodeIgniter->run()
14 SYSTEMPATH/Commands/Server/rewrite.php(47): require_once('/home/mrb/Desktop/SportClubv1/public/index.php')
CRITICAL - 2023-12-11 10:02:59 --> Undefined variable $reclam
in APPPATH/Views/Pages/ListReclamation.php on line 83.
 1 APPPATH/Views/Pages/ListReclamation.php(83): CodeIgniter\Debug\Exceptions->errorHandler()
 2 SYSTEMPATH/View/View.php(228): include('/home/mrb/Desktop/SportClubv1/app/Views/Pages/ListReclamation.php')
 3 SYSTEMPATH/View/View.php(231): CodeIgniter\View\View->CodeIgniter\View\{closure}()
 4 SYSTEMPATH/Common.php(1190): CodeIgniter\View\View->render()
 5 APPPATH/Views/InnerPages/template_date.php(19): view()
 6 SYSTEMPATH/View/View.php(228): include('/home/mrb/Desktop/SportClubv1/app/Views/InnerPages/template_date.php')
 7 SYSTEMPATH/View/View.php(231): CodeIgniter\View\View->CodeIgniter\View\{closure}()
 8 SYSTEMPATH/Common.php(1190): CodeIgniter\View\View->render()
 9 APPPATH/Controllers/ReclamationController.php(68): view()
10 SYSTEMPATH/CodeIgniter.php(942): App\Controllers\ReclamationController->listreclamation()
11 SYSTEMPATH/CodeIgniter.php(502): CodeIgniter\CodeIgniter->runController()
12 SYSTEMPATH/CodeIgniter.php(361): CodeIgniter\CodeIgniter->handleRequest()
13 FCPATH/index.php(79): CodeIgniter\CodeIgniter->run()
14 SYSTEMPATH/Commands/Server/rewrite.php(47): require_once('/home/mrb/Desktop/SportClubv1/public/index.php')
CRITICAL - 2023-12-11 10:02:59 --> Undefined variable $reclam
in APPPATH/Views/Pages/ListReclamation.php on line 83.
 1 APPPATH/Views/Pages/ListReclamation.php(83): CodeIgniter\Debug\Exceptions->errorHandler()
 2 SYSTEMPATH/View/View.php(228): include('/home/mrb/Desktop/SportClubv1/app/Views/Pages/ListReclamation.php')
 3 SYSTEMPATH/View/View.php(231): CodeIgniter\View\View->CodeIgniter\View\{closure}()
 4 SYSTEMPATH/Common.php(1190): CodeIgniter\View\View->render()
 5 APPPATH/Views/InnerPages/template_date.php(19): view()
 6 SYSTEMPATH/View/View.php(228): include('/home/mrb/Desktop/SportClubv1/app/Views/InnerPages/template_date.php')
 7 SYSTEMPATH/View/View.php(231): CodeIgniter\View\View->CodeIgniter\View\{closure}()
 8 SYSTEMPATH/Common.php(1190): CodeIgniter\View\View->render()
 9 APPPATH/Controllers/ReclamationController.php(68): view()
10 SYSTEMPATH/CodeIgniter.php(942): App\Controllers\ReclamationController->listreclamation()
11 SYSTEMPATH/CodeIgniter.php(502): CodeIgniter\CodeIgniter->runController()
12 SYSTEMPATH/CodeIgniter.php(361): CodeIgniter\CodeIgniter->handleRequest()
13 FCPATH/index.php(79): CodeIgniter\CodeIgniter->run()
14 SYSTEMPATH/Commands/Server/rewrite.php(47): require_once('/home/mrb/Desktop/SportClubv1/public/index.php')
CRITICAL - 2023-12-11 10:03:00 --> Undefined variable $reclam
in APPPATH/Views/Pages/ListReclamation.php on line 83.
 1 APPPATH/Views/Pages/ListReclamation.php(83): CodeIgniter\Debug\Exceptions->errorHandler()
 2 SYSTEMPATH/View/View.php(228): include('/home/mrb/Desktop/SportClubv1/app/Views/Pages/ListReclamation.php')
 3 SYSTEMPATH/View/View.php(231): CodeIgniter\View\View->CodeIgniter\View\{closure}()
 4 SYSTEMPATH/Common.php(1190): CodeIgniter\View\View->render()
 5 APPPATH/Views/InnerPages/template_date.php(19): view()
 6 SYSTEMPATH/View/View.php(228): include('/home/mrb/Desktop/SportClubv1/app/Views/InnerPages/template_date.php')
 7 SYSTEMPATH/View/View.php(231): CodeIgniter\View\View->CodeIgniter\View\{closure}()
 8 SYSTEMPATH/Common.php(1190): CodeIgniter\View\View->render()
 9 APPPATH/Controllers/ReclamationController.php(68): view()
10 SYSTEMPATH/CodeIgniter.php(942): App\Controllers\ReclamationController->listreclamation()
11 SYSTEMPATH/CodeIgniter.php(502): CodeIgniter\CodeIgniter->runController()
12 SYSTEMPATH/CodeIgniter.php(361): CodeIgniter\CodeIgniter->handleRequest()
13 FCPATH/index.php(79): CodeIgniter\CodeIgniter->run()
14 SYSTEMPATH/Commands/Server/rewrite.php(47): require_once('/home/mrb/Desktop/SportClubv1/public/index.php')
CRITICAL - 2023-12-11 10:03:01 --> Undefined variable $reclam
in APPPATH/Views/Pages/ListReclamation.php on line 83.
 1 APPPATH/Views/Pages/ListReclamation.php(83): CodeIgniter\Debug\Exceptions->errorHandler()
 2 SYSTEMPATH/View/View.php(228): include('/home/mrb/Desktop/SportClubv1/app/Views/Pages/ListReclamation.php')
 3 SYSTEMPATH/View/View.php(231): CodeIgniter\View\View->CodeIgniter\View\{closure}()
 4 SYSTEMPATH/Common.php(1190): CodeIgniter\View\View->render()
 5 APPPATH/Views/InnerPages/template_date.php(19): view()
 6 SYSTEMPATH/View/View.php(228): include('/home/mrb/Desktop/SportClubv1/app/Views/InnerPages/template_date.php')
 7 SYSTEMPATH/View/View.php(231): CodeIgniter\View\View->CodeIgniter\View\{closure}()
 8 SYSTEMPATH/Common.php(1190): CodeIgniter\View\View->render()
 9 APPPATH/Controllers/ReclamationController.php(68): view()
10 SYSTEMPATH/CodeIgniter.php(942): App\Controllers\ReclamationController->listreclamation()
11 SYSTEMPATH/CodeIgniter.php(502): CodeIgniter\CodeIgniter->runController()
12 SYSTEMPATH/CodeIgniter.php(361): CodeIgniter\CodeIgniter->handleRequest()
13 FCPATH/index.php(79): CodeIgniter\CodeIgniter->run()
14 SYSTEMPATH/Commands/Server/rewrite.php(47): require_once('/home/mrb/Desktop/SportClubv1/public/index.php')
CRITICAL - 2023-12-11 10:03:01 --> Undefined variable $reclam
in APPPATH/Views/Pages/ListReclamation.php on line 83.
 1 APPPATH/Views/Pages/ListReclamation.php(83): CodeIgniter\Debug\Exceptions->errorHandler()
 2 SYSTEMPATH/View/View.php(228): include('/home/mrb/Desktop/SportClubv1/app/Views/Pages/ListReclamation.php')
 3 SYSTEMPATH/View/View.php(231): CodeIgniter\View\View->CodeIgniter\View\{closure}()
 4 SYSTEMPATH/Common.php(1190): CodeIgniter\View\View->render()
 5 APPPATH/Views/InnerPages/template_date.php(19): view()
 6 SYSTEMPATH/View/View.php(228): include('/home/mrb/Desktop/SportClubv1/app/Views/InnerPages/template_date.php')
 7 SYSTEMPATH/View/View.php(231): CodeIgniter\View\View->CodeIgniter\View\{closure}()
 8 SYSTEMPATH/Common.php(1190): CodeIgniter\View\View->render()
 9 APPPATH/Controllers/ReclamationController.php(68): view()
10 SYSTEMPATH/CodeIgniter.php(942): App\Controllers\ReclamationController->listreclamation()
11 SYSTEMPATH/CodeIgniter.php(502): CodeIgniter\CodeIgniter->runController()
12 SYSTEMPATH/CodeIgniter.php(361): CodeIgniter\CodeIgniter->handleRequest()
13 FCPATH/index.php(79): CodeIgniter\CodeIgniter->run()
14 SYSTEMPATH/Commands/Server/rewrite.php(47): require_once('/home/mrb/Desktop/SportClubv1/public/index.php')
CRITICAL - 2023-12-11 10:03:01 --> Undefined variable $reclam
in APPPATH/Views/Pages/ListReclamation.php on line 83.
 1 APPPATH/Views/Pages/ListReclamation.php(83): CodeIgniter\Debug\Exceptions->errorHandler()
 2 SYSTEMPATH/View/View.php(228): include('/home/mrb/Desktop/SportClubv1/app/Views/Pages/ListReclamation.php')
 3 SYSTEMPATH/View/View.php(231): CodeIgniter\View\View->CodeIgniter\View\{closure}()
 4 SYSTEMPATH/Common.php(1190): CodeIgniter\View\View->render()
 5 APPPATH/Views/InnerPages/template_date.php(19): view()
 6 SYSTEMPATH/View/View.php(228): include('/home/mrb/Desktop/SportClubv1/app/Views/InnerPages/template_date.php')
 7 SYSTEMPATH/View/View.php(231): CodeIgniter\View\View->CodeIgniter\View\{closure}()
 8 SYSTEMPATH/Common.php(1190): CodeIgniter\View\View->render()
 9 APPPATH/Controllers/ReclamationController.php(68): view()
10 SYSTEMPATH/CodeIgniter.php(942): App\Controllers\ReclamationController->listreclamation()
11 SYSTEMPATH/CodeIgniter.php(502): CodeIgniter\CodeIgniter->runController()
12 SYSTEMPATH/CodeIgniter.php(361): CodeIgniter\CodeIgniter->handleRequest()
13 FCPATH/index.php(79): CodeIgniter\CodeIgniter->run()
14 SYSTEMPATH/Commands/Server/rewrite.php(47): require_once('/home/mrb/Desktop/SportClubv1/public/index.php')
CRITICAL - 2023-12-11 10:03:01 --> Undefined variable $reclam
in APPPATH/Views/Pages/ListReclamation.php on line 83.
 1 APPPATH/Views/Pages/ListReclamation.php(83): CodeIgniter\Debug\Exceptions->errorHandler()
 2 SYSTEMPATH/View/View.php(228): include('/home/mrb/Desktop/SportClubv1/app/Views/Pages/ListReclamation.php')
 3 SYSTEMPATH/View/View.php(231): CodeIgniter\View\View->CodeIgniter\View\{closure}()
 4 SYSTEMPATH/Common.php(1190): CodeIgniter\View\View->render()
 5 APPPATH/Views/InnerPages/template_date.php(19): view()
 6 SYSTEMPATH/View/View.php(228): include('/home/mrb/Desktop/SportClubv1/app/Views/InnerPages/template_date.php')
 7 SYSTEMPATH/View/View.php(231): CodeIgniter\View\View->CodeIgniter\View\{closure}()
 8 SYSTEMPATH/Common.php(1190): CodeIgniter\View\View->render()
 9 APPPATH/Controllers/ReclamationController.php(68): view()
10 SYSTEMPATH/CodeIgniter.php(942): App\Controllers\ReclamationController->listreclamation()
11 SYSTEMPATH/CodeIgniter.php(502): CodeIgniter\CodeIgniter->runController()
12 SYSTEMPATH/CodeIgniter.php(361): CodeIgniter\CodeIgniter->handleRequest()
13 FCPATH/index.php(79): CodeIgniter\CodeIgniter->run()
14 SYSTEMPATH/Commands/Server/rewrite.php(47): require_once('/home/mrb/Desktop/SportClubv1/public/index.php')
CRITICAL - 2023-12-11 10:03:03 --> Undefined variable $reclam
in APPPATH/Views/Pages/ListReclamation.php on line 83.
 1 APPPATH/Views/Pages/ListReclamation.php(83): CodeIgniter\Debug\Exceptions->errorHandler()
 2 SYSTEMPATH/View/View.php(228): include('/home/mrb/Desktop/SportClubv1/app/Views/Pages/ListReclamation.php')
 3 SYSTEMPATH/View/View.php(231): CodeIgniter\View\View->CodeIgniter\View\{closure}()
 4 SYSTEMPATH/Common.php(1190): CodeIgniter\View\View->render()
 5 APPPATH/Views/InnerPages/template_date.php(19): view()
 6 SYSTEMPATH/View/View.php(228): include('/home/mrb/Desktop/SportClubv1/app/Views/InnerPages/template_date.php')
 7 SYSTEMPATH/View/View.php(231): CodeIgniter\View\View->CodeIgniter\View\{closure}()
 8 SYSTEMPATH/Common.php(1190): CodeIgniter\View\View->render()
 9 APPPATH/Controllers/ReclamationController.php(68): view()
10 SYSTEMPATH/CodeIgniter.php(942): App\Controllers\ReclamationController->listreclamation()
11 SYSTEMPATH/CodeIgniter.php(502): CodeIgniter\CodeIgniter->runController()
12 SYSTEMPATH/CodeIgniter.php(361): CodeIgniter\CodeIgniter->handleRequest()
13 FCPATH/index.php(79): CodeIgniter\CodeIgniter->run()
14 SYSTEMPATH/Commands/Server/rewrite.php(47): require_once('/home/mrb/Desktop/SportClubv1/public/index.php')
CRITICAL - 2023-12-11 10:05:12 --> Undefined variable $reclam
in APPPATH/Views/Pages/ListReclamation.php on line 83.
 1 APPPATH/Views/Pages/ListReclamation.php(83): CodeIgniter\Debug\Exceptions->errorHandler()
 2 SYSTEMPATH/View/View.php(228): include('/home/mrb/Desktop/SportClubv1/app/Views/Pages/ListReclamation.php')
 3 SYSTEMPATH/View/View.php(231): CodeIgniter\View\View->CodeIgniter\View\{closure}()
 4 SYSTEMPATH/Common.php(1190): CodeIgniter\View\View->render()
 5 APPPATH/Views/InnerPages/template_date.php(19): view()
 6 SYSTEMPATH/View/View.php(228): include('/home/mrb/Desktop/SportClubv1/app/Views/InnerPages/template_date.php')
 7 SYSTEMPATH/View/View.php(231): CodeIgniter\View\View->CodeIgniter\View\{closure}()
 8 SYSTEMPATH/Common.php(1190): CodeIgniter\View\View->render()
 9 APPPATH/Controllers/ReclamationController.php(68): view()
10 SYSTEMPATH/CodeIgniter.php(942): App\Controllers\ReclamationController->listreclamation()
11 SYSTEMPATH/CodeIgniter.php(502): CodeIgniter\CodeIgniter->runController()
12 SYSTEMPATH/CodeIgniter.php(361): CodeIgniter\CodeIgniter->handleRequest()
13 FCPATH/index.php(79): CodeIgniter\CodeIgniter->run()
14 SYSTEMPATH/Commands/Server/rewrite.php(47): require_once('/home/mrb/Desktop/SportClubv1/public/index.php')
