INFO - 2023-12-02 16:01:57 --> Session: Class initialized using 'CodeIgniter\Session\Handlers\FileHandler' driver.
INFO - 2023-12-02 16:06:09 --> Session: Class initialized using 'CodeIgniter\Session\Handlers\FileHandler' driver.
INFO - 2023-12-02 17:38:11 --> Session: Class initialized using 'CodeIgniter\Session\Handlers\FileHandler' driver.
INFO - 2023-12-02 17:47:20 --> Session: Class initialized using 'CodeIgniter\Session\Handlers\FileHandler' driver.
INFO - 2023-12-02 17:49:11 --> Session: Class initialized using 'CodeIgniter\Session\Handlers\FileHandler' driver.
INFO - 2023-12-02 17:53:02 --> Session: Class initialized using 'CodeIgniter\Session\Handlers\FileHandler' driver.
INFO - 2023-12-02 17:53:31 --> Session: Class initialized using 'CodeIgniter\Session\Handlers\FileHandler' driver.
INFO - 2023-12-02 17:53:34 --> Session: Class initialized using 'CodeIgniter\Session\Handlers\FileHandler' driver.
INFO - 2023-12-02 17:53:34 --> Session: Class initialized using 'CodeIgniter\Session\Handlers\FileHandler' driver.
INFO - 2023-12-02 17:53:35 --> Session: Class initialized using 'CodeIgniter\Session\Handlers\FileHandler' driver.
INFO - 2023-12-02 17:53:35 --> Session: Class initialized using 'CodeIgniter\Session\Handlers\FileHandler' driver.
INFO - 2023-12-02 17:53:35 --> Session: Class initialized using 'CodeIgniter\Session\Handlers\FileHandler' driver.
INFO - 2023-12-02 17:54:10 --> Session: Class initialized using 'CodeIgniter\Session\Handlers\FileHandler' driver.
INFO - 2023-12-02 18:05:06 --> Session: Class initialized using 'CodeIgniter\Session\Handlers\FileHandler' driver.
INFO - 2023-12-02 18:06:05 --> Session: Class initialized using 'CodeIgniter\Session\Handlers\FileHandler' driver.
INFO - 2023-12-02 18:06:07 --> Session: Class initialized using 'CodeIgniter\Session\Handlers\FileHandler' driver.
INFO - 2023-12-02 18:06:08 --> Session: Class initialized using 'CodeIgniter\Session\Handlers\FileHandler' driver.
INFO - 2023-12-02 18:06:14 --> Session: Class initialized using 'CodeIgniter\Session\Handlers\FileHandler' driver.
INFO - 2023-12-02 18:06:14 --> Session: Class initialized using 'CodeIgniter\Session\Handlers\FileHandler' driver.
INFO - 2023-12-02 18:09:21 --> Session: Class initialized using 'CodeIgniter\Session\Handlers\FileHandler' driver.
INFO - 2023-12-02 18:09:25 --> Session: Class initialized using 'CodeIgniter\Session\Handlers\FileHandler' driver.
INFO - 2023-12-02 18:09:39 --> Session: Class initialized using 'CodeIgniter\Session\Handlers\FileHandler' driver.
INFO - 2023-12-02 18:09:52 --> Session: Class initialized using 'CodeIgniter\Session\Handlers\FileHandler' driver.
INFO - 2023-12-02 18:10:09 --> Session: Class initialized using 'CodeIgniter\Session\Handlers\FileHandler' driver.
INFO - 2023-12-02 18:10:28 --> Session: Class initialized using 'CodeIgniter\Session\Handlers\FileHandler' driver.
INFO - 2023-12-02 18:10:30 --> Session: Class initialized using 'CodeIgniter\Session\Handlers\FileHandler' driver.
INFO - 2023-12-02 18:10:38 --> Session: Class initialized using 'CodeIgniter\Session\Handlers\FileHandler' driver.
INFO - 2023-12-02 18:10:38 --> Session: Class initialized using 'CodeIgniter\Session\Handlers\FileHandler' driver.
INFO - 2023-12-02 18:10:47 --> Session: Class initialized using 'CodeIgniter\Session\Handlers\FileHandler' driver.
INFO - 2023-12-02 18:10:55 --> Session: Class initialized using 'CodeIgniter\Session\Handlers\FileHandler' driver.
INFO - 2023-12-02 18:11:10 --> Session: Class initialized using 'CodeIgniter\Session\Handlers\FileHandler' driver.
INFO - 2023-12-02 18:11:23 --> Session: Class initialized using 'CodeIgniter\Session\Handlers\FileHandler' driver.
INFO - 2023-12-02 18:12:59 --> Session: Class initialized using 'CodeIgniter\Session\Handlers\FileHandler' driver.
INFO - 2023-12-02 18:13:51 --> Session: Class initialized using 'CodeIgniter\Session\Handlers\FileHandler' driver.
INFO - 2023-12-02 18:14:27 --> Session: Class initialized using 'CodeIgniter\Session\Handlers\FileHandler' driver.
INFO - 2023-12-02 18:14:29 --> Session: Class initialized using 'CodeIgniter\Session\Handlers\FileHandler' driver.
INFO - 2023-12-02 18:14:32 --> Session: Class initialized using 'CodeIgniter\Session\Handlers\FileHandler' driver.
INFO - 2023-12-02 18:14:45 --> Session: Class initialized using 'CodeIgniter\Session\Handlers\FileHandler' driver.
INFO - 2023-12-02 18:15:07 --> Session: Class initialized using 'CodeIgniter\Session\Handlers\FileHandler' driver.
INFO - 2023-12-02 18:15:18 --> Session: Class initialized using 'CodeIgniter\Session\Handlers\FileHandler' driver.
INFO - 2023-12-02 18:15:26 --> Session: Class initialized using 'CodeIgniter\Session\Handlers\FileHandler' driver.
INFO - 2023-12-02 18:15:27 --> Session: Class initialized using 'CodeIgniter\Session\Handlers\FileHandler' driver.
INFO - 2023-12-02 18:15:36 --> Session: Class initialized using 'CodeIgniter\Session\Handlers\FileHandler' driver.
INFO - 2023-12-02 18:15:37 --> Session: Class initialized using 'CodeIgniter\Session\Handlers\FileHandler' driver.
INFO - 2023-12-02 18:15:48 --> Session: Class initialized using 'CodeIgniter\Session\Handlers\FileHandler' driver.
INFO - 2023-12-02 18:15:49 --> Session: Class initialized using 'CodeIgniter\Session\Handlers\FileHandler' driver.
INFO - 2023-12-02 18:15:52 --> Session: Class initialized using 'CodeIgniter\Session\Handlers\FileHandler' driver.
INFO - 2023-12-02 18:15:56 --> Session: Class initialized using 'CodeIgniter\Session\Handlers\FileHandler' driver.
INFO - 2023-12-02 18:16:02 --> Session: Class initialized using 'CodeIgniter\Session\Handlers\FileHandler' driver.
INFO - 2023-12-02 18:16:23 --> Session: Class initialized using 'CodeIgniter\Session\Handlers\FileHandler' driver.
INFO - 2023-12-02 18:16:39 --> Session: Class initialized using 'CodeIgniter\Session\Handlers\FileHandler' driver.
INFO - 2023-12-02 18:16:50 --> Session: Class initialized using 'CodeIgniter\Session\Handlers\FileHandler' driver.
INFO - 2023-12-02 18:17:58 --> Session: Class initialized using 'CodeIgniter\Session\Handlers\FileHandler' driver.
INFO - 2023-12-02 18:18:17 --> Session: Class initialized using 'CodeIgniter\Session\Handlers\FileHandler' driver.
INFO - 2023-12-02 18:18:21 --> Session: Class initialized using 'CodeIgniter\Session\Handlers\FileHandler' driver.
INFO - 2023-12-02 18:18:41 --> Session: Class initialized using 'CodeIgniter\Session\Handlers\FileHandler' driver.
INFO - 2023-12-02 18:18:41 --> Session: Class initialized using 'CodeIgniter\Session\Handlers\FileHandler' driver.
INFO - 2023-12-02 18:19:03 --> Session: Class initialized using 'CodeIgniter\Session\Handlers\FileHandler' driver.
INFO - 2023-12-02 18:19:04 --> Session: Class initialized using 'CodeIgniter\Session\Handlers\FileHandler' driver.
INFO - 2023-12-02 18:19:06 --> Session: Class initialized using 'CodeIgniter\Session\Handlers\FileHandler' driver.
INFO - 2023-12-02 18:19:45 --> Session: Class initialized using 'CodeIgniter\Session\Handlers\FileHandler' driver.
INFO - 2023-12-02 18:19:46 --> Session: Class initialized using 'CodeIgniter\Session\Handlers\FileHandler' driver.
INFO - 2023-12-02 18:20:04 --> Session: Class initialized using 'CodeIgniter\Session\Handlers\FileHandler' driver.
INFO - 2023-12-02 18:20:05 --> Session: Class initialized using 'CodeIgniter\Session\Handlers\FileHandler' driver.
INFO - 2023-12-02 18:20:05 --> Session: Class initialized using 'CodeIgniter\Session\Handlers\FileHandler' driver.
INFO - 2023-12-02 18:20:10 --> Session: Class initialized using 'CodeIgniter\Session\Handlers\FileHandler' driver.
INFO - 2023-12-02 18:20:11 --> Session: Class initialized using 'CodeIgniter\Session\Handlers\FileHandler' driver.
INFO - 2023-12-02 18:52:24 --> Session: Class initialized using 'CodeIgniter\Session\Handlers\FileHandler' driver.
INFO - 2023-12-02 18:54:32 --> Session: Class initialized using 'CodeIgniter\Session\Handlers\FileHandler' driver.
INFO - 2023-12-02 18:54:51 --> Session: Class initialized using 'CodeIgniter\Session\Handlers\FileHandler' driver.
INFO - 2023-12-02 18:54:53 --> Session: Class initialized using 'CodeIgniter\Session\Handlers\FileHandler' driver.
INFO - 2023-12-02 18:54:55 --> Session: Class initialized using 'CodeIgniter\Session\Handlers\FileHandler' driver.
INFO - 2023-12-02 18:55:01 --> Session: Class initialized using 'CodeIgniter\Session\Handlers\FileHandler' driver.
INFO - 2023-12-02 18:55:01 --> Session: Class initialized using 'CodeIgniter\Session\Handlers\FileHandler' driver.
INFO - 2023-12-02 18:55:13 --> Session: Class initialized using 'CodeIgniter\Session\Handlers\FileHandler' driver.
INFO - 2023-12-02 18:55:13 --> Session: Class initialized using 'CodeIgniter\Session\Handlers\FileHandler' driver.
INFO - 2023-12-02 18:55:21 --> Session: Class initialized using 'CodeIgniter\Session\Handlers\FileHandler' driver.
INFO - 2023-12-02 18:55:21 --> Session: Class initialized using 'CodeIgniter\Session\Handlers\FileHandler' driver.
INFO - 2023-12-02 18:55:32 --> Session: Class initialized using 'CodeIgniter\Session\Handlers\FileHandler' driver.
INFO - 2023-12-02 18:55:37 --> Session: Class initialized using 'CodeIgniter\Session\Handlers\FileHandler' driver.
INFO - 2023-12-02 18:55:37 --> Session: Class initialized using 'CodeIgniter\Session\Handlers\FileHandler' driver.
INFO - 2023-12-02 18:58:10 --> Session: Class initialized using 'CodeIgniter\Session\Handlers\FileHandler' driver.
INFO - 2023-12-02 18:58:31 --> Session: Class initialized using 'CodeIgniter\Session\Handlers\FileHandler' driver.
INFO - 2023-12-02 18:59:08 --> Session: Class initialized using 'CodeIgniter\Session\Handlers\FileHandler' driver.
INFO - 2023-12-02 18:59:43 --> Session: Class initialized using 'CodeIgniter\Session\Handlers\FileHandler' driver.
INFO - 2023-12-02 18:59:49 --> Session: Class initialized using 'CodeIgniter\Session\Handlers\FileHandler' driver.
INFO - 2023-12-02 19:00:06 --> Session: Class initialized using 'CodeIgniter\Session\Handlers\FileHandler' driver.
INFO - 2023-12-02 19:00:21 --> Session: Class initialized using 'CodeIgniter\Session\Handlers\FileHandler' driver.
INFO - 2023-12-02 19:00:25 --> Session: Class initialized using 'CodeIgniter\Session\Handlers\FileHandler' driver.
INFO - 2023-12-02 19:00:28 --> Session: Class initialized using 'CodeIgniter\Session\Handlers\FileHandler' driver.
INFO - 2023-12-02 19:00:37 --> Session: Class initialized using 'CodeIgniter\Session\Handlers\FileHandler' driver.
INFO - 2023-12-02 19:00:48 --> Session: Class initialized using 'CodeIgniter\Session\Handlers\FileHandler' driver.
INFO - 2023-12-02 19:00:58 --> Session: Class initialized using 'CodeIgniter\Session\Handlers\FileHandler' driver.
INFO - 2023-12-02 19:00:58 --> Session: Class initialized using 'CodeIgniter\Session\Handlers\FileHandler' driver.
INFO - 2023-12-02 19:01:05 --> Session: Class initialized using 'CodeIgniter\Session\Handlers\FileHandler' driver.
INFO - 2023-12-02 19:01:05 --> Session: Class initialized using 'CodeIgniter\Session\Handlers\FileHandler' driver.
INFO - 2023-12-02 19:01:08 --> Session: Class initialized using 'CodeIgniter\Session\Handlers\FileHandler' driver.
INFO - 2023-12-02 19:01:08 --> Session: Class initialized using 'CodeIgniter\Session\Handlers\FileHandler' driver.
INFO - 2023-12-02 19:01:10 --> Session: Class initialized using 'CodeIgniter\Session\Handlers\FileHandler' driver.
INFO - 2023-12-02 19:01:12 --> Session: Class initialized using 'CodeIgniter\Session\Handlers\FileHandler' driver.
INFO - 2023-12-02 19:01:17 --> Session: Class initialized using 'CodeIgniter\Session\Handlers\FileHandler' driver.
INFO - 2023-12-02 19:01:17 --> Session: Class initialized using 'CodeIgniter\Session\Handlers\FileHandler' driver.
INFO - 2023-12-02 19:01:51 --> Session: Class initialized using 'CodeIgniter\Session\Handlers\FileHandler' driver.
INFO - 2023-12-02 20:21:33 --> Session: Class initialized using 'CodeIgniter\Session\Handlers\FileHandler' driver.
INFO - 2023-12-02 20:52:44 --> Session: Class initialized using 'CodeIgniter\Session\Handlers\FileHandler' driver.
INFO - 2023-12-02 20:52:58 --> Session: Class initialized using 'CodeIgniter\Session\Handlers\FileHandler' driver.
INFO - 2023-12-02 20:53:10 --> Session: Class initialized using 'CodeIgniter\Session\Handlers\FileHandler' driver.
INFO - 2023-12-02 20:53:12 --> Session: Class initialized using 'CodeIgniter\Session\Handlers\FileHandler' driver.
INFO - 2023-12-02 20:53:17 --> Session: Class initialized using 'CodeIgniter\Session\Handlers\FileHandler' driver.
INFO - 2023-12-02 20:53:17 --> Session: Class initialized using 'CodeIgniter\Session\Handlers\FileHandler' driver.
INFO - 2023-12-02 20:53:21 --> Session: Class initialized using 'CodeIgniter\Session\Handlers\FileHandler' driver.
INFO - 2023-12-02 20:53:21 --> Session: Class initialized using 'CodeIgniter\Session\Handlers\FileHandler' driver.
INFO - 2023-12-02 20:53:26 --> Session: Class initialized using 'CodeIgniter\Session\Handlers\FileHandler' driver.
INFO - 2023-12-02 20:53:26 --> Session: Class initialized using 'CodeIgniter\Session\Handlers\FileHandler' driver.
INFO - 2023-12-02 20:54:50 --> Session: Class initialized using 'CodeIgniter\Session\Handlers\FileHandler' driver.
INFO - 2023-12-02 20:54:54 --> Session: Class initialized using 'CodeIgniter\Session\Handlers\FileHandler' driver.
INFO - 2023-12-02 20:55:29 --> Session: Class initialized using 'CodeIgniter\Session\Handlers\FileHandler' driver.
INFO - 2023-12-02 20:55:30 --> Session: Class initialized using 'CodeIgniter\Session\Handlers\FileHandler' driver.
INFO - 2023-12-02 20:55:38 --> Session: Class initialized using 'CodeIgniter\Session\Handlers\FileHandler' driver.
INFO - 2023-12-02 21:00:50 --> Session: Class initialized using 'CodeIgniter\Session\Handlers\FileHandler' driver.
INFO - 2023-12-02 21:00:51 --> Session: Class initialized using 'CodeIgniter\Session\Handlers\FileHandler' driver.
INFO - 2023-12-02 21:01:40 --> Session: Class initialized using 'CodeIgniter\Session\Handlers\FileHandler' driver.
CRITICAL - 2023-12-02 21:01:54 --> Object of class App\Models\ReclamationModel could not be converted to string
in APPPATH/Controllers/MailController.php on line 23.
 1 SYSTEMPATH/CodeIgniter.php(942): App\Controllers\MailController->decline('31')
 2 SYSTEMPATH/CodeIgniter.php(502): CodeIgniter\CodeIgniter->runController(Object(App\Controllers\MailController))
 3 SYSTEMPATH/CodeIgniter.php(361): CodeIgniter\CodeIgniter->handleRequest(null, Object(Config\Cache), false)
 4 FCPATH/index.php(79): CodeIgniter\CodeIgniter->run()
INFO - 2023-12-02 21:02:32 --> Session: Class initialized using 'CodeIgniter\Session\Handlers\FileHandler' driver.
CRITICAL - 2023-12-02 21:02:34 --> Object of class App\Models\ReclamationModel could not be converted to string
in APPPATH/Controllers/MailController.php on line 23.
 1 SYSTEMPATH/CodeIgniter.php(942): App\Controllers\MailController->decline('31')
 2 SYSTEMPATH/CodeIgniter.php(502): CodeIgniter\CodeIgniter->runController(Object(App\Controllers\MailController))
 3 SYSTEMPATH/CodeIgniter.php(361): CodeIgniter\CodeIgniter->handleRequest(null, Object(Config\Cache), false)
 4 FCPATH/index.php(79): CodeIgniter\CodeIgniter->run()
INFO - 2023-12-02 21:02:38 --> Session: Class initialized using 'CodeIgniter\Session\Handlers\FileHandler' driver.
INFO - 2023-12-02 21:02:47 --> Session: Class initialized using 'CodeIgniter\Session\Handlers\FileHandler' driver.
INFO - 2023-12-02 21:05:09 --> Session: Class initialized using 'CodeIgniter\Session\Handlers\FileHandler' driver.
CRITICAL - 2023-12-02 21:05:12 --> Object of class App\Models\ReclamationModel could not be converted to string
in APPPATH/Controllers/MailController.php on line 23.
 1 SYSTEMPATH/CodeIgniter.php(942): App\Controllers\MailController->decline('31')
 2 SYSTEMPATH/CodeIgniter.php(502): CodeIgniter\CodeIgniter->runController(Object(App\Controllers\MailController))
 3 SYSTEMPATH/CodeIgniter.php(361): CodeIgniter\CodeIgniter->handleRequest(null, Object(Config\Cache), false)
 4 FCPATH/index.php(79): CodeIgniter\CodeIgniter->run()
INFO - 2023-12-02 21:06:05 --> Session: Class initialized using 'CodeIgniter\Session\Handlers\FileHandler' driver.
INFO - 2023-12-02 21:06:07 --> Session: Class initialized using 'CodeIgniter\Session\Handlers\FileHandler' driver.
CRITICAL - 2023-12-02 21:06:14 --> Cannot use object of type App\Models\ReclamationModel as array
in APPPATH/Controllers/MailController.php on line 23.
 1 SYSTEMPATH/CodeIgniter.php(942): App\Controllers\MailController->decline('31')
 2 SYSTEMPATH/CodeIgniter.php(502): CodeIgniter\CodeIgniter->runController(Object(App\Controllers\MailController))
 3 SYSTEMPATH/CodeIgniter.php(361): CodeIgniter\CodeIgniter->handleRequest(null, Object(Config\Cache), false)
 4 FCPATH/index.php(79): CodeIgniter\CodeIgniter->run()
INFO - 2023-12-02 21:10:57 --> Session: Class initialized using 'CodeIgniter\Session\Handlers\FileHandler' driver.
CRITICAL - 2023-12-02 21:11:00 --> Cannot use object of type App\Models\ReclamationModel as array
in APPPATH/Controllers/MailController.php on line 23.
 1 SYSTEMPATH/CodeIgniter.php(942): App\Controllers\MailController->decline('31')
 2 SYSTEMPATH/CodeIgniter.php(502): CodeIgniter\CodeIgniter->runController(Object(App\Controllers\MailController))
 3 SYSTEMPATH/CodeIgniter.php(361): CodeIgniter\CodeIgniter->handleRequest(null, Object(Config\Cache), false)
 4 FCPATH/index.php(79): CodeIgniter\CodeIgniter->run()
INFO - 2023-12-02 21:11:33 --> Session: Class initialized using 'CodeIgniter\Session\Handlers\FileHandler' driver.
INFO - 2023-12-02 21:11:34 --> Session: Class initialized using 'CodeIgniter\Session\Handlers\FileHandler' driver.
CRITICAL - 2023-12-02 21:11:36 --> Cannot use object of type App\Models\ReclamationModel as array
in APPPATH/Controllers/MailController.php on line 23.
 1 SYSTEMPATH/CodeIgniter.php(942): App\Controllers\MailController->decline('31')
 2 SYSTEMPATH/CodeIgniter.php(502): CodeIgniter\CodeIgniter->runController(Object(App\Controllers\MailController))
 3 SYSTEMPATH/CodeIgniter.php(361): CodeIgniter\CodeIgniter->handleRequest(null, Object(Config\Cache), false)
 4 FCPATH/index.php(79): CodeIgniter\CodeIgniter->run()
INFO - 2023-12-02 21:12:15 --> Session: Class initialized using 'CodeIgniter\Session\Handlers\FileHandler' driver.
INFO - 2023-12-02 21:12:21 --> Session: Class initialized using 'CodeIgniter\Session\Handlers\FileHandler' driver.
INFO - 2023-12-02 21:12:30 --> Session: Class initialized using 'CodeIgniter\Session\Handlers\FileHandler' driver.
INFO - 2023-12-02 21:12:49 --> Session: Class initialized using 'CodeIgniter\Session\Handlers\FileHandler' driver.
INFO - 2023-12-02 21:12:55 --> Session: Class initialized using 'CodeIgniter\Session\Handlers\FileHandler' driver.
ERROR - 2023-12-02 21:32:55 --> Email: Unable to send email using SMTP. Your server might not be configured to send mail using this method.
ERROR - 2023-12-02 21:32:55 --> 220 smtp.googlemail.com ESMTP je18-20020a05600c1f9200b003feea62440bsm10002287wmb.43 - gsmtp

hello: 250-smtp.googlemail.com at your service, [105.157.87.139]
250-SIZE 35882577
250-8BITMIME
250-STARTTLS
250-ENHANCEDSTATUSCODES
250-PIPELINING
250-CHUNKING
250 SMTPUTF8

starttls: 220 2.0.0 Ready to start TLS

hello: 250-smtp.googlemail.com at your service, [105.157.87.139]
250-SIZE 35882577
250-8BITMIME
250-AUTH LOGIN PLAIN XOAUTH2 PLAIN-CLIENTTOKEN OAUTHBEARER XOAUTH
250-ENHANCEDSTATUSCODES
250-PIPELINING
250-CHUNKING
250 SMTPUTF8

Failed to authenticate password. Error: 535-5.7.8 Username and Password not accepted. Learn more at
535 5.7.8  https://support.google.com/mail/?p=BadCredentials je18-20020a05600c1f9200b003feea62440bsm10002287wmb.43 - gsmtp

ERROR - 2023-12-02 21:32:56 --> Email: Unable to send email using SMTP. Your server might not be configured to send mail using this method.
ERROR - 2023-12-02 21:32:56 --> 220 smtp.googlemail.com ESMTP d22-20020adfa356000000b0033332df65absm4744485wrb.50 - gsmtp

hello: 250-smtp.googlemail.com at your service, [105.157.87.139]
250-SIZE 35882577
250-8BITMIME
250-STARTTLS
250-ENHANCEDSTATUSCODES
250-PIPELINING
250-CHUNKING
250 SMTPUTF8

starttls: 220 2.0.0 Ready to start TLS

hello: 250-smtp.googlemail.com at your service, [105.157.87.139]
250-SIZE 35882577
250-8BITMIME
250-AUTH LOGIN PLAIN XOAUTH2 PLAIN-CLIENTTOKEN OAUTHBEARER XOAUTH
250-ENHANCEDSTATUSCODES
250-PIPELINING
250-CHUNKING
250 SMTPUTF8

Failed to authenticate password. Error: 535-5.7.8 Username and Password not accepted. Learn more at
535 5.7.8  https://support.google.com/mail/?p=BadCredentials d22-20020adfa356000000b0033332df65absm4744485wrb.50 - gsmtp

INFO - 2023-12-02 21:32:56 --> Session: Class initialized using 'CodeIgniter\Session\Handlers\FileHandler' driver.
ERROR - 2023-12-02 21:33:00 --> Email: Unable to send email using SMTP. Your server might not be configured to send mail using this method.
ERROR - 2023-12-02 21:33:00 --> 220 smtp.googlemail.com ESMTP bg36-20020a05600c3ca400b003fe1fe56202sm9949998wmb.33 - gsmtp

hello: 250-smtp.googlemail.com at your service, [105.157.87.139]
250-SIZE 35882577
250-8BITMIME
250-STARTTLS
250-ENHANCEDSTATUSCODES
250-PIPELINING
250-CHUNKING
250 SMTPUTF8

starttls: 220 2.0.0 Ready to start TLS

hello: 250-smtp.googlemail.com at your service, [105.157.87.139]
250-SIZE 35882577
250-8BITMIME
250-AUTH LOGIN PLAIN XOAUTH2 PLAIN-CLIENTTOKEN OAUTHBEARER XOAUTH
250-ENHANCEDSTATUSCODES
250-PIPELINING
250-CHUNKING
250 SMTPUTF8

Failed to authenticate password. Error: 535-5.7.8 Username and Password not accepted. Learn more at
535 5.7.8  https://support.google.com/mail/?p=BadCredentials bg36-20020a05600c3ca400b003fe1fe56202sm9949998wmb.33 - gsmtp

INFO - 2023-12-02 21:33:00 --> Session: Class initialized using 'CodeIgniter\Session\Handlers\FileHandler' driver.
INFO - 2023-12-02 21:33:48 --> Session: Class initialized using 'CodeIgniter\Session\Handlers\FileHandler' driver.
ERROR - 2023-12-02 21:33:51 --> Email: Unable to send email using SMTP. Your server might not be configured to send mail using this method.
ERROR - 2023-12-02 21:33:51 --> 220 smtp.googlemail.com ESMTP f18-20020a05600c155200b004094d4292aesm9874106wmg.18 - gsmtp

hello: 250-smtp.googlemail.com at your service, [105.157.87.139]
250-SIZE 35882577
250-8BITMIME
250-STARTTLS
250-ENHANCEDSTATUSCODES
250-PIPELINING
250-CHUNKING
250 SMTPUTF8

starttls: 220 2.0.0 Ready to start TLS

hello: 250-smtp.googlemail.com at your service, [105.157.87.139]
250-SIZE 35882577
250-8BITMIME
250-AUTH LOGIN PLAIN XOAUTH2 PLAIN-CLIENTTOKEN OAUTHBEARER XOAUTH
250-ENHANCEDSTATUSCODES
250-PIPELINING
250-CHUNKING
250 SMTPUTF8

Failed to authenticate password. Error: 535-5.7.8 Username and Password not accepted. Learn more at
535 5.7.8  https://support.google.com/mail/?p=BadCredentials f18-20020a05600c155200b004094d4292aesm9874106wmg.18 - gsmtp

INFO - 2023-12-02 21:39:50 --> Session: Class initialized using 'CodeIgniter\Session\Handlers\FileHandler' driver.
INFO - 2023-12-02 21:39:53 --> Session: Class initialized using 'CodeIgniter\Session\Handlers\FileHandler' driver.
CRITICAL - 2023-12-02 21:39:55 --> Class "App\Controllers\Services" not found
in APPPATH/Controllers/MailController.php on line 37.
 1 SYSTEMPATH/CodeIgniter.php(942): App\Controllers\MailController->decline('31')
 2 SYSTEMPATH/CodeIgniter.php(502): CodeIgniter\CodeIgniter->runController(Object(App\Controllers\MailController))
 3 SYSTEMPATH/CodeIgniter.php(361): CodeIgniter\CodeIgniter->handleRequest(null, Object(Config\Cache), false)
 4 FCPATH/index.php(79): CodeIgniter\CodeIgniter->run()
INFO - 2023-12-02 21:41:39 --> Session: Class initialized using 'CodeIgniter\Session\Handlers\FileHandler' driver.
ERROR - 2023-12-02 21:41:47 --> Email: Unable to send email using SMTP. Your server might not be configured to send mail using this method.
ERROR - 2023-12-02 21:41:47 --> 220 smtp.googlemail.com ESMTP o17-20020a5d58d1000000b003333af25cb2sm2318115wrf.66 - gsmtp

hello: 250-smtp.googlemail.com at your service, [105.157.87.139]
250-SIZE 35882577
250-8BITMIME
250-STARTTLS
250-ENHANCEDSTATUSCODES
250-PIPELINING
250-CHUNKING
250 SMTPUTF8

starttls: 220 2.0.0 Ready to start TLS

hello: 250-smtp.googlemail.com at your service, [105.157.87.139]
250-SIZE 35882577
250-8BITMIME
250-AUTH LOGIN PLAIN XOAUTH2 PLAIN-CLIENTTOKEN OAUTHBEARER XOAUTH
250-ENHANCEDSTATUSCODES
250-PIPELINING
250-CHUNKING
250 SMTPUTF8

Failed to authenticate password. Error: 535-5.7.8 Username and Password not accepted. Learn more at
535 5.7.8  https://support.google.com/mail/?p=BadCredentials o17-20020a5d58d1000000b003333af25cb2sm2318115wrf.66 - gsmtp

INFO - 2023-12-02 21:46:07 --> Session: Class initialized using 'CodeIgniter\Session\Handlers\FileHandler' driver.
ERROR - 2023-12-02 21:46:12 --> Email: Unable to send email using SMTP. Your server might not be configured to send mail using this method.
ERROR - 2023-12-02 21:46:12 --> 220 smtp.googlemail.com ESMTP t20-20020a05600c199400b0040b36ad5413sm9811870wmq.46 - gsmtp

hello: 250-smtp.googlemail.com at your service, [105.157.87.139]
250-SIZE 35882577
250-8BITMIME
250-STARTTLS
250-ENHANCEDSTATUSCODES
250-PIPELINING
250-CHUNKING
250 SMTPUTF8

starttls: 220 2.0.0 Ready to start TLS

hello: 250-smtp.googlemail.com at your service, [105.157.87.139]
250-SIZE 35882577
250-8BITMIME
250-AUTH LOGIN PLAIN XOAUTH2 PLAIN-CLIENTTOKEN OAUTHBEARER XOAUTH
250-ENHANCEDSTATUSCODES
250-PIPELINING
250-CHUNKING
250 SMTPUTF8

Failed to authenticate password. Error: 535-5.7.8 Username and Password not accepted. Learn more at
535 5.7.8  https://support.google.com/mail/?p=BadCredentials t20-20020a05600c199400b0040b36ad5413sm9811870wmq.46 - gsmtp

INFO - 2023-12-02 22:27:31 --> Session: Class initialized using 'CodeIgniter\Session\Handlers\FileHandler' driver.
ERROR - 2023-12-02 22:28:35 --> Email: sendWithSmtp throwed ErrorException: fsockopen(): Unable to connect to tls://smtp.google.com:465 (Connection timed out) in /opt/lampp/htdocs/SportClubv1/vendor/codeigniter4/framework/system/Email/Email.php:1886
Stack trace:
#0 [internal function]: CodeIgniter\Debug\Exceptions->errorHandler(2, 'fsockopen(): Un...', '/opt/lampp/htdo...', 1886)
#1 /opt/lampp/htdocs/SportClubv1/vendor/codeigniter4/framework/system/Email/Email.php(1886): fsockopen('tls://smtp.goog...', 465, NULL, NULL, 60)
#2 /opt/lampp/htdocs/SportClubv1/vendor/codeigniter4/framework/system/Email/Email.php(1799): CodeIgniter\Email\Email->SMTPConnect()
#3 /opt/lampp/htdocs/SportClubv1/vendor/codeigniter4/framework/system/Email/Email.php(1684): CodeIgniter\Email\Email->sendWithSmtp()
#4 /opt/lampp/htdocs/SportClubv1/vendor/codeigniter4/framework/system/Email/Email.php(1578): CodeIgniter\Email\Email->spoolEmail()
#5 /opt/lampp/htdocs/SportClubv1/app/Controllers/MailController.php(36): CodeIgniter\Email\Email->send()
#6 /opt/lampp/htdocs/SportClubv1/vendor/codeigniter4/framework/system/CodeIgniter.php(942): App\Controllers\MailController->decline('31')
#7 /opt/lampp/htdocs/SportClubv1/vendor/codeigniter4/framework/system/CodeIgniter.php(502): CodeIgniter\CodeIgniter->runController(Object(App\Controllers\MailController))
#8 /opt/lampp/htdocs/SportClubv1/vendor/codeigniter4/framework/system/CodeIgniter.php(361): CodeIgniter\CodeIgniter->handleRequest(NULL, Object(Config\Cache), false)
#9 /opt/lampp/htdocs/SportClubv1/index.php(79): CodeIgniter\CodeIgniter->run()
#10 {main}
ERROR - 2023-12-02 22:28:35 --> Email: Unable to send email using SMTP. Your server might not be configured to send mail using this method.
ERROR - 2023-12-02 22:28:35 --> 
INFO - 2023-12-02 22:28:45 --> Session: Class initialized using 'CodeIgniter\Session\Handlers\FileHandler' driver.
ERROR - 2023-12-02 22:29:47 --> Email: sendWithSmtp throwed ErrorException: fsockopen(): Unable to connect to tls://smtp.google.com:465 (Connection timed out) in /opt/lampp/htdocs/SportClubv1/vendor/codeigniter4/framework/system/Email/Email.php:1886
Stack trace:
#0 [internal function]: CodeIgniter\Debug\Exceptions->errorHandler(2, 'fsockopen(): Un...', '/opt/lampp/htdo...', 1886)
#1 /opt/lampp/htdocs/SportClubv1/vendor/codeigniter4/framework/system/Email/Email.php(1886): fsockopen('tls://smtp.goog...', 465, NULL, NULL, 60)
#2 /opt/lampp/htdocs/SportClubv1/vendor/codeigniter4/framework/system/Email/Email.php(1799): CodeIgniter\Email\Email->SMTPConnect()
#3 /opt/lampp/htdocs/SportClubv1/vendor/codeigniter4/framework/system/Email/Email.php(1684): CodeIgniter\Email\Email->sendWithSmtp()
#4 /opt/lampp/htdocs/SportClubv1/vendor/codeigniter4/framework/system/Email/Email.php(1578): CodeIgniter\Email\Email->spoolEmail()
#5 /opt/lampp/htdocs/SportClubv1/app/Controllers/MailController.php(36): CodeIgniter\Email\Email->send()
#6 /opt/lampp/htdocs/SportClubv1/vendor/codeigniter4/framework/system/CodeIgniter.php(942): App\Controllers\MailController->decline('31')
#7 /opt/lampp/htdocs/SportClubv1/vendor/codeigniter4/framework/system/CodeIgniter.php(502): CodeIgniter\CodeIgniter->runController(Object(App\Controllers\MailController))
#8 /opt/lampp/htdocs/SportClubv1/vendor/codeigniter4/framework/system/CodeIgniter.php(361): CodeIgniter\CodeIgniter->handleRequest(NULL, Object(Config\Cache), false)
#9 /opt/lampp/htdocs/SportClubv1/index.php(79): CodeIgniter\CodeIgniter->run()
#10 {main}
ERROR - 2023-12-02 22:29:47 --> Email: Unable to send email using SMTP. Your server might not be configured to send mail using this method.
ERROR - 2023-12-02 22:29:47 --> 
INFO - 2023-12-02 22:44:59 --> Session: Class initialized using 'CodeIgniter\Session\Handlers\FileHandler' driver.
CRITICAL - 2023-12-02 22:45:01 --> Class "App\Controllers\CI_Controller" not found
in APPPATH/Controllers/MailController.php on line 10.
 1 SYSTEMPATH/Autoloader/Autoloader.php(312): include_once()
 2 SYSTEMPATH/Autoloader/Autoloader.php(291): CodeIgniter\Autoloader\Autoloader->includeFile('/opt/lampp/htdocs/SportClubv1/app/Controllers/MailController.php')
 3 SYSTEMPATH/Autoloader/Autoloader.php(269): CodeIgniter\Autoloader\Autoloader->loadInNamespace('App\\Controllers\\MailController')
 4 [internal function]: CodeIgniter\Autoloader\Autoloader->loadClass('App\\Controllers\\MailController')
 5 SYSTEMPATH/CodeIgniter.php(900): class_exists('\\App\\Controllers\\MailController', true)
 6 SYSTEMPATH/CodeIgniter.php(489): CodeIgniter\CodeIgniter->startController()
 7 SYSTEMPATH/CodeIgniter.php(361): CodeIgniter\CodeIgniter->handleRequest(null, Object(Config\Cache), false)
 8 FCPATH/index.php(79): CodeIgniter\CodeIgniter->run()
INFO - 2023-12-02 22:45:50 --> Session: Class initialized using 'CodeIgniter\Session\Handlers\FileHandler' driver.
ERROR - 2023-12-02 22:46:46 --> Email: sendWithSmtp throwed ErrorException: fsockopen(): Unable to connect to tls://smtp.google.com:465 (Connection timed out) in /opt/lampp/htdocs/SportClubv1/vendor/codeigniter4/framework/system/Email/Email.php:1886
Stack trace:
#0 [internal function]: CodeIgniter\Debug\Exceptions->errorHandler(2, 'fsockopen(): Un...', '/opt/lampp/htdo...', 1886)
#1 /opt/lampp/htdocs/SportClubv1/vendor/codeigniter4/framework/system/Email/Email.php(1886): fsockopen('tls://smtp.goog...', 465, NULL, NULL, 60)
#2 /opt/lampp/htdocs/SportClubv1/vendor/codeigniter4/framework/system/Email/Email.php(1799): CodeIgniter\Email\Email->SMTPConnect()
#3 /opt/lampp/htdocs/SportClubv1/vendor/codeigniter4/framework/system/Email/Email.php(1684): CodeIgniter\Email\Email->sendWithSmtp()
#4 /opt/lampp/htdocs/SportClubv1/vendor/codeigniter4/framework/system/Email/Email.php(1578): CodeIgniter\Email\Email->spoolEmail()
#5 /opt/lampp/htdocs/SportClubv1/app/Controllers/MailController.php(38): CodeIgniter\Email\Email->send()
#6 /opt/lampp/htdocs/SportClubv1/vendor/codeigniter4/framework/system/CodeIgniter.php(942): App\Controllers\MailController->decline('31')
#7 /opt/lampp/htdocs/SportClubv1/vendor/codeigniter4/framework/system/CodeIgniter.php(502): CodeIgniter\CodeIgniter->runController(Object(App\Controllers\MailController))
#8 /opt/lampp/htdocs/SportClubv1/vendor/codeigniter4/framework/system/CodeIgniter.php(361): CodeIgniter\CodeIgniter->handleRequest(NULL, Object(Config\Cache), false)
#9 /opt/lampp/htdocs/SportClubv1/index.php(79): CodeIgniter\CodeIgniter->run()
#10 {main}
ERROR - 2023-12-02 22:46:46 --> Email: Unable to send email using SMTP. Your server might not be configured to send mail using this method.
ERROR - 2023-12-02 22:46:46 --> 
ERROR - 2023-12-02 22:47:02 --> Email: sendWithSmtp throwed ErrorException: fsockopen(): Unable to connect to tls://smtp.google.com:465 (Connection timed out) in /opt/lampp/htdocs/SportClubv1/vendor/codeigniter4/framework/system/Email/Email.php:1886
Stack trace:
#0 [internal function]: CodeIgniter\Debug\Exceptions->errorHandler(2, 'fsockopen(): Un...', '/opt/lampp/htdo...', 1886)
#1 /opt/lampp/htdocs/SportClubv1/vendor/codeigniter4/framework/system/Email/Email.php(1886): fsockopen('tls://smtp.goog...', 465, NULL, NULL, 60)
#2 /opt/lampp/htdocs/SportClubv1/vendor/codeigniter4/framework/system/Email/Email.php(1799): CodeIgniter\Email\Email->SMTPConnect()
#3 /opt/lampp/htdocs/SportClubv1/vendor/codeigniter4/framework/system/Email/Email.php(1684): CodeIgniter\Email\Email->sendWithSmtp()
#4 /opt/lampp/htdocs/SportClubv1/vendor/codeigniter4/framework/system/Email/Email.php(1578): CodeIgniter\Email\Email->spoolEmail()
#5 /opt/lampp/htdocs/SportClubv1/app/Controllers/MailController.php(38): CodeIgniter\Email\Email->send()
#6 /opt/lampp/htdocs/SportClubv1/vendor/codeigniter4/framework/system/CodeIgniter.php(942): App\Controllers\MailController->decline('31')
#7 /opt/lampp/htdocs/SportClubv1/vendor/codeigniter4/framework/system/CodeIgniter.php(502): CodeIgniter\CodeIgniter->runController(Object(App\Controllers\MailController))
#8 /opt/lampp/htdocs/SportClubv1/vendor/codeigniter4/framework/system/CodeIgniter.php(361): CodeIgniter\CodeIgniter->handleRequest(NULL, Object(Config\Cache), false)
#9 /opt/lampp/htdocs/SportClubv1/index.php(79): CodeIgniter\CodeIgniter->run()
#10 {main}
ERROR - 2023-12-02 22:47:02 --> Email: Unable to send email using SMTP. Your server might not be configured to send mail using this method.
ERROR - 2023-12-02 22:47:02 --> 
INFO - 2023-12-02 22:56:31 --> Session: Class initialized using 'CodeIgniter\Session\Handlers\FileHandler' driver.
INFO - 2023-12-02 22:56:32 --> Session: Class initialized using 'CodeIgniter\Session\Handlers\FileHandler' driver.
ERROR - 2023-12-02 22:58:35 --> Email: sendWithSmtp throwed ErrorException: fsockopen(): Unable to connect to tls://smtp.google.com:465 (Connection timed out) in /opt/lampp/htdocs/SportClubv1/vendor/codeigniter4/framework/system/Email/Email.php:1886
Stack trace:
#0 [internal function]: CodeIgniter\Debug\Exceptions->errorHandler(2, 'fsockopen(): Un...', '/opt/lampp/htdo...', 1886)
#1 /opt/lampp/htdocs/SportClubv1/vendor/codeigniter4/framework/system/Email/Email.php(1886): fsockopen('tls://smtp.goog...', 465, NULL, NULL, 60)
#2 /opt/lampp/htdocs/SportClubv1/vendor/codeigniter4/framework/system/Email/Email.php(1799): CodeIgniter\Email\Email->SMTPConnect()
#3 /opt/lampp/htdocs/SportClubv1/vendor/codeigniter4/framework/system/Email/Email.php(1684): CodeIgniter\Email\Email->sendWithSmtp()
#4 /opt/lampp/htdocs/SportClubv1/vendor/codeigniter4/framework/system/Email/Email.php(1578): CodeIgniter\Email\Email->spoolEmail()
#5 /opt/lampp/htdocs/SportClubv1/app/Controllers/MailController.php(38): CodeIgniter\Email\Email->send()
#6 /opt/lampp/htdocs/SportClubv1/vendor/codeigniter4/framework/system/CodeIgniter.php(942): App\Controllers\MailController->decline('31')
#7 /opt/lampp/htdocs/SportClubv1/vendor/codeigniter4/framework/system/CodeIgniter.php(502): CodeIgniter\CodeIgniter->runController(Object(App\Controllers\MailController))
#8 /opt/lampp/htdocs/SportClubv1/vendor/codeigniter4/framework/system/CodeIgniter.php(361): CodeIgniter\CodeIgniter->handleRequest(NULL, Object(Config\Cache), false)
#9 /opt/lampp/htdocs/SportClubv1/index.php(79): CodeIgniter\CodeIgniter->run()
#10 {main}
ERROR - 2023-12-02 22:58:35 --> Email: Unable to send email using SMTP. Your server might not be configured to send mail using this method.
ERROR - 2023-12-02 22:58:35 --> 
INFO - 2023-12-02 23:53:52 --> Session: Class initialized using 'CodeIgniter\Session\Handlers\FileHandler' driver.
ERROR - 2023-12-02 23:54:55 --> Email: sendWithSmtp throwed ErrorException: fsockopen(): Unable to connect to ssl://smtp.google.com:465 (Connection timed out) in /opt/lampp/htdocs/SportClubv1/vendor/codeigniter4/framework/system/Email/Email.php:1886
Stack trace:
#0 [internal function]: CodeIgniter\Debug\Exceptions->errorHandler(2, 'fsockopen(): Un...', '/opt/lampp/htdo...', 1886)
#1 /opt/lampp/htdocs/SportClubv1/vendor/codeigniter4/framework/system/Email/Email.php(1886): fsockopen('ssl://smtp.goog...', 465, NULL, NULL, 60)
#2 /opt/lampp/htdocs/SportClubv1/vendor/codeigniter4/framework/system/Email/Email.php(1799): CodeIgniter\Email\Email->SMTPConnect()
#3 /opt/lampp/htdocs/SportClubv1/vendor/codeigniter4/framework/system/Email/Email.php(1684): CodeIgniter\Email\Email->sendWithSmtp()
#4 /opt/lampp/htdocs/SportClubv1/vendor/codeigniter4/framework/system/Email/Email.php(1578): CodeIgniter\Email\Email->spoolEmail()
#5 /opt/lampp/htdocs/SportClubv1/app/Controllers/MailController.php(38): CodeIgniter\Email\Email->send()
#6 /opt/lampp/htdocs/SportClubv1/vendor/codeigniter4/framework/system/CodeIgniter.php(942): App\Controllers\MailController->decline('31')
#7 /opt/lampp/htdocs/SportClubv1/vendor/codeigniter4/framework/system/CodeIgniter.php(502): CodeIgniter\CodeIgniter->runController(Object(App\Controllers\MailController))
#8 /opt/lampp/htdocs/SportClubv1/vendor/codeigniter4/framework/system/CodeIgniter.php(361): CodeIgniter\CodeIgniter->handleRequest(NULL, Object(Config\Cache), false)
#9 /opt/lampp/htdocs/SportClubv1/index.php(79): CodeIgniter\CodeIgniter->run()
#10 {main}
ERROR - 2023-12-02 23:54:55 --> Email: Unable to send email using SMTP. Your server might not be configured to send mail using this method.
ERROR - 2023-12-02 23:54:55 --> 
ERROR - 2023-12-02 23:55:53 --> Email: sendWithSmtp throwed ErrorException: fsockopen(): Unable to connect to ssl://smtp.google.com:465 (Connection timed out) in /opt/lampp/htdocs/SportClubv1/vendor/codeigniter4/framework/system/Email/Email.php:1886
Stack trace:
#0 [internal function]: CodeIgniter\Debug\Exceptions->errorHandler(2, 'fsockopen(): Un...', '/opt/lampp/htdo...', 1886)
#1 /opt/lampp/htdocs/SportClubv1/vendor/codeigniter4/framework/system/Email/Email.php(1886): fsockopen('ssl://smtp.goog...', 465, NULL, NULL, 60)
#2 /opt/lampp/htdocs/SportClubv1/vendor/codeigniter4/framework/system/Email/Email.php(1799): CodeIgniter\Email\Email->SMTPConnect()
#3 /opt/lampp/htdocs/SportClubv1/vendor/codeigniter4/framework/system/Email/Email.php(1684): CodeIgniter\Email\Email->sendWithSmtp()
#4 /opt/lampp/htdocs/SportClubv1/vendor/codeigniter4/framework/system/Email/Email.php(1578): CodeIgniter\Email\Email->spoolEmail()
#5 /opt/lampp/htdocs/SportClubv1/app/Controllers/MailController.php(38): CodeIgniter\Email\Email->send()
#6 /opt/lampp/htdocs/SportClubv1/vendor/codeigniter4/framework/system/CodeIgniter.php(942): App\Controllers\MailController->decline('31')
#7 /opt/lampp/htdocs/SportClubv1/vendor/codeigniter4/framework/system/CodeIgniter.php(502): CodeIgniter\CodeIgniter->runController(Object(App\Controllers\MailController))
#8 /opt/lampp/htdocs/SportClubv1/vendor/codeigniter4/framework/system/CodeIgniter.php(361): CodeIgniter\CodeIgniter->handleRequest(NULL, Object(Config\Cache), false)
#9 /opt/lampp/htdocs/SportClubv1/index.php(79): CodeIgniter\CodeIgniter->run()
#10 {main}
ERROR - 2023-12-02 23:55:53 --> Email: Unable to send email using SMTP. Your server might not be configured to send mail using this method.
ERROR - 2023-12-02 23:55:53 --> 
INFO - 2023-12-02 23:59:39 --> Session: Class initialized using 'CodeIgniter\Session\Handlers\FileHandler' driver.
