CRITICAL - 2023-11-18 20:04:59 --> Cannot redeclare display_header() (previously declared in /home/mrb/Desktop/SportClub/app/Views/commun.php:5)
in APPPATH/Views/commun.php on line 5.
 1 [internal function]: CodeIgniter\Debug\Exceptions->shutdownHandler()
CRITICAL - 2023-11-18 20:53:20 --> Cannot redeclare display_header() (previously declared in /home/mrb/Desktop/SportClub/app/Views/commun.php:5)
in APPPATH/Views/commun.php on line 5.
 1 [internal function]: CodeIgniter\Debug\Exceptions->shutdownHandler()
CRITICAL - 2023-11-18 20:53:52 --> Cannot redeclare display_header() (previously declared in /home/mrb/Desktop/SportClub/app/Views/commun.php:5)
in APPPATH/Views/commun.php on line 5.
 1 [internal function]: CodeIgniter\Debug\Exceptions->shutdownHandler()
CRITICAL - 2023-11-18 20:53:53 --> Cannot redeclare display_header() (previously declared in /home/mrb/Desktop/SportClub/app/Views/commun.php:5)
in APPPATH/Views/commun.php on line 5.
 1 [internal function]: CodeIgniter\Debug\Exceptions->shutdownHandler()
CRITICAL - 2023-11-18 20:54:27 --> Cannot redeclare display_header() (previously declared in /home/mrb/Desktop/SportClub/app/Views/commun.php:5)
in APPPATH/Views/commun.php on line 5.
 1 [internal function]: CodeIgniter\Debug\Exceptions->shutdownHandler()
CRITICAL - 2023-11-18 20:55:11 --> Cannot redeclare display_header() (previously declared in /home/mrb/Desktop/SportClub/app/Views/commun.php:5)
in APPPATH/Views/commun.php on line 5.
 1 [internal function]: CodeIgniter\Debug\Exceptions->shutdownHandler()
CRITICAL - 2023-11-18 20:59:30 --> Call to undefined function display_header()
in APPPATH/Views/welcome.php on line 21.
 1 SYSTEMPATH/View/View.php(228): include()
 2 SYSTEMPATH/View/View.php(231): CodeIgniter\View\View->CodeIgniter\View\{closure}()
 3 SYSTEMPATH/Common.php(1190): CodeIgniter\View\View->render()
 4 APPPATH/Controllers/Home.php(9): view()
 5 SYSTEMPATH/CodeIgniter.php(942): App\Controllers\Home->index()
 6 SYSTEMPATH/CodeIgniter.php(502): CodeIgniter\CodeIgniter->runController()
 7 SYSTEMPATH/CodeIgniter.php(361): CodeIgniter\CodeIgniter->handleRequest()
 8 FCPATH/index.php(79): CodeIgniter\CodeIgniter->run()
 9 SYSTEMPATH/Commands/Server/rewrite.php(47): require_once('/home/mrb/Desktop/SportClub/public/index.php')
CRITICAL - 2023-11-18 20:59:56 --> Call to undefined function display_header()
in APPPATH/Views/welcome.php on line 22.
 1 SYSTEMPATH/View/View.php(228): include()
 2 SYSTEMPATH/View/View.php(231): CodeIgniter\View\View->CodeIgniter\View\{closure}()
 3 SYSTEMPATH/Common.php(1190): CodeIgniter\View\View->render()
 4 APPPATH/Controllers/Home.php(9): view()
 5 SYSTEMPATH/CodeIgniter.php(942): App\Controllers\Home->index()
 6 SYSTEMPATH/CodeIgniter.php(502): CodeIgniter\CodeIgniter->runController()
 7 SYSTEMPATH/CodeIgniter.php(361): CodeIgniter\CodeIgniter->handleRequest()
 8 FCPATH/index.php(79): CodeIgniter\CodeIgniter->run()
 9 SYSTEMPATH/Commands/Server/rewrite.php(47): require_once('/home/mrb/Desktop/SportClub/public/index.php')
CRITICAL - 2023-11-18 20:59:56 --> Call to undefined function display_header()
in APPPATH/Views/welcome.php on line 22.
 1 SYSTEMPATH/View/View.php(228): include()
 2 SYSTEMPATH/View/View.php(231): CodeIgniter\View\View->CodeIgniter\View\{closure}()
 3 SYSTEMPATH/Common.php(1190): CodeIgniter\View\View->render()
 4 APPPATH/Controllers/Home.php(9): view()
 5 SYSTEMPATH/CodeIgniter.php(942): App\Controllers\Home->index()
 6 SYSTEMPATH/CodeIgniter.php(502): CodeIgniter\CodeIgniter->runController()
 7 SYSTEMPATH/CodeIgniter.php(361): CodeIgniter\CodeIgniter->handleRequest()
 8 FCPATH/index.php(79): CodeIgniter\CodeIgniter->run()
 9 SYSTEMPATH/Commands/Server/rewrite.php(47): require_once('/home/mrb/Desktop/SportClub/public/index.php')
CRITICAL - 2023-11-18 20:59:57 --> Call to undefined function display_header()
in APPPATH/Views/welcome.php on line 22.
 1 SYSTEMPATH/View/View.php(228): include()
 2 SYSTEMPATH/View/View.php(231): CodeIgniter\View\View->CodeIgniter\View\{closure}()
 3 SYSTEMPATH/Common.php(1190): CodeIgniter\View\View->render()
 4 APPPATH/Controllers/Home.php(9): view()
 5 SYSTEMPATH/CodeIgniter.php(942): App\Controllers\Home->index()
 6 SYSTEMPATH/CodeIgniter.php(502): CodeIgniter\CodeIgniter->runController()
 7 SYSTEMPATH/CodeIgniter.php(361): CodeIgniter\CodeIgniter->handleRequest()
 8 FCPATH/index.php(79): CodeIgniter\CodeIgniter->run()
 9 SYSTEMPATH/Commands/Server/rewrite.php(47): require_once('/home/mrb/Desktop/SportClub/public/index.php')
CRITICAL - 2023-11-18 21:00:07 --> Call to undefined function display_header()
in APPPATH/Views/welcome.php on line 21.
 1 SYSTEMPATH/View/View.php(228): include()
 2 SYSTEMPATH/View/View.php(231): CodeIgniter\View\View->CodeIgniter\View\{closure}()
 3 SYSTEMPATH/Common.php(1190): CodeIgniter\View\View->render()
 4 APPPATH/Controllers/Home.php(9): view()
 5 SYSTEMPATH/CodeIgniter.php(942): App\Controllers\Home->index()
 6 SYSTEMPATH/CodeIgniter.php(502): CodeIgniter\CodeIgniter->runController()
 7 SYSTEMPATH/CodeIgniter.php(361): CodeIgniter\CodeIgniter->handleRequest()
 8 FCPATH/index.php(79): CodeIgniter\CodeIgniter->run()
 9 SYSTEMPATH/Commands/Server/rewrite.php(47): require_once('/home/mrb/Desktop/SportClub/public/index.php')
CRITICAL - 2023-11-18 21:00:08 --> Call to undefined function display_header()
in APPPATH/Views/welcome.php on line 21.
 1 SYSTEMPATH/View/View.php(228): include()
 2 SYSTEMPATH/View/View.php(231): CodeIgniter\View\View->CodeIgniter\View\{closure}()
 3 SYSTEMPATH/Common.php(1190): CodeIgniter\View\View->render()
 4 APPPATH/Controllers/Home.php(9): view()
 5 SYSTEMPATH/CodeIgniter.php(942): App\Controllers\Home->index()
 6 SYSTEMPATH/CodeIgniter.php(502): CodeIgniter\CodeIgniter->runController()
 7 SYSTEMPATH/CodeIgniter.php(361): CodeIgniter\CodeIgniter->handleRequest()
 8 FCPATH/index.php(79): CodeIgniter\CodeIgniter->run()
 9 SYSTEMPATH/Commands/Server/rewrite.php(47): require_once('/home/mrb/Desktop/SportClub/public/index.php')
CRITICAL - 2023-11-18 21:04:19 --> include(commun.php): Failed to open stream: No such file or directory
in APPPATH/Views/welcome.php on line 52.
 1 APPPATH/Views/welcome.php(52): CodeIgniter\Debug\Exceptions->errorHandler()
 2 APPPATH/Views/welcome.php(52): include()
 3 SYSTEMPATH/View/View.php(228): include('/home/mrb/Desktop/SportClub/app/Views/welcome.php')
 4 SYSTEMPATH/View/View.php(231): CodeIgniter\View\View->CodeIgniter\View\{closure}()
 5 SYSTEMPATH/Common.php(1190): CodeIgniter\View\View->render()
 6 APPPATH/Controllers/Home.php(9): view()
 7 SYSTEMPATH/CodeIgniter.php(942): App\Controllers\Home->index()
 8 SYSTEMPATH/CodeIgniter.php(502): CodeIgniter\CodeIgniter->runController()
 9 SYSTEMPATH/CodeIgniter.php(361): CodeIgniter\CodeIgniter->handleRequest()
10 FCPATH/index.php(79): CodeIgniter\CodeIgniter->run()
11 SYSTEMPATH/Commands/Server/rewrite.php(47): require_once('/home/mrb/Desktop/SportClub/public/index.php')
CRITICAL - 2023-11-18 21:04:34 --> include(commun.php): Failed to open stream: No such file or directory
in APPPATH/Views/welcome.php on line 52.
 1 APPPATH/Views/welcome.php(52): CodeIgniter\Debug\Exceptions->errorHandler()
 2 APPPATH/Views/welcome.php(52): include()
 3 SYSTEMPATH/View/View.php(228): include('/home/mrb/Desktop/SportClub/app/Views/welcome.php')
 4 SYSTEMPATH/View/View.php(231): CodeIgniter\View\View->CodeIgniter\View\{closure}()
 5 SYSTEMPATH/Common.php(1190): CodeIgniter\View\View->render()
 6 APPPATH/Controllers/Home.php(9): view()
 7 SYSTEMPATH/CodeIgniter.php(942): App\Controllers\Home->index()
 8 SYSTEMPATH/CodeIgniter.php(502): CodeIgniter\CodeIgniter->runController()
 9 SYSTEMPATH/CodeIgniter.php(361): CodeIgniter\CodeIgniter->handleRequest()
10 FCPATH/index.php(79): CodeIgniter\CodeIgniter->run()
11 SYSTEMPATH/Commands/Server/rewrite.php(47): require_once('/home/mrb/Desktop/SportClub/public/index.php')
CRITICAL - 2023-11-18 21:04:35 --> include(commun.php): Failed to open stream: No such file or directory
in APPPATH/Views/welcome.php on line 52.
 1 APPPATH/Views/welcome.php(52): CodeIgniter\Debug\Exceptions->errorHandler()
 2 APPPATH/Views/welcome.php(52): include()
 3 SYSTEMPATH/View/View.php(228): include('/home/mrb/Desktop/SportClub/app/Views/welcome.php')
 4 SYSTEMPATH/View/View.php(231): CodeIgniter\View\View->CodeIgniter\View\{closure}()
 5 SYSTEMPATH/Common.php(1190): CodeIgniter\View\View->render()
 6 APPPATH/Controllers/Home.php(9): view()
 7 SYSTEMPATH/CodeIgniter.php(942): App\Controllers\Home->index()
 8 SYSTEMPATH/CodeIgniter.php(502): CodeIgniter\CodeIgniter->runController()
 9 SYSTEMPATH/CodeIgniter.php(361): CodeIgniter\CodeIgniter->handleRequest()
10 FCPATH/index.php(79): CodeIgniter\CodeIgniter->run()
11 SYSTEMPATH/Commands/Server/rewrite.php(47): require_once('/home/mrb/Desktop/SportClub/public/index.php')
CRITICAL - 2023-11-18 21:04:35 --> include(commun.php): Failed to open stream: No such file or directory
in APPPATH/Views/welcome.php on line 52.
 1 APPPATH/Views/welcome.php(52): CodeIgniter\Debug\Exceptions->errorHandler()
 2 APPPATH/Views/welcome.php(52): include()
 3 SYSTEMPATH/View/View.php(228): include('/home/mrb/Desktop/SportClub/app/Views/welcome.php')
 4 SYSTEMPATH/View/View.php(231): CodeIgniter\View\View->CodeIgniter\View\{closure}()
 5 SYSTEMPATH/Common.php(1190): CodeIgniter\View\View->render()
 6 APPPATH/Controllers/Home.php(9): view()
 7 SYSTEMPATH/CodeIgniter.php(942): App\Controllers\Home->index()
 8 SYSTEMPATH/CodeIgniter.php(502): CodeIgniter\CodeIgniter->runController()
 9 SYSTEMPATH/CodeIgniter.php(361): CodeIgniter\CodeIgniter->handleRequest()
10 FCPATH/index.php(79): CodeIgniter\CodeIgniter->run()
11 SYSTEMPATH/Commands/Server/rewrite.php(47): require_once('/home/mrb/Desktop/SportClub/public/index.php')
CRITICAL - 2023-11-18 21:04:36 --> include(commun.php): Failed to open stream: No such file or directory
in APPPATH/Views/welcome.php on line 52.
 1 APPPATH/Views/welcome.php(52): CodeIgniter\Debug\Exceptions->errorHandler()
 2 APPPATH/Views/welcome.php(52): include()
 3 SYSTEMPATH/View/View.php(228): include('/home/mrb/Desktop/SportClub/app/Views/welcome.php')
 4 SYSTEMPATH/View/View.php(231): CodeIgniter\View\View->CodeIgniter\View\{closure}()
 5 SYSTEMPATH/Common.php(1190): CodeIgniter\View\View->render()
 6 APPPATH/Controllers/Home.php(9): view()
 7 SYSTEMPATH/CodeIgniter.php(942): App\Controllers\Home->index()
 8 SYSTEMPATH/CodeIgniter.php(502): CodeIgniter\CodeIgniter->runController()
 9 SYSTEMPATH/CodeIgniter.php(361): CodeIgniter\CodeIgniter->handleRequest()
10 FCPATH/index.php(79): CodeIgniter\CodeIgniter->run()
11 SYSTEMPATH/Commands/Server/rewrite.php(47): require_once('/home/mrb/Desktop/SportClub/public/index.php')
CRITICAL - 2023-11-18 21:04:36 --> include(commun.php): Failed to open stream: No such file or directory
in APPPATH/Views/welcome.php on line 52.
 1 APPPATH/Views/welcome.php(52): CodeIgniter\Debug\Exceptions->errorHandler()
 2 APPPATH/Views/welcome.php(52): include()
 3 SYSTEMPATH/View/View.php(228): include('/home/mrb/Desktop/SportClub/app/Views/welcome.php')
 4 SYSTEMPATH/View/View.php(231): CodeIgniter\View\View->CodeIgniter\View\{closure}()
 5 SYSTEMPATH/Common.php(1190): CodeIgniter\View\View->render()
 6 APPPATH/Controllers/Home.php(9): view()
 7 SYSTEMPATH/CodeIgniter.php(942): App\Controllers\Home->index()
 8 SYSTEMPATH/CodeIgniter.php(502): CodeIgniter\CodeIgniter->runController()
 9 SYSTEMPATH/CodeIgniter.php(361): CodeIgniter\CodeIgniter->handleRequest()
10 FCPATH/index.php(79): CodeIgniter\CodeIgniter->run()
11 SYSTEMPATH/Commands/Server/rewrite.php(47): require_once('/home/mrb/Desktop/SportClub/public/index.php')
CRITICAL - 2023-11-18 21:04:37 --> include(commun.php): Failed to open stream: No such file or directory
in APPPATH/Views/welcome.php on line 52.
 1 APPPATH/Views/welcome.php(52): CodeIgniter\Debug\Exceptions->errorHandler()
 2 APPPATH/Views/welcome.php(52): include()
 3 SYSTEMPATH/View/View.php(228): include('/home/mrb/Desktop/SportClub/app/Views/welcome.php')
 4 SYSTEMPATH/View/View.php(231): CodeIgniter\View\View->CodeIgniter\View\{closure}()
 5 SYSTEMPATH/Common.php(1190): CodeIgniter\View\View->render()
 6 APPPATH/Controllers/Home.php(9): view()
 7 SYSTEMPATH/CodeIgniter.php(942): App\Controllers\Home->index()
 8 SYSTEMPATH/CodeIgniter.php(502): CodeIgniter\CodeIgniter->runController()
 9 SYSTEMPATH/CodeIgniter.php(361): CodeIgniter\CodeIgniter->handleRequest()
10 FCPATH/index.php(79): CodeIgniter\CodeIgniter->run()
11 SYSTEMPATH/Commands/Server/rewrite.php(47): require_once('/home/mrb/Desktop/SportClub/public/index.php')
CRITICAL - 2023-11-18 21:04:37 --> include(commun.php): Failed to open stream: No such file or directory
in APPPATH/Views/welcome.php on line 52.
 1 APPPATH/Views/welcome.php(52): CodeIgniter\Debug\Exceptions->errorHandler()
 2 APPPATH/Views/welcome.php(52): include()
 3 SYSTEMPATH/View/View.php(228): include('/home/mrb/Desktop/SportClub/app/Views/welcome.php')
 4 SYSTEMPATH/View/View.php(231): CodeIgniter\View\View->CodeIgniter\View\{closure}()
 5 SYSTEMPATH/Common.php(1190): CodeIgniter\View\View->render()
 6 APPPATH/Controllers/Home.php(9): view()
 7 SYSTEMPATH/CodeIgniter.php(942): App\Controllers\Home->index()
 8 SYSTEMPATH/CodeIgniter.php(502): CodeIgniter\CodeIgniter->runController()
 9 SYSTEMPATH/CodeIgniter.php(361): CodeIgniter\CodeIgniter->handleRequest()
10 FCPATH/index.php(79): CodeIgniter\CodeIgniter->run()
11 SYSTEMPATH/Commands/Server/rewrite.php(47): require_once('/home/mrb/Desktop/SportClub/public/index.php')
CRITICAL - 2023-11-18 21:04:52 --> include(Common.php): Failed to open stream: No such file or directory
in APPPATH/Views/welcome.php on line 52.
 1 APPPATH/Views/welcome.php(52): CodeIgniter\Debug\Exceptions->errorHandler()
 2 APPPATH/Views/welcome.php(52): include()
 3 SYSTEMPATH/View/View.php(228): include('/home/mrb/Desktop/SportClub/app/Views/welcome.php')
 4 SYSTEMPATH/View/View.php(231): CodeIgniter\View\View->CodeIgniter\View\{closure}()
 5 SYSTEMPATH/Common.php(1190): CodeIgniter\View\View->render()
 6 APPPATH/Controllers/Home.php(9): view()
 7 SYSTEMPATH/CodeIgniter.php(942): App\Controllers\Home->index()
 8 SYSTEMPATH/CodeIgniter.php(502): CodeIgniter\CodeIgniter->runController()
 9 SYSTEMPATH/CodeIgniter.php(361): CodeIgniter\CodeIgniter->handleRequest()
10 FCPATH/index.php(79): CodeIgniter\CodeIgniter->run()
11 SYSTEMPATH/Commands/Server/rewrite.php(47): require_once('/home/mrb/Desktop/SportClub/public/index.php')
CRITICAL - 2023-11-18 21:04:53 --> include(Common.php): Failed to open stream: No such file or directory
in APPPATH/Views/welcome.php on line 52.
 1 APPPATH/Views/welcome.php(52): CodeIgniter\Debug\Exceptions->errorHandler()
 2 APPPATH/Views/welcome.php(52): include()
 3 SYSTEMPATH/View/View.php(228): include('/home/mrb/Desktop/SportClub/app/Views/welcome.php')
 4 SYSTEMPATH/View/View.php(231): CodeIgniter\View\View->CodeIgniter\View\{closure}()
 5 SYSTEMPATH/Common.php(1190): CodeIgniter\View\View->render()
 6 APPPATH/Controllers/Home.php(9): view()
 7 SYSTEMPATH/CodeIgniter.php(942): App\Controllers\Home->index()
 8 SYSTEMPATH/CodeIgniter.php(502): CodeIgniter\CodeIgniter->runController()
 9 SYSTEMPATH/CodeIgniter.php(361): CodeIgniter\CodeIgniter->handleRequest()
10 FCPATH/index.php(79): CodeIgniter\CodeIgniter->run()
11 SYSTEMPATH/Commands/Server/rewrite.php(47): require_once('/home/mrb/Desktop/SportClub/public/index.php')
CRITICAL - 2023-11-18 21:04:53 --> include(Common.php): Failed to open stream: No such file or directory
in APPPATH/Views/welcome.php on line 52.
 1 APPPATH/Views/welcome.php(52): CodeIgniter\Debug\Exceptions->errorHandler()
 2 APPPATH/Views/welcome.php(52): include()
 3 SYSTEMPATH/View/View.php(228): include('/home/mrb/Desktop/SportClub/app/Views/welcome.php')
 4 SYSTEMPATH/View/View.php(231): CodeIgniter\View\View->CodeIgniter\View\{closure}()
 5 SYSTEMPATH/Common.php(1190): CodeIgniter\View\View->render()
 6 APPPATH/Controllers/Home.php(9): view()
 7 SYSTEMPATH/CodeIgniter.php(942): App\Controllers\Home->index()
 8 SYSTEMPATH/CodeIgniter.php(502): CodeIgniter\CodeIgniter->runController()
 9 SYSTEMPATH/CodeIgniter.php(361): CodeIgniter\CodeIgniter->handleRequest()
10 FCPATH/index.php(79): CodeIgniter\CodeIgniter->run()
11 SYSTEMPATH/Commands/Server/rewrite.php(47): require_once('/home/mrb/Desktop/SportClub/public/index.php')
CRITICAL - 2023-11-18 21:04:54 --> include(Common.php): Failed to open stream: No such file or directory
in APPPATH/Views/welcome.php on line 52.
 1 APPPATH/Views/welcome.php(52): CodeIgniter\Debug\Exceptions->errorHandler()
 2 APPPATH/Views/welcome.php(52): include()
 3 SYSTEMPATH/View/View.php(228): include('/home/mrb/Desktop/SportClub/app/Views/welcome.php')
 4 SYSTEMPATH/View/View.php(231): CodeIgniter\View\View->CodeIgniter\View\{closure}()
 5 SYSTEMPATH/Common.php(1190): CodeIgniter\View\View->render()
 6 APPPATH/Controllers/Home.php(9): view()
 7 SYSTEMPATH/CodeIgniter.php(942): App\Controllers\Home->index()
 8 SYSTEMPATH/CodeIgniter.php(502): CodeIgniter\CodeIgniter->runController()
 9 SYSTEMPATH/CodeIgniter.php(361): CodeIgniter\CodeIgniter->handleRequest()
10 FCPATH/index.php(79): CodeIgniter\CodeIgniter->run()
11 SYSTEMPATH/Commands/Server/rewrite.php(47): require_once('/home/mrb/Desktop/SportClub/public/index.php')
CRITICAL - 2023-11-18 21:07:20 --> include(Common.php): Failed to open stream: No such file or directory
in APPPATH/Views/welcome.php on line 52.
 1 APPPATH/Views/welcome.php(52): CodeIgniter\Debug\Exceptions->errorHandler()
 2 APPPATH/Views/welcome.php(52): include()
 3 SYSTEMPATH/View/View.php(228): include('/home/mrb/Desktop/SportClub/app/Views/welcome.php')
 4 SYSTEMPATH/View/View.php(231): CodeIgniter\View\View->CodeIgniter\View\{closure}()
 5 SYSTEMPATH/Common.php(1190): CodeIgniter\View\View->render()
 6 APPPATH/Controllers/Home.php(9): view()
 7 SYSTEMPATH/CodeIgniter.php(942): App\Controllers\Home->index()
 8 SYSTEMPATH/CodeIgniter.php(502): CodeIgniter\CodeIgniter->runController()
 9 SYSTEMPATH/CodeIgniter.php(361): CodeIgniter\CodeIgniter->handleRequest()
10 FCPATH/index.php(79): CodeIgniter\CodeIgniter->run()
11 SYSTEMPATH/Commands/Server/rewrite.php(47): require_once('/home/mrb/Desktop/SportClub/public/index.php')
CRITICAL - 2023-11-18 21:13:49 --> Undefined property: CodeIgniter\View\View::$common_lib
in APPPATH/Views/welcome.php on line 22.
 1 APPPATH/Views/welcome.php(22): CodeIgniter\Debug\Exceptions->errorHandler()
 2 SYSTEMPATH/View/View.php(228): include('/home/mrb/Desktop/SportClub/app/Views/welcome.php')
 3 SYSTEMPATH/View/View.php(231): CodeIgniter\View\View->CodeIgniter\View\{closure}()
 4 SYSTEMPATH/Common.php(1190): CodeIgniter\View\View->render()
 5 APPPATH/Controllers/Home.php(10): view()
 6 SYSTEMPATH/CodeIgniter.php(942): App\Controllers\Home->index()
 7 SYSTEMPATH/CodeIgniter.php(502): CodeIgniter\CodeIgniter->runController()
 8 SYSTEMPATH/CodeIgniter.php(361): CodeIgniter\CodeIgniter->handleRequest()
 9 FCPATH/index.php(79): CodeIgniter\CodeIgniter->run()
10 SYSTEMPATH/Commands/Server/rewrite.php(47): require_once('/home/mrb/Desktop/SportClub/public/index.php')
CRITICAL - 2023-11-18 21:13:54 --> Undefined property: CodeIgniter\View\View::$common_lib
in APPPATH/Views/welcome.php on line 22.
 1 APPPATH/Views/welcome.php(22): CodeIgniter\Debug\Exceptions->errorHandler()
 2 SYSTEMPATH/View/View.php(228): include('/home/mrb/Desktop/SportClub/app/Views/welcome.php')
 3 SYSTEMPATH/View/View.php(231): CodeIgniter\View\View->CodeIgniter\View\{closure}()
 4 SYSTEMPATH/Common.php(1190): CodeIgniter\View\View->render()
 5 APPPATH/Controllers/Home.php(10): view()
 6 SYSTEMPATH/CodeIgniter.php(942): App\Controllers\Home->index()
 7 SYSTEMPATH/CodeIgniter.php(502): CodeIgniter\CodeIgniter->runController()
 8 SYSTEMPATH/CodeIgniter.php(361): CodeIgniter\CodeIgniter->handleRequest()
 9 FCPATH/index.php(79): CodeIgniter\CodeIgniter->run()
10 SYSTEMPATH/Commands/Server/rewrite.php(47): require_once('/home/mrb/Desktop/SportClub/public/index.php')
CRITICAL - 2023-11-18 21:24:45 --> Undefined property: CodeIgniter\View\View::$common_lib
in APPPATH/Views/welcome.php on line 50.
 1 APPPATH/Views/welcome.php(50): CodeIgniter\Debug\Exceptions->errorHandler()
 2 SYSTEMPATH/View/View.php(228): include('/home/mrb/Desktop/SportClub/app/Views/welcome.php')
 3 SYSTEMPATH/View/View.php(231): CodeIgniter\View\View->CodeIgniter\View\{closure}()
 4 SYSTEMPATH/Common.php(1190): CodeIgniter\View\View->render()
 5 APPPATH/Controllers/Home.php(11): view()
 6 SYSTEMPATH/CodeIgniter.php(942): App\Controllers\Home->index()
 7 SYSTEMPATH/CodeIgniter.php(502): CodeIgniter\CodeIgniter->runController()
 8 SYSTEMPATH/CodeIgniter.php(361): CodeIgniter\CodeIgniter->handleRequest()
 9 FCPATH/index.php(79): CodeIgniter\CodeIgniter->run()
10 SYSTEMPATH/Commands/Server/rewrite.php(47): require_once('/home/mrb/Desktop/SportClub/public/index.php')
